# Parameters
## Input file = datasets/hiva.arff.1.0.out.arff
## Output file = datasets/hiva.arff.1.0.out.arff.0.8.out.arff
## Threshold = 0.8
## Level of detail of log = hi

# Run-time
## Creating a dataset object = 278 msec.
## Selecting features = 779 msec.

# Selected features
'attr677 'attr1349 'attr1240 'attr396 'attr367 'attr913 'attr559 'attr939 'attr1131 'attr816 'attr235 'attr609 'attr1241 'attr1051 'attr1375 'attr372 'attr863 'attr238 'attr331 'attr1074 'attr432 'attr419 'attr534 'attr1367 'attr369 'attr1376 'attr395

# Statistics
## Number of instances = 3845
## Number of features = 44
## H(C) = 0.2194
## H(Entire) = 11.5283
## H(Entire, C) = 11.5288
## I(Entire; C) = 0.2189
## H(Selected) = 9.8491
## H(Selected, C) = 9.8931
## I(Selected; C) = 0.1754
## H(Selected | C) = 9.6736
## mu_H = 0.0348
## mu_G = 0.1195
## Entropy of features
0:0.6995 1:0.6537 2:0.4561 3:0.3288 4:0.9562 5:0.1113 6:0.8524 7:0.9913 8:0.4259 9:0.2636 10:0.9649 11:0.3163 12:0.4080 13:0.1144 14:0.1430 15:0.0430 16:0.1503 17:0.8365 18:0.2624 19:0.2030 20:0.5313 21:0.9854 22:0.4735 23:0.9999 24:0.0658 25:0.5779 26:0.5298 27:0.9598 28:0.7125 29:0.6946 30:0.8016 31:0.5604 32:0.8087 33:0.2256 34:0.4433 35:0.6067 36:0.8824 37:0.6222 38:0.9060 39:0.9998 40:0.6416 41:0.9996 42:0.9306

## Entropy of features and labels
0:0.9180 1:0.8722 2:0.6743 3:0.5469 4:1.1722 5:0.3297 6:1.0696 7:1.2085 8:0.6443 9:0.4797 10:1.1799 11:0.5332 12:0.6256 13:0.3299 14:0.3561 15:0.2542 16:0.3651 17:1.0535 18:0.4809 19:0.4219 20:0.7476 21:1.2014 22:0.6910 23:1.2173 24:0.2784 25:0.7961 26:0.7464 27:1.1760 28:0.9275 29:0.9075 30:1.0163 31:0.7767 32:1.0254 33:0.4360 34:0.6591 35:0.8228 36:1.0989 37:0.8339 38:1.1226 39:1.2176 40:0.8571 41:1.2166 42:1.1487

