# Parameters
## Input file = datasets/hiva.arff.0.7.out.arff
## Output file = datasets/hiva.arff.0.7.out.arff.1.0.out.arff
## Threshold = 1.0
## Level of detail of log = hi

# Run-time
## Creating a dataset object = 229 msec.
## Selecting features = 1345 msec.

# Selected features
'attr1241 'attr240 'attr346 'attr1367 'attr1129 'attr165 'attr221 'attr468 'attr1231 'attr1200 'attr194 'attr135 'attr562 'attr1338 'attr164 'attr807 'attr14 'attr1167 'attr268 'attr751 'attr295 'attr1131 'attr1463 'attr423 'attr631 'attr604 'attr906 'attr810 'attr1110 'attr645 'attr280 'attr1441 'attr1155 'attr536 'attr182 'attr253 'attr1229 'attr1123 'attr968 'attr366 'attr1296 'attr1314 'attr952 'attr147 'attr276 'attr1589 'attr1245 'attr929 'attr1 'attr163 'attr778 'attr9 'attr1009 'attr992 'attr1116 'attr1370 'attr432 'attr54 'attr816 'attr100 'attr67 'attr246 'attr882 'attr412 'attr1460 'attr744 'attr837 'attr805 'attr1401 'attr1074 'attr148

# Statistics
## Number of instances = 3845
## Number of features = 72
## H(C) = 0.2194
## H(Entire) = 6.9811
## H(Entire, C) = 7.0472
## I(Entire; C) = 0.1532
## H(Selected) = 6.9811
## H(Selected, C) = 7.0472
## I(Selected; C) = 0.1532
## H(Selected | C) = 6.8278
## mu_H = 0.0430
## mu_G = 0.1481
## Entropy of features
0:0.2636 1:0.2905 2:0.2761 3:0.6946 4:0.4312 5:0.3215 6:0.0585 7:0.1175 8:0.1267 9:0.1297 10:0.1342 11:0.1372 12:0.2613 13:0.1630 14:0.0748 15:0.2461 16:0.2305 17:0.0935 18:0.0885 19:0.1144 20:0.2496 21:0.1144 22:0.2485 23:0.1913 24:0.1685 25:0.1474 26:0.1874 27:0.1712 28:0.1503 29:0.0528 30:0.0368 31:0.0566 32:0.1503 33:0.1144 34:0.4134 35:0.0730 36:0.4416 37:0.4519 38:0.1926 39:0.3580 40:0.3868 41:0.1342 42:0.1616 43:0.1712 44:0.2219 45:0.2872 46:0.4044 47:0.4206 48:0.1175 49:0.2613 50:0.3580 51:0.1206 52:0.5394 53:0.4889 54:0.0852 55:0.2365 56:0.2256 57:0.0730 58:0.0430 59:0.0919 60:0.2043 61:0.1144 62:0.5674 63:0.7418 64:0.4808 65:0.4719 66:0.5540 67:0.3629 68:0.3802 69:0.6222 70:0.1017

## Entropy of features and labels
0:0.4797 1:0.5064 2:0.4921 3:0.9075 4:0.6463 5:0.5373 6:0.2761 7:0.3338 8:0.3427 9:0.3458 10:0.3484 11:0.3499 12:0.4763 13:0.3789 14:0.2915 15:0.4612 16:0.4467 17:0.3103 18:0.3058 19:0.3292 20:0.4654 21:0.3299 22:0.4642 23:0.4058 24:0.3820 25:0.3607 26:0.4035 27:0.3874 28:0.3629 29:0.2693 30:0.2543 31:0.2725 32:0.3651 33:0.3306 34:0.6280 35:0.2881 36:0.6556 37:0.6653 38:0.4004 39:0.5724 40:0.5995 41:0.3491 42:0.3780 43:0.3874 44:0.4356 45:0.5020 46:0.6156 47:0.6354 48:0.3282 49:0.4706 50:0.5672 51:0.3220 52:0.7519 53:0.7000 54:0.2973 55:0.4475 56:0.4360 57:0.2889 58:0.2542 59:0.3071 60:0.4144 61:0.3299 62:0.7799 63:0.9551 64:0.6922 65:0.6829 66:0.7645 67:0.5730 68:0.5947 69:0.8339 70:0.3166

