# Parameters
## Input file = datasets/hiva.arff.0.5.out.arff
## Output file = datasets/hiva.arff.0.5.out.arff.0.9.out.arff
## Threshold = 0.9
## Level of detail of log = hi

# Run-time
## Creating a dataset object = 202 msec.
## Selecting features = 536 msec.

# Selected features
'attr645 'attr710 'attr751 'attr54 'attr1441 'attr805 'attr839 'attr557 'attr1264 'attr1514 'attr100 'attr1056 'attr816 'attr604 'attr631 'attr580 'attr10 'attr135 'attr194 'attr667 'attr778 'attr1051 'attr991 'attr67 'attr1395 'attr460 'attr163 'attr253 'attr442 'attr1245 'attr968 'attr1510 'attr272 'attr1370 'attr1116 'attr432 'attr9 'attr1258 'attr1

# Statistics
## Number of instances = 3845
## Number of features = 53
## H(C) = 0.2194
## H(Entire) = 3.9356
## H(Entire, C) = 4.0456
## I(Entire; C) = 0.1094
## H(Selected) = 3.0384
## H(Selected, C) = 3.1593
## I(Selected; C) = 0.0986
## H(Selected | C) = 2.9399
## mu_H = 0.0626
## mu_G = 0.1709
## Entropy of features
0:0.3868 1:0.0566 2:0.2219 3:0.3629 4:0.4719 5:0.0430 6:0.0528 7:0.0305 8:0.1144 9:0.1017 10:0.0566 11:0.1445 12:0.1033 13:0.1017 14:0.0368 15:0.1726 16:0.0489 17:0.0261 18:0.1342 19:0.1372 20:0.2613 21:0.0658 22:0.4952 23:0.4735 24:0.3580 25:0.1913 26:0.1807 27:0.1503 28:0.1474 29:0.1685 30:0.1588 31:0.1144 32:0.1416 33:0.0730 34:0.0730 35:0.0919 36:0.2043 37:0.0935 38:0.0603 39:0.0430 40:0.2532 41:0.2960 42:0.4044 43:0.1926 44:0.1503 45:0.0852 46:0.2365 47:0.2256 48:0.1206 49:0.1175 50:0.5540 51:0.0622

## Entropy of features and labels
0:0.5995 1:0.2725 2:0.4356 3:0.5730 4:0.6829 5:0.2589 6:0.2693 7:0.2476 8:0.3299 9:0.3158 10:0.2725 11:0.3598 12:0.3175 13:0.3166 14:0.2512 15:0.3870 16:0.2652 17:0.2417 18:0.3484 19:0.3499 20:0.4706 21:0.2784 22:0.7066 23:0.6841 24:0.5672 25:0.4058 26:0.3947 27:0.3637 28:0.3607 29:0.3820 30:0.3718 31:0.3292 32:0.3493 33:0.2881 34:0.2889 35:0.3071 36:0.4144 37:0.3080 38:0.2745 39:0.2542 40:0.4656 41:0.5082 42:0.6156 43:0.4004 44:0.3651 45:0.2973 46:0.4475 47:0.4360 48:0.3220 49:0.3282 50:0.7645 51:0.2765

