# Parameters
## Input file = datasets/hiva.arff.0.9.out.arff
## Output file = datasets/hiva.arff.0.9.out.arff.0.5.out.arff
## Threshold = 0.5
## Level of detail of log = hi

# Run-time
## Creating a dataset object = 262 msec.
## Selecting features = 637 msec.

# Selected features
'attr1241 'attr1367 'attr165 'attr204 'attr1123 'attr562 'attr83 'attr1511 'attr973 'attr1231 'attr468 'attr276 'attr1200 'attr135 'attr412 'attr1463 'attr1167 'attr906 'attr182 'attr1514 'attr1110 'attr67 'attr882 'attr1009 'attr778 'attr1074 'attr837

# Statistics
## Number of instances = 3845
## Number of features = 64
## H(C) = 0.2194
## H(Entire) = 10.3114
## H(Entire, C) = 10.3338
## I(Entire; C) = 0.1970
## H(Selected) = 5.3538
## H(Selected, C) = 5.4747
## I(Selected; C) = 0.0985
## H(Selected | C) = 5.2553
## mu_H = 0.0355
## mu_G = 0.0959
## Entropy of features
0:0.7569 1:0.5604 2:0.6416 3:0.1952 4:0.8177 5:0.4544 6:0.2496 7:0.9649 8:0.2636 9:0.1401 10:0.3570 11:0.2485 12:0.0919 13:0.1488 14:0.1874 15:0.1991 16:0.0935 17:0.2449 18:0.0622 19:0.0783 20:0.1474 21:0.0640 22:0.0968 23:0.1175 24:0.1387 25:0.1267 26:0.1297 27:0.1834 28:0.1372 29:0.2817 30:0.2219 31:0.2194 32:0.2543 33:0.2043 34:0.3440 35:0.3215 36:0.3764 37:0.1488 38:0.3840 39:0.1503 40:0.1807 41:0.2613 42:0.3580 43:0.2693 44:0.3461 45:0.3319 46:0.4519 47:0.4433 48:0.5394 49:0.5674 50:0.5988 51:0.3802 52:0.7183 53:0.6946 54:0.6685 55:0.4134 56:0.7418 57:0.8016 58:0.7125 59:0.6222 60:0.7393 61:0.5540 62:0.5874

## Entropy of features and labels
0:0.9728 1:0.7767 2:0.8571 3:0.4121 4:1.0326 5:0.6709 6:0.4668 7:1.1799 8:0.4797 9:0.3576 10:0.5740 11:0.4642 12:0.3098 13:0.3660 14:0.4035 15:0.4161 16:0.3103 17:0.4620 18:0.2792 19:0.2959 20:0.3646 21:0.2811 22:0.3130 23:0.3338 24:0.3561 25:0.3427 26:0.3458 27:0.4004 28:0.3499 29:0.4983 30:0.4356 31:0.4363 32:0.4707 33:0.4144 34:0.5603 35:0.5373 36:0.5930 37:0.3660 38:0.5999 39:0.3629 40:0.3947 41:0.4763 42:0.5672 43:0.4856 44:0.5624 45:0.5483 46:0.6653 47:0.6591 48:0.7519 49:0.7799 50:0.8143 51:0.5965 52:0.9331 53:0.9075 54:0.8834 55:0.6280 56:0.9551 57:1.0163 58:0.9275 59:0.8339 60:0.9544 61:0.7645 62:0.8030

