# Parameters
## Input file = datasets/dexter-10-disc.arff.0.7.out.arff
## Output file = datasets/dexter-10-disc.arff.0.7.out.arff.0.6.out.arff
## Threshold = 0.6
## Level of detail of log = hi

# Run-time
## Creating a dataset object = 176 msec.
## Selecting features = 60 msec.

# Selected features
'attr4308 'attr15798 'attr12916

# Statistics
## Number of instances = 300
## Number of features = 9
## H(C) = 1.0000
## H(Entire) = 6.2514
## H(Entire, C) = 6.5468
## I(Entire; C) = 0.7046
## H(Selected) = 3.5633
## H(Selected, C) = 4.1018
## I(Selected; C) = 0.4615
## H(Selected | C) = 3.1018
## mu_H = 0.2163
## mu_G = 0.2912
## Entropy of features
0:1.0760 1:0.9278 2:0.7960 3:2.0601 4:1.1827 5:0.9193 6:0.8048 7:1.4179

## Entropy of features and labels
0:1.9644 1:1.8241 2:1.6837 3:2.8222 4:1.9874 5:1.7711 6:1.6850 7:2.2879

