# Parameters
## Input file = datasets/dexter-10-disc.arff.0.6.out.arff
## Output file = datasets/dexter-10-disc.arff.0.6.out.arff.0.7.out.arff
## Threshold = 0.7
## Level of detail of log = hi

# Run-time
## Creating a dataset object = 186 msec.
## Selecting features = 64 msec.

# Selected features
'attr4308 'attr15798 'attr12916

# Statistics
## Number of instances = 300
## Number of features = 7
## H(C) = 1.0000
## H(Entire) = 5.4726
## H(Entire, C) = 5.8675
## I(Entire; C) = 0.6051
## H(Selected) = 3.5633
## H(Selected, C) = 4.1018
## I(Selected; C) = 0.4615
## H(Selected | C) = 3.1018
## mu_H = 0.2214
## mu_G = 0.3143
## Entropy of features
0:1.4179 1:0.7960 2:2.0601 3:1.1827 4:0.9193 5:0.8048

## Entropy of features and labels
0:2.2879 1:1.6837 2:2.8222 3:1.9874 4:1.7711 5:1.6850

