# Parameters
## Input file = datasets/dexter-10-disc.arff.0.9.out.arff
## Output file = datasets/dexter-10-disc.arff.0.9.out.arff.0.5.out.arff
## Threshold = 0.5
## Level of detail of log = hi

# Run-time
## Creating a dataset object = 194 msec.
## Selecting features = 65 msec.

# Selected features
'attr4308 'attr15798 'attr12916

# Statistics
## Number of instances = 300
## Number of features = 19
## H(C) = 1.0000
## H(Entire) = 7.6142
## H(Entire, C) = 7.7136
## I(Entire; C) = 0.9006
## H(Selected) = 3.5633
## H(Selected, C) = 4.1018
## I(Selected; C) = 0.4615
## H(Selected | C) = 3.1018
## mu_H = 0.2068
## mu_G = 0.2576
## Entropy of features
0:0.4448 1:1.5506 2:0.4979 3:0.7733 4:0.4742 5:0.7960 6:0.9140 7:1.0760 8:0.9193 9:1.1389 10:0.9278 11:1.1462 12:0.9361 13:1.1827 14:1.1747 15:0.8048 16:2.0601 17:1.4179

## Entropy of features and labels
0:1.3857 1:2.4380 2:1.4314 3:1.6803 4:1.4041 5:1.6837 6:1.8170 7:1.9644 8:1.7711 9:2.0407 10:1.8241 11:2.0458 12:1.7879 13:1.9874 14:2.0760 15:1.6850 16:2.8222 17:2.2879

