# Parameters
## Input file = datasets/dexter-10-disc.arff.0.7.out.arff
## Output file = datasets/dexter-10-disc.arff.0.7.out.arff.0.5.out.arff
## Threshold = 0.5
## Level of detail of log = hi

# Run-time
## Creating a dataset object = 182 msec.
## Selecting features = 64 msec.

# Selected features
'attr15798 'attr12916 'attr626

# Statistics
## Number of instances = 300
## Number of features = 9
## H(C) = 1.0000
## H(Entire) = 6.2514
## H(Entire, C) = 6.5468
## I(Entire; C) = 0.7046
## H(Selected) = 3.4876
## H(Selected, C) = 4.1253
## I(Selected; C) = 0.3623
## H(Selected | C) = 3.1253
## mu_H = 0.1728
## mu_G = 0.2311
## Entropy of features
0:1.0760 1:0.9278 2:0.7960 3:2.0601 4:1.1827 5:0.9193 6:0.8048 7:1.4179

## Entropy of features and labels
0:1.9644 1:1.8241 2:1.6837 3:2.8222 4:1.9874 5:1.7711 6:1.6850 7:2.2879

