# Parameters
## Input file = datasets/dexter-10-disc.arff.1.0.out.arff
## Output file = datasets/dexter-10-disc.arff.1.0.out.arff.0.5.out.arff
## Threshold = 0.5
## Level of detail of log = hi

# Run-time
## Creating a dataset object = 198 msec.
## Selecting features = 102 msec.

# Selected features
'attr10457 'attr19386 'attr15798 'attr12916 'attr626

# Statistics
## Number of instances = 300
## Number of features = 22
## H(C) = 1.0000
## H(Entire) = 8.0137
## H(Entire, C) = 8.0137
## I(Entire; C) = 1.0000
## H(Selected) = 5.1770
## H(Selected, C) = 5.6619
## I(Selected; C) = 0.5151
## H(Selected | C) = 4.6619
## mu_H = 0.1668
## mu_G = 0.2264
## Entropy of features
0:0.2349 1:0.7640 2:0.7069 3:0.3245 4:0.3045 5:0.4510 6:1.8375 7:0.4742 8:0.9140 9:0.7733 10:1.5506 11:0.9193 12:0.9361 13:1.1389 14:0.8995 15:1.0760 16:1.1827 17:2.0601 18:1.1462 19:1.4179 20:2.8845

## Entropy of features and labels
0:1.2082 1:1.7144 2:1.6525 3:1.2833 4:1.2668 5:1.4016 6:2.7333 7:1.4041 8:1.8170 9:1.6803 10:2.4380 11:1.7711 12:1.7879 13:2.0407 14:1.8208 15:1.9644 16:1.9874 17:2.8222 18:2.0458 19:2.2879 20:3.7597

