=== Run information ===

Evaluator:    weka.attributeSelection.CfsSubsetEval -P 1 -E 1
Search:       weka.attributeSelection.RerankingSearch -method 2 -blockSize 20 -rankingMeasure 0 -search "weka.attributeSelection.GreedyStepwise -T -1.7976931348623157E308 -N -1 -num-slots 1"
Relation:     ./madelon_sorted-weka.filters.unsupervised.attribute.Discretize-B10-M-1.0-Rfirst-last
Instances:    2000
Attributes:   501
              [list of attributes omitted]
Evaluation mode:    evaluate on all training data



=== Attribute Selection on all input data ===

Search Method:
Selected attributes: 490 491 499 496 388 497 486 
Total Search Time in milliseconds: 1186.0
Reranking Time in milliseconds: 1027.0
Blocks searched: 2
Attribute Evaluator during search:        CFS Subset Evaluator
       Including locally predictive attributes

Options of RerankingSearch:
-method 2 -blockSize 20 -rankingMeasure 0 -search weka.attributeSelection.GreedyStepwise -P 1,2,3,4,5,6,7 -T -1.7976931348623157E308 -N -1 -num-slots 1 
Attribute Subset Evaluator (supervised, Class (nominal): 501 CLASS):
       CFS Subset Evaluator
       Including locally predictive attributes

Selected attributes: 389,487,491,492,497,498,500 : 7
                     feature-128
                     feature-472
                     feature-241
                     feature-475
                     feature-338
                     feature-336
                     feature-105

