=== Run information ===

Evaluator:    weka.attributeSelection.CfsSubsetEval -P 1 -E 1
Search:       weka.attributeSelection.RerankingSearch -method 0 -blockSize 20 -rankingMeasure 0 -search "weka.attributeSelection.GreedyStepwise -T -1.7976931348623157E308 -N -1 -num-slots 1"
Relation:     spambase-weka.filters.supervised.attribute.Discretize-Rfirst-last
Instances:    4601
Attributes:   58
              word_freq_make
              word_freq_address
              word_freq_all
              word_freq_3d
              word_freq_our
              word_freq_over
              word_freq_remove
              word_freq_internet
              word_freq_order
              word_freq_mail
              word_freq_receive
              word_freq_will
              word_freq_people
              word_freq_report
              word_freq_addresses
              word_freq_free
              word_freq_business
              word_freq_email
              word_freq_you
              word_freq_credit
              word_freq_your
              word_freq_font
              word_freq_000
              word_freq_money
              word_freq_hp
              word_freq_hpl
              word_freq_george
              word_freq_650
              word_freq_lab
              word_freq_labs
              word_freq_telnet
              word_freq_857
              word_freq_data
              word_freq_415
              word_freq_85
              word_freq_technology
              word_freq_1999
              word_freq_parts
              word_freq_pm
              word_freq_direct
              word_freq_cs
              word_freq_meeting
              word_freq_original
              word_freq_project
              word_freq_re
              word_freq_edu
              word_freq_table
              word_freq_conference
              char_freq_;
              char_freq_(
              char_freq_[
              char_freq_!
              char_freq_$
              char_freq_#
              capital_run_length_average
              capital_run_length_longest
              capital_run_length_total
              class
Evaluation mode:    evaluate on all training data



=== Attribute Selection on all input data ===

Search Method:
Selected attributes: 51 52 6 20 54 15 23 24 22 26 
Total Search Time in milliseconds: 99.0
Reranking Time in milliseconds: 35.0
Blocks searched: 2
Attribute Evaluator during search: 	CFS Subset Evaluator
	Including locally predictive attributes

Options of RerankingSearch:
-method 0 -blockSize 20 -rankingMeasure 0 -search weka.attributeSelection.GreedyStepwise -P 1,2,3,4,5,6,7,8,9,10 -T -1.7976931348623157E308 -N -1 -num-slots 1 
Attribute Subset Evaluator (supervised, Class (nominal): 58 class):
	CFS Subset Evaluator
	Including locally predictive attributes

Selected attributes: 4,5,7,16,21,23,24,25,27,42,44,46,52,53,55 : 15
                     word_freq_3d
                     word_freq_our
                     word_freq_remove
                     word_freq_free
                     word_freq_your
                     word_freq_000
                     word_freq_money
                     word_freq_hp
                     word_freq_george
                     word_freq_meeting
                     word_freq_project
                     word_freq_edu
                     char_freq_!
                     char_freq_$
                     capital_run_length_average

