# Parameters
## Input file = dexter-10-disc.arff
## Output file = out/dexter-10-disc.arff-relevance-0.8-bornfs.arff
## Algorithm = bornfs
## Sorting measure = relevance
## Threshold = 0.8
## Level of detail of log = low

# Run-time
## Creating a dataset object = 549,092,779 nsec
## Sorting features = 1,467,809,835 nsec
## Sorting instances = 10,979,849 nsec
## Selecting features = 23,665,055 nsec

# 11features selected.
# Selected features
'attr13 'attr12 'attr10 'attr9 'attr8 'attr6 'attr5 'attr4 'attr3 'attr2 'attr1

# Statistics
## Number of instances = 300
## Number of features = 20001
## H(C) = 1.0000
## H(Entire) = 8.2288
## H(Entire, C) = 8.2288
## I(Entire; C) = 1.0000
## H(Selected) = 6.6312
## H(Selected, C) = 6.8278
## I(Selected; C) = 0.8034
## H(Selected | C) = 5.8278
## mu_H = 0.2105
## mu_G = 0.3120

# Events: function name:time (nsec):arguments
## sortAttrs:time:#_features
## sortCases:time:#_features
## findBorder:time:#_features
'sortAttrs:1405238229:19999 'sortCases:3766900:19999 'findBorder:9375981:19999 'sortAttrs:5937455:12 'sortCases:1221074:12 'findBorder:1544299:12 'sortAttrs:6813248:11 'sortCases:711913:11 'findBorder:1418320:11 'sortAttrs:8296273:9 'sortCases:887771:9 'findBorder:1626914:9 'sortAttrs:10980162:8 'sortCases:988912:8 'findBorder:2151897:8 'sortAttrs:8779217:7 'sortCases:630370:7 'findBorder:1361610:7 'sortAttrs:6705626:5 'sortCases:629033:5 'findBorder:1309379:5 'sortAttrs:4680649:4 'sortCases:494886:4 'findBorder:1403931:4 'sortAttrs:4001413:3 'sortCases:420414:3 'findBorder:982716:3 'sortAttrs:3061794:2 'sortCases:458524:2 'findBorder:1073943:2 'sortAttrs:2043993:1 'sortCases:362568:1 'findBorder:961345:1 'sortAttrs:1271776:0 'sortCases:407484:0 'findBorder:454720:0
