# Parameters
## Input file = gina-10-disc.arff
## Output file = out/gina-10-disc.arff-noise-0.8-bornfs.arff
## Algorithm = bornfs
## Sorting measure = negative noise
## Threshold = 0.8
## Level of detail of log = low

# Run-time
## Creating a dataset object = 801,695,914 nsec
## Sorting features = 14,108,672,208 nsec
## Sorting instances = 58,176,863 nsec
## Selecting features = 350,027,035 nsec

# 90features selected.
# Selected features
'attr253 'attr251 'attr250 'attr247 'attr245 'attr244 'attr241 'attr238 'attr235 'attr232 'attr231 'attr230 'attr229 'attr224 'attr223 'attr218 'attr217 'attr216 'attr214 'attr212 'attr207 'attr205 'attr203 'attr202 'attr201 'attr199 'attr193 'attr189 'attr188 'attr185 'attr184 'attr179 'attr176 'attr172 'attr169 'attr168 'attr167 'attr165 'attr164 'attr162 'attr161 'attr159 'attr158 'attr156 'attr154 'attr151 'attr149 'attr141 'attr140 'attr138 'attr132 'attr130 'attr120 'attr119 'attr117 'attr116 'attr113 'attr112 'attr111 'attr109 'attr107 'attr105 'attr102 'attr99 'attr96 'attr95 'attr93 'attr91 'attr90 'attr89 'attr86 'attr83 'attr80 'attr79 'attr77 'attr74 'attr73 'attr72 'attr68 'attr61 'attr54 'attr53 'attr48 'attr47 'attr46 'attr41 'attr40 'attr39 'attr37 'attr26

# Statistics
## Number of instances = 3153
## Number of features = 971
## H(C) = 0.9998
## H(Entire) = 11.6225
## H(Entire, C) = 11.6225
## I(Entire; C) = 0.9998
## H(Selected) = 9.9078
## H(Selected, C) = 10.1072
## I(Selected; C) = 0.8004
## H(Selected | C) = 9.1074
## mu_H = 0.1468
## mu_G = 0.2543

# Events: function name:time (nsec):arguments
## sortAttrs:time:#_features
## sortCases:time:#_features
## findBorder:time:#_features
'sortAttrs:548203132:969 'sortCases:10651798:969 'findBorder:28757748:969 'sortAttrs:145762739:252 'sortCases:5476414:252 'findBorder:17656453:252 'sortAttrs:130293085:250 'sortCases:1658704:250 'findBorder:18290400:250 'sortAttrs:105542797:249 'sortCases:1884739:249 'findBorder:8372716:249 'sortAttrs:124843511:246 'sortCases:1288015:246 'findBorder:6669258:246 'sortAttrs:125064131:244 'sortCases:1234431:244 'findBorder:4972966:244 'sortAttrs:121381719:243 'sortCases:974207:243 'findBorder:4537901:243 'sortAttrs:120962605:240 'sortCases:934697:240 'findBorder:4294002:240 'sortAttrs:123921799:237 'sortCases:918991:237 'findBorder:3692195:237 'sortAttrs:125377685:234 'sortCases:871587:234 'findBorder:3550022:234 'sortAttrs:128766891:231 'sortCases:841330:231 'findBorder:3356909:231 'sortAttrs:135405322:230 'sortCases:810350:230 'findBorder:3142803:230 'sortAttrs:141029511:229 'sortCases:826962:229 'findBorder:3120564:229 'sortAttrs:150222715:228 'sortCases:730789:228 'findBorder:3027147:228 'sortAttrs:152925815:223 'sortCases:737063:223 'findBorder:2847303:223 'sortAttrs:160378859:222 'sortCases:840316:222 'findBorder:2871540:222 'sortAttrs:158108285:217 'sortCases:673275:217 'findBorder:2666438:217 'sortAttrs:163082835:216 'sortCases:748361:216 'findBorder:2748547:216 'sortAttrs:170455160:215 'sortCases:748758:215 'findBorder:2825356:215 'sortAttrs:215198131:213 'sortCases:651426:213 'findBorder:2617440:213 'sortAttrs:174686077:211 'sortCases:620557:211 'findBorder:2778224:211 'sortAttrs:178595353:206 'sortCases:543160:206 'findBorder:2744930:206 'sortAttrs:181992296:204 'sortCases:605488:204 'findBorder:2732166:204 'sortAttrs:187071487:202 'sortCases:501658:202 'findBorder:2747790:202 'sortAttrs:190973541:201 'sortCases:505940:201 'findBorder:2773419:201 'sortAttrs:194522192:200 'sortCases:460995:200 'findBorder:2869315:200 'sortAttrs:198555766:198 'sortCases:418387:198 'findBorder:2729648:198 'sortAttrs:197758651:192 'sortCases:391622:192 'findBorder:2953489:192 'sortAttrs:196291768:188 'sortCases:439246:188 'findBorder:2941509:188 'sortAttrs:200005531:187 'sortCases:422025:187 'findBorder:2529393:187 'sortAttrs:199959720:184 'sortCases:387235:184 'findBorder:2871715:184 'sortAttrs:201856029:183 'sortCases:431524:183 'findBorder:4522131:183 'sortAttrs:201554503:178 'sortCases:356144:178 'findBorder:2736815:178 'sortAttrs:200070640:175 'sortCases:344027:175 'findBorder:3115850:175 'sortAttrs:197983613:171 'sortCases:343783:171 'findBorder:2704666:171 'sortAttrs:209837551:168 'sortCases:353891:168 'findBorder:3189459:168 'sortAttrs:260249062:167 'sortCases:456233:167 'findBorder:3166340:167 'sortAttrs:198356982:166 'sortCases:330185:166 'findBorder:3255646:166 'sortAttrs:200283035:164 'sortCases:2063396:164 'findBorder:3332925:164 'sortAttrs:203730067:163 'sortCases:339575:163 'findBorder:3726662:163 'sortAttrs:203636872:161 'sortCases:324769:161 'findBorder:3402397:161 'sortAttrs:203610558:160 'sortCases:277236:160 'findBorder:3230841:160 'sortAttrs:205364670:158 'sortCases:312681:158 'findBorder:3508744:158 'sortAttrs:211181138:157 'sortCases:321606:157 'findBorder:3679525:157 'sortAttrs:202414300:155 'sortCases:278098:155 'findBorder:3422107:155 'sortAttrs:200274219:153 'sortCases:268158:153 'findBorder:2966802:153 'sortAttrs:195168375:150 'sortCases:285599:150 'findBorder:3449502:150 'sortAttrs:196630799:148 'sortCases:267145:148 'findBorder:3038158:148 'sortAttrs:185911340:140 'sortCases:260566:140 'findBorder:3507025:140 'sortAttrs:186519363:139 'sortCases:260721:139 'findBorder:3488031:139 'sortAttrs:184703721:137 'sortCases:302947:137 'findBorder:3058626:137 'sortAttrs:176813718:131 'sortCases:299566:131 'findBorder:5211702:131 'sortAttrs:176023979:129 'sortCases:302066:129 'findBorder:3067130:129 'sortAttrs:161415320:119 'sortCases:244459:119 'findBorder:3060317:119 'sortAttrs:160937140:118 'sortCases:274502:118 'findBorder:2985925:118 'sortAttrs:159774072:116 'sortCases:255472:116 'findBorder:3142331:116 'sortAttrs:158952662:115 'sortCases:267147:115 'findBorder:3185497:115 'sortAttrs:155795293:112 'sortCases:265675:112 'findBorder:3138423:112 'sortAttrs:154260321:111 'sortCases:268264:111 'findBorder:3309187:111 'sortAttrs:157376193:110 'sortCases:283192:110 'findBorder:3270416:110 'sortAttrs:152927361:108 'sortCases:268952:108 'findBorder:3364628:108 'sortAttrs:149098048:106 'sortCases:244201:106 'findBorder:3254606:106 'sortAttrs:145596938:104 'sortCases:264974:104 'findBorder:3055364:104 'sortAttrs:140831997:101 'sortCases:272269:101 'findBorder:3162234:101 'sortAttrs:132062792:98 'sortCases:261426:98 'findBorder:3060357:98 'sortAttrs:129257501:95 'sortCases:235352:95 'findBorder:3018893:95 'sortAttrs:132858879:94 'sortCases:288872:94 'findBorder:3240060:94 'sortAttrs:131272043:92 'sortCases:276296:92 'findBorder:3182589:92 'sortAttrs:130527173:90 'sortCases:315886:90 'findBorder:3151799:90 'sortAttrs:130323870:89 'sortCases:297805:89 'findBorder:3292361:89 'sortAttrs:129360631:88 'sortCases:282126:88 'findBorder:2964842:88 'sortAttrs:127396013:85 'sortCases:336934:85 'findBorder:2869166:85 'sortAttrs:122010852:82 'sortCases:300151:82 'findBorder:2939002:82 'sortAttrs:116049349:79 'sortCases:296922:79 'findBorder:3317369:79 'sortAttrs:116039622:78 'sortCases:286098:78 'findBorder:3444026:78 'sortAttrs:111423690:76 'sortCases:282743:76 'findBorder:2852006:76 'sortAttrs:109097715:73 'sortCases:300381:73 'findBorder:3360504:73 'sortAttrs:106995206:72 'sortCases:273553:72 'findBorder:3374876:72 'sortAttrs:107298689:71 'sortCases:288769:71 'findBorder:2971995:71 'sortAttrs:100007276:67 'sortCases:282212:67 'findBorder:2987838:67 'sortAttrs:89968389:60 'sortCases:272724:60 'findBorder:2996014:60 'sortAttrs:80387426:53 'sortCases:242572:53 'findBorder:2854382:53 'sortAttrs:77694948:52 'sortCases:306467:52 'findBorder:2871669:52 'sortAttrs:70828086:47 'sortCases:278053:47 'findBorder:2947361:47 'sortAttrs:69967111:46 'sortCases:272205:46 'findBorder:2856639:46 'sortAttrs:68089280:45 'sortCases:270104:45 'findBorder:2881119:45 'sortAttrs:60599412:40 'sortCases:294908:40 'findBorder:2990661:40 'sortAttrs:60260746:39 'sortCases:290004:39 'findBorder:2852642:39 'sortAttrs:58434091:38 'sortCases:279051:38 'findBorder:2892627:38 'sortAttrs:54375210:36 'sortCases:288523:36 'findBorder:3048595:36 'sortAttrs:39607220:25 'sortCases:289177:25 'findBorder:408325:25
