# Parameters
## Input file = gina-10-disc.arff
## Output file = out/gina-10-disc.arff-noise-0.9-bornfs.arff
## Algorithm = bornfs
## Sorting measure = negative noise
## Threshold = 0.9
## Level of detail of log = low

# Run-time
## Creating a dataset object = 795,699,679 nsec
## Sorting features = 20,452,776,642 nsec
## Sorting instances = 53,844,621 nsec
## Selecting features = 378,104,404 nsec

# 89features selected.
# Selected features
'attr310 'attr306 'attr301 'attr298 'attr296 'attr292 'attr289 'attr287 'attr285 'attr283 'attr281 'attr279 'attr276 'attr274 'attr270 'attr269 'attr268 'attr265 'attr260 'attr259 'attr258 'attr257 'attr249 'attr248 'attr247 'attr243 'attr240 'attr239 'attr238 'attr237 'attr232 'attr228 'attr227 'attr226 'attr225 'attr212 'attr211 'attr210 'attr206 'attr196 'attr191 'attr190 'attr187 'attr183 'attr182 'attr180 'attr178 'attr177 'attr176 'attr173 'attr171 'attr169 'attr165 'attr164 'attr163 'attr160 'attr158 'attr156 'attr142 'attr140 'attr137 'attr127 'attr126 'attr125 'attr124 'attr122 'attr121 'attr118 'attr117 'attr115 'attr112 'attr109 'attr108 'attr107 'attr104 'attr94 'attr89 'attr85 'attr84 'attr83 'attr81 'attr74 'attr70 'attr59 'attr51 'attr37 'attr34 'attr33 'attr12

# Statistics
## Number of instances = 3153
## Number of features = 971
## H(C) = 0.9998
## H(Entire) = 11.6225
## H(Entire, C) = 11.6225
## I(Entire; C) = 0.9998
## H(Selected) = 10.8544
## H(Selected, C) = 10.9543
## I(Selected; C) = 0.8999
## H(Selected | C) = 9.9545
## mu_H = 0.1518
## mu_G = 0.2732

# Events: function name:time (nsec):arguments
## sortAttrs:time:#_features
## sortCases:time:#_features
## findBorder:time:#_features
'sortAttrs:559281655:969 'sortCases:10814028:969 'findBorder:35861078:969 'sortAttrs:197948006:309 'sortCases:5016743:309 'findBorder:14670599:309 'sortAttrs:148522497:305 'sortCases:1661027:305 'findBorder:7641212:305 'sortAttrs:141918930:300 'sortCases:1272948:300 'findBorder:8265793:300 'sortAttrs:150705814:297 'sortCases:1524606:297 'findBorder:5791041:297 'sortAttrs:153722123:295 'sortCases:1239786:295 'findBorder:4894084:295 'sortAttrs:151062710:291 'sortCases:1019519:291 'findBorder:4748190:291 'sortAttrs:158497547:288 'sortCases:937772:288 'findBorder:4462663:288 'sortAttrs:165591215:286 'sortCases:933525:286 'findBorder:4249289:286 'sortAttrs:214184806:284 'sortCases:830599:284 'findBorder:4006954:284 'sortAttrs:185054237:282 'sortCases:812916:282 'findBorder:3548705:282 'sortAttrs:197581946:280 'sortCases:735099:280 'findBorder:3477624:280 'sortAttrs:249532448:278 'sortCases:738394:278 'findBorder:2939703:278 'sortAttrs:213248286:275 'sortCases:651412:275 'findBorder:3008103:275 'sortAttrs:222407952:273 'sortCases:621228:273 'findBorder:2667775:273 'sortAttrs:231140413:269 'sortCases:632469:269 'findBorder:2788114:269 'sortAttrs:241244000:268 'sortCases:621200:268 'findBorder:2821881:268 'sortAttrs:252360411:267 'sortCases:655785:267 'findBorder:2529473:267 'sortAttrs:260242310:264 'sortCases:574184:264 'findBorder:2369921:264 'sortAttrs:264247212:259 'sortCases:560456:259 'findBorder:2821087:259 'sortAttrs:275205118:258 'sortCases:536515:258 'findBorder:2793451:258 'sortAttrs:281604498:257 'sortCases:470178:257 'findBorder:2791926:257 'sortAttrs:286559757:256 'sortCases:411503:256 'findBorder:2608454:256 'sortAttrs:287941298:248 'sortCases:443365:248 'findBorder:2623962:248 'sortAttrs:295390872:247 'sortCases:394315:247 'findBorder:3431980:247 'sortAttrs:298638649:246 'sortCases:375821:246 'findBorder:3393671:246 'sortAttrs:297667904:242 'sortCases:377641:242 'findBorder:3478621:242 'sortAttrs:359403788:239 'sortCases:340762:239 'findBorder:3443238:239 'sortAttrs:306593402:238 'sortCases:347049:238 'findBorder:3342981:238 'sortAttrs:313502845:237 'sortCases:353068:237 'findBorder:3452668:237 'sortAttrs:316539241:236 'sortCases:349168:236 'findBorder:3592110:236 'sortAttrs:318271349:231 'sortCases:320881:231 'findBorder:3670534:231 'sortAttrs:317353925:227 'sortCases:334954:227 'findBorder:3845532:227 'sortAttrs:333476254:226 'sortCases:395981:226 'findBorder:3808891:226 'sortAttrs:320689534:225 'sortCases:367636:225 'findBorder:3783101:225 'sortAttrs:330222759:224 'sortCases:446948:224 'findBorder:4056308:224 'sortAttrs:306414634:211 'sortCases:298642:211 'findBorder:3774477:211 'sortAttrs:304283830:210 'sortCases:312499:210 'findBorder:3822873:210 'sortAttrs:305246583:209 'sortCases:336774:209 'findBorder:4026687:209 'sortAttrs:306968175:205 'sortCases:306084:205 'findBorder:3415115:205 'sortAttrs:288405582:195 'sortCases:283600:195 'findBorder:3956835:195 'sortAttrs:282502705:190 'sortCases:294115:190 'findBorder:3728422:190 'sortAttrs:281809247:189 'sortCases:310406:189 'findBorder:5181143:189 'sortAttrs:284135120:186 'sortCases:276823:186 'findBorder:3948670:186 'sortAttrs:281029528:182 'sortCases:298692:182 'findBorder:3995546:182 'sortAttrs:280494074:181 'sortCases:283966:181 'findBorder:3881341:181 'sortAttrs:278175980:179 'sortCases:279560:179 'findBorder:3824498:179 'sortAttrs:276736432:177 'sortCases:292559:177 'findBorder:4001082:177 'sortAttrs:273957620:176 'sortCases:291342:176 'findBorder:3864198:176 'sortAttrs:277422104:175 'sortCases:312743:175 'findBorder:3526056:175 'sortAttrs:273995684:172 'sortCases:282477:172 'findBorder:4024110:172 'sortAttrs:265127314:170 'sortCases:292635:170 'findBorder:3939090:170 'sortAttrs:266926274:168 'sortCases:296655:168 'findBorder:4070498:168 'sortAttrs:260494559:164 'sortCases:309228:164 'findBorder:4041255:164 'sortAttrs:260978281:163 'sortCases:283044:163 'findBorder:3973580:163 'sortAttrs:256566060:162 'sortCases:285748:162 'findBorder:3484622:162 'sortAttrs:253336392:159 'sortCases:289426:159 'findBorder:4220176:159 'sortAttrs:252672513:157 'sortCases:250421:157 'findBorder:4121142:157 'sortAttrs:249651844:155 'sortCases:302291:155 'findBorder:3712796:155 'sortAttrs:225701199:141 'sortCases:289388:141 'findBorder:4110966:141 'sortAttrs:222802249:139 'sortCases:292628:139 'findBorder:3564986:139 'sortAttrs:220112531:136 'sortCases:298670:136 'findBorder:4173517:136 'sortAttrs:204116873:126 'sortCases:271949:126 'findBorder:3648625:126 'sortAttrs:200686178:125 'sortCases:292368:125 'findBorder:3520137:125 'sortAttrs:202234546:124 'sortCases:304068:124 'findBorder:3607360:124 'sortAttrs:201038673:123 'sortCases:269824:123 'findBorder:3610473:123 'sortAttrs:196763808:121 'sortCases:278139:121 'findBorder:3568326:121 'sortAttrs:200348824:120 'sortCases:311694:120 'findBorder:3729584:120 'sortAttrs:193050470:117 'sortCases:291452:117 'findBorder:3565999:117 'sortAttrs:189757130:116 'sortCases:327730:116 'findBorder:3696170:116 'sortAttrs:185588268:114 'sortCases:288875:114 'findBorder:3569515:114 'sortAttrs:181453348:111 'sortCases:315219:111 'findBorder:3791201:111 'sortAttrs:187281136:108 'sortCases:281379:108 'findBorder:3630411:108 'sortAttrs:178322950:107 'sortCases:302739:107 'findBorder:3658790:107 'sortAttrs:181368522:106 'sortCases:352655:106 'findBorder:3916971:106 'sortAttrs:175359832:103 'sortCases:305567:103 'findBorder:3456191:103 'sortAttrs:153956318:93 'sortCases:262965:93 'findBorder:3556700:93 'sortAttrs:143875198:88 'sortCases:294388:88 'findBorder:3631198:88 'sortAttrs:137741429:84 'sortCases:277092:84 'findBorder:3667064:84 'sortAttrs:136875153:83 'sortCases:264294:83 'findBorder:3613520:83 'sortAttrs:135122726:82 'sortCases:295176:82 'findBorder:3689996:82 'sortAttrs:130171906:80 'sortCases:267596:80 'findBorder:5246295:80 'sortAttrs:120386912:73 'sortCases:254990:73 'findBorder:3232418:73 'sortAttrs:116504182:69 'sortCases:281366:69 'findBorder:3633435:69 'sortAttrs:95898045:58 'sortCases:273999:58 'findBorder:3150175:58 'sortAttrs:82926448:50 'sortCases:299125:50 'findBorder:3169247:50 'sortAttrs:60462109:36 'sortCases:254295:36 'findBorder:2765156:36 'sortAttrs:56234116:33 'sortCases:281615:33 'findBorder:3082131:33 'sortAttrs:52595829:32 'sortCases:272555:32 'findBorder:4177286:32 'sortAttrs:19153488:11 'sortCases:301610:11 'findBorder:455632:11
