# Parameters
## Input file = gisette-10-disc.arff
## Output file = out/gisette-10-disc.arff-ratio-0.5-bornfs.arff
## Algorithm = bornfs
## Sorting measure = ratio of relevance to noise
## Threshold = 0.5
## Level of detail of log = low

# Run-time
## Creating a dataset object = 4,334,909,584 nsec
## Sorting features = 6,393,022,602 nsec
## Sorting instances = 26,457,812 nsec
## Selecting features = 67,130,267 nsec

# 4features selected.
# Selected features
'attr1328 'attr4271 'attr557 'attr3975

# Statistics
## Number of instances = 6000
## Number of features = 5001
## H(C) = 1.0000
## H(Entire) = 12.5507
## H(Entire, C) = 12.5507
## I(Entire; C) = 1.0000
## H(Selected) = 4.4270
## H(Selected, C) = 4.8904
## I(Selected; C) = 0.5366
## H(Selected | C) = 3.8904
## mu_H = 0.1977
## mu_G = 0.2550

# Events: function name:time (nsec):arguments
## sortAttrs:time:#_features
## sortCases:time:#_features
## findBorder:time:#_features
'sortAttrs:6342459835:4999 'sortCases:18481498:4999 'findBorder:51340131:4999 'sortAttrs:35531884:49 'sortCases:5289822:49 'findBorder:11178252:49 'sortAttrs:10453018:2 'sortCases:1477567:2 'findBorder:3281898:2 'sortAttrs:4577865:0 'sortCases:1208925:0 'findBorder:1329986:0
