# Parameters
## Input file = gisette-10-disc.arff
## Output file = out/gisette-10-disc.arff-ratio-0.6-bornfs.arff
## Algorithm = bornfs
## Sorting measure = ratio of relevance to noise
## Threshold = 0.6
## Level of detail of log = low

# Run-time
## Creating a dataset object = 4,476,659,737 nsec
## Sorting features = 7,015,621,196 nsec
## Sorting instances = 37,917,518 nsec
## Selecting features = 103,146,191 nsec

# 4features selected.
# Selected features
'attr55 'attr52 'attr3 'attr2

# Statistics
## Number of instances = 6000
## Number of features = 5001
## H(C) = 1.0000
## H(Entire) = 12.5507
## H(Entire, C) = 12.5507
## I(Entire; C) = 1.0000
## H(Selected) = 5.3225
## H(Selected, C) = 5.7185
## I(Selected; C) = 0.6039
## H(Selected | C) = 4.7185
## mu_H = 0.1910
## mu_G = 0.2618

# Events: function name:time (nsec):arguments
## sortAttrs:time:#_features
## sortCases:time:#_features
## findBorder:time:#_features
'sortAttrs:6896151742:4999 'sortCases:20514116:4999 'findBorder:67589303:4999 'sortAttrs:33529179:54 'sortCases:10295832:54 'findBorder:22253232:54 'sortAttrs:71951715:51 'sortCases:2544475:51 'findBorder:7783165:51 'sortAttrs:7289520:2 'sortCases:2523082:2 'findBorder:3951261:2 'sortAttrs:6699040:1 'sortCases:2040013:1 'findBorder:1569230:1
