# Parameters
## Input file = spambase-disc.arff
## Output file = out/spambase-disc.arff-ratio-0.7-bornfs.arff
## Algorithm = bornfs
## Sorting measure = ratio of relevance to noise
## Threshold = 0.7
## Level of detail of log = low

# Run-time
## Creating a dataset object = 293,249,115 nsec
## Sorting features = 128,343,685 nsec
## Sorting instances = 21,917,157 nsec
## Selecting features = 36,802,361 nsec

# 8features selected.
# Selected features
'word_freq_your 'word_freq_credit 'char_freq_! 'word_freq_free 'word_freq_george 'word_freq_money 'char_freq_$ 'word_freq_remove

# Statistics
## Number of instances = 4601
## Number of features = 58
## H(C) = 0.9674
## H(Entire) = 11.4334
## H(Entire, C) = 11.4434
## I(Entire; C) = 0.9574
## H(Selected) = 6.2361
## H(Selected, C) = 6.5257
## I(Selected; C) = 0.6777
## H(Selected | C) = 5.5584
## mu_H = 0.1884
## mu_G = 0.2774

# Events: function name:time (nsec):arguments
## sortAttrs:time:#_features
## sortCases:time:#_features
## findBorder:time:#_features
'sortAttrs:57083218:56 'sortCases:14648531:56 'findBorder:20261168:56 'sortAttrs:14279029:13 'sortCases:1124241:13 'findBorder:5382317:13 'sortAttrs:10189639:10 'sortCases:1172781:10 'findBorder:2764074:10 'sortAttrs:14941353:9 'sortCases:1269861:9 'findBorder:2373460:9 'sortAttrs:9847739:4 'sortCases:925009:4 'findBorder:1796977:4 'sortAttrs:7959480:3 'sortCases:945450:3 'findBorder:1354560:3 'sortAttrs:6893357:2 'sortCases:982179:2 'findBorder:1408563:2 'sortAttrs:7149870:1 'sortCases:849105:1 'findBorder:1461242:1
