# Parameters
## Input file = sylva-10-disc.arff
## Output file = out/sylva-10-disc.arff-noise-0.9-bornfs.arff
## Algorithm = bornfs
## Sorting measure = negative noise
## Threshold = 0.9
## Level of detail of log = low

# Run-time
## Creating a dataset object = 648,931,641 nsec
## Sorting features = 5,087,378,430 nsec
## Sorting instances = 138,581,411 nsec
## Selecting features = 494,045,342 nsec

# 95features selected.
# Selected features
'feature-142 'feature-195 'feature-53 'feature-131 'feature-119 'feature-166 'feature-176 'feature-214 'feature-191 'feature-130 'feature-184 'feature-193 'feature-117 'feature-65 'feature-44 'feature-136 'feature-89 'feature-113 'feature-18 'feature-157 'feature-60 'feature-55 'feature-0 'feature-97 'feature-22 'feature-171 'feature-122 'feature-96 'feature-31 'feature-188 'feature-11 'feature-141 'feature-139 'feature-94 'feature-76 'feature-152 'feature-105 'feature-159 'feature-33 'feature-8 'feature-71 'feature-143 'feature-26 'feature-83 'feature-140 'feature-79 'feature-156 'feature-82 'feature-10 'feature-102 'feature-4 'feature-34 'feature-7 'feature-1 'feature-78 'feature-52 'feature-62 'feature-58 'feature-211 'feature-85 'feature-47 'feature-208 'feature-167 'feature-35 'feature-177 'feature-95 'feature-150 'feature-61 'feature-205 'feature-153 'feature-121 'feature-107 'feature-25 'feature-91 'feature-111 'feature-148 'feature-199 'feature-67 'feature-128 'feature-118 'feature-86 'feature-163 'feature-30 'feature-209 'feature-28 'feature-164 'feature-50 'feature-57 'feature-160 'feature-16 'feature-114 'feature-100 'feature-173 'feature-32 'feature-90

# Statistics
## Number of instances = 13086
## Number of features = 217
## H(C) = 0.3334
## H(Entire) = 13.6757
## H(Entire, C) = 13.6757
## I(Entire; C) = 0.3334
## H(Selected) = 4.3375
## H(Selected, C) = 4.3708
## I(Selected; C) = 0.3001
## H(Selected | C) = 4.0374
## mu_H = 0.1285
## mu_G = 0.2495

# Events: function name:time (nsec):arguments
## sortAttrs:time:#_features
## sortCases:time:#_features
## findBorder:time:#_features
'sortAttrs:336685186:215 'sortCases:28671029:215 'findBorder:57283650:215 'sortAttrs:165542624:124 'sortCases:3295857:124 'findBorder:16394919:124 'sortAttrs:96635162:123 'sortCases:2715511:123 'findBorder:11256746:123 'sortAttrs:85075018:101 'sortCases:1862281:101 'findBorder:7885029:101 'sortAttrs:59922680:100 'sortCases:1961518:100 'findBorder:7302580:100 'sortAttrs:74269350:99 'sortCases:1886040:99 'findBorder:7793684:99 'sortAttrs:74437231:98 'sortCases:2083156:98 'findBorder:7525805:98 'sortAttrs:66046503:97 'sortCases:1689707:97 'findBorder:6792138:97 'sortAttrs:92784390:96 'sortCases:1685658:96 'findBorder:6403083:96 'sortAttrs:89209810:95 'sortCases:1511622:95 'findBorder:6398778:95 'sortAttrs:93447435:94 'sortCases:1475574:94 'findBorder:6554870:94 'sortAttrs:95364419:93 'sortCases:1288146:93 'findBorder:6202385:93 'sortAttrs:91933173:92 'sortCases:1170813:92 'findBorder:6628331:92 'sortAttrs:88744720:91 'sortCases:1299385:91 'findBorder:6097496:91 'sortAttrs:80634322:90 'sortCases:1369884:90 'findBorder:6011395:90 'sortAttrs:84745897:89 'sortCases:1399498:89 'findBorder:6517188:89 'sortAttrs:93141976:88 'sortCases:1004483:88 'findBorder:5562252:88 'sortAttrs:86825562:87 'sortCases:1284347:87 'findBorder:4438092:87 'sortAttrs:75867378:86 'sortCases:1454135:86 'findBorder:5125257:86 'sortAttrs:74568544:85 'sortCases:1238513:85 'findBorder:4645772:85 'sortAttrs:71411905:84 'sortCases:1162948:84 'findBorder:4412663:84 'sortAttrs:77582017:83 'sortCases:1270131:83 'findBorder:4392371:83 'sortAttrs:69332631:82 'sortCases:1379620:82 'findBorder:4336172:82 'sortAttrs:69058807:81 'sortCases:1795835:81 'findBorder:4571696:81 'sortAttrs:77344530:80 'sortCases:1963725:80 'findBorder:4534573:80 'sortAttrs:68655665:79 'sortCases:1784821:79 'findBorder:4729342:79 'sortAttrs:89944161:77 'sortCases:2358305:77 'findBorder:10778819:77 'sortAttrs:83725307:76 'sortCases:1584159:76 'findBorder:4947085:76 'sortAttrs:56331742:75 'sortCases:1145443:75 'findBorder:4873097:75 'sortAttrs:57313878:74 'sortCases:1052290:74 'findBorder:9264060:74 'sortAttrs:60132343:73 'sortCases:1093257:73 'findBorder:4355342:73 'sortAttrs:59584771:72 'sortCases:1135655:72 'findBorder:4858365:72 'sortAttrs:63924890:71 'sortCases:1214081:71 'findBorder:4315381:71 'sortAttrs:62052723:70 'sortCases:1140604:70 'findBorder:4561939:70 'sortAttrs:68737514:69 'sortCases:1173178:69 'findBorder:4406610:69 'sortAttrs:56060986:68 'sortCases:1008242:68 'findBorder:4309735:68 'sortAttrs:55159031:67 'sortCases:1016114:67 'findBorder:4468103:67 'sortAttrs:64694182:66 'sortCases:1094003:66 'findBorder:4405554:66 'sortAttrs:52733923:65 'sortCases:1202669:65 'findBorder:4618292:65 'sortAttrs:58968222:64 'sortCases:943987:64 'findBorder:4201141:64 'sortAttrs:51087231:63 'sortCases:1150639:63 'findBorder:4564957:63 'sortAttrs:57470322:62 'sortCases:1006846:62 'findBorder:3822300:62 'sortAttrs:49974964:61 'sortCases:952669:61 'findBorder:3623480:61 'sortAttrs:56052974:60 'sortCases:1040164:60 'findBorder:4187255:60 'sortAttrs:55026796:59 'sortCases:1145053:59 'findBorder:3998160:59 'sortAttrs:58972566:58 'sortCases:976120:58 'findBorder:3863873:58 'sortAttrs:50175691:57 'sortCases:997880:57 'findBorder:3989916:57 'sortAttrs:54299381:56 'sortCases:1001865:56 'findBorder:4045709:56 'sortAttrs:48871405:55 'sortCases:962172:55 'findBorder:3928834:55 'sortAttrs:48810451:54 'sortCases:965825:54 'findBorder:6200477:54 'sortAttrs:45511520:53 'sortCases:968486:53 'findBorder:3937347:53 'sortAttrs:48307303:52 'sortCases:1018537:52 'findBorder:3664473:52 'sortAttrs:47459540:51 'sortCases:917617:51 'findBorder:4035530:51 'sortAttrs:53008450:50 'sortCases:1006982:50 'findBorder:4164123:50 'sortAttrs:46343175:49 'sortCases:1042815:49 'findBorder:4249306:49 'sortAttrs:42157750:48 'sortCases:1119254:48 'findBorder:3907119:48 'sortAttrs:43779914:47 'sortCases:957478:47 'findBorder:4111396:47 'sortAttrs:41143992:46 'sortCases:939162:46 'findBorder:4043071:46 'sortAttrs:42908832:45 'sortCases:930057:45 'findBorder:3918163:45 'sortAttrs:38816619:43 'sortCases:1126146:43 'findBorder:4962677:43 'sortAttrs:37818024:42 'sortCases:966981:42 'findBorder:3744313:42 'sortAttrs:34803935:41 'sortCases:918483:41 'findBorder:3422630:41 'sortAttrs:31866697:40 'sortCases:869311:40 'findBorder:3445786:40 'sortAttrs:34434716:39 'sortCases:912464:39 'findBorder:3846961:39 'sortAttrs:29561753:38 'sortCases:827115:38 'findBorder:3618352:38 'sortAttrs:28624392:37 'sortCases:865619:37 'findBorder:3676124:37 'sortAttrs:60111818:36 'sortCases:825095:36 'findBorder:4744279:36 'sortAttrs:32196099:35 'sortCases:844996:35 'findBorder:3576659:35 'sortAttrs:27148236:34 'sortCases:818210:34 'findBorder:3362201:34 'sortAttrs:29736228:33 'sortCases:860267:33 'findBorder:3613346:33 'sortAttrs:25976287:32 'sortCases:816230:32 'findBorder:3375570:32 'sortAttrs:25689866:30 'sortCases:839047:30 'findBorder:2921935:30 'sortAttrs:24043228:29 'sortCases:910616:29 'findBorder:3082191:29 'sortAttrs:26967255:28 'sortCases:866177:28 'findBorder:3213364:28 'sortAttrs:24433420:27 'sortCases:876256:27 'findBorder:3285792:27 'sortAttrs:23167195:26 'sortCases:850127:26 'findBorder:3070994:26 'sortAttrs:22018402:25 'sortCases:869680:25 'findBorder:3007302:25 'sortAttrs:24651373:24 'sortCases:911432:24 'findBorder:3570492:24 'sortAttrs:20473221:23 'sortCases:872295:23 'findBorder:3343910:23 'sortAttrs:19140095:22 'sortCases:910117:22 'findBorder:3401024:22 'sortAttrs:18366286:21 'sortCases:864550:21 'findBorder:3137398:21 'sortAttrs:17376953:20 'sortCases:891056:20 'findBorder:5632761:20 'sortAttrs:16898234:19 'sortCases:888329:19 'findBorder:3229779:19 'sortAttrs:16371917:18 'sortCases:864229:18 'findBorder:3278227:18 'sortAttrs:15211591:17 'sortCases:858931:17 'findBorder:3071617:17 'sortAttrs:14013983:16 'sortCases:851067:16 'findBorder:3320180:16 'sortAttrs:13230127:15 'sortCases:849715:15 'findBorder:2824551:15 'sortAttrs:12257792:14 'sortCases:874198:14 'findBorder:2757776:14 'sortAttrs:14637123:13 'sortCases:926189:13 'findBorder:2799299:13 'sortAttrs:11225563:12 'sortCases:916351:12 'findBorder:2846486:12 'sortAttrs:10316140:11 'sortCases:910555:11 'findBorder:2853355:11 'sortAttrs:9144229:10 'sortCases:866001:10 'findBorder:2895803:10 'sortAttrs:8322059:9 'sortCases:914068:9 'findBorder:2935552:9 'sortAttrs:7200534:8 'sortCases:866015:8 'findBorder:2759559:8 'sortAttrs:6429770:7 'sortCases:843073:7 'findBorder:2340150:7 'sortAttrs:4704405:5 'sortCases:874575:5 'findBorder:661668:5
