# Parameters
## Input file = sylva-10-disc.arff
## Output file = out/sylva-10-disc.arff-relevance-0.5-bornfs.arff
## Algorithm = bornfs
## Sorting measure = relevance
## Threshold = 0.5
## Level of detail of log = low

# Run-time
## Creating a dataset object = 681,094,677 nsec
## Sorting features = 386,621,207 nsec
## Sorting instances = 56,630,294 nsec
## Selecting features = 74,576,838 nsec

# 2features selected.
# Selected features
'feature-212 'feature-144

# Statistics
## Number of instances = 13086
## Number of features = 217
## H(C) = 0.3334
## H(Entire) = 13.6757
## H(Entire, C) = 13.6757
## I(Entire; C) = 0.3334
## H(Selected) = 0.6281
## H(Selected, C) = 0.7934
## I(Selected; C) = 0.1682
## H(Selected | C) = 0.4600
## mu_H = 0.3498
## mu_G = 0.3675

# Events: function name:time (nsec):arguments
## sortAttrs:time:#_features
## sortCases:time:#_features
## findBorder:time:#_features
'sortAttrs:358101270:215 'sortCases:49543931:215 'findBorder:63219828:215 'sortAttrs:20800614:2 'sortCases:3958354:2 'findBorder:9268154:2 'sortAttrs:7719323:1 'sortCases:3128009:1 'findBorder:2088856:1
