# Parameters
## Input file = sylva-10-disc.arff
## Output file = out/sylva-10-disc.arff-noise-0.8-bornfs.arff
## Algorithm = bornfs
## Sorting measure = negative noise
## Threshold = 0.8
## Level of detail of log = low

# Run-time
## Creating a dataset object = 681,455,447 nsec
## Sorting features = 4,565,987,108 nsec
## Sorting instances = 139,852,443 nsec
## Selecting features = 482,614,355 nsec

# 89features selected.
# Selected features
'feature-195 'feature-53 'feature-119 'feature-166 'feature-214 'feature-191 'feature-130 'feature-184 'feature-193 'feature-65 'feature-44 'feature-136 'feature-89 'feature-113 'feature-18 'feature-157 'feature-55 'feature-0 'feature-97 'feature-22 'feature-147 'feature-171 'feature-122 'feature-96 'feature-31 'feature-188 'feature-11 'feature-141 'feature-139 'feature-94 'feature-76 'feature-152 'feature-105 'feature-33 'feature-8 'feature-71 'feature-143 'feature-26 'feature-140 'feature-79 'feature-156 'feature-82 'feature-10 'feature-102 'feature-4 'feature-34 'feature-1 'feature-78 'feature-62 'feature-58 'feature-73 'feature-211 'feature-85 'feature-47 'feature-208 'feature-167 'feature-35 'feature-177 'feature-95 'feature-150 'feature-61 'feature-205 'feature-153 'feature-168 'feature-121 'feature-25 'feature-91 'feature-111 'feature-148 'feature-199 'feature-67 'feature-128 'feature-118 'feature-86 'feature-163 'feature-30 'feature-209 'feature-28 'feature-164 'feature-50 'feature-57 'feature-160 'feature-16 'feature-114 'feature-100 'feature-173 'feature-32 'feature-206 'feature-90

# Statistics
## Number of instances = 13086
## Number of features = 217
## H(C) = 0.3334
## H(Entire) = 13.6757
## H(Entire, C) = 13.6757
## I(Entire; C) = 0.3334
## H(Selected) = 3.7331
## H(Selected, C) = 3.7998
## I(Selected; C) = 0.2667
## H(Selected | C) = 3.4664
## mu_H = 0.1312
## mu_G = 0.2391

# Events: function name:time (nsec):arguments
## sortAttrs:time:#_features
## sortCases:time:#_features
## findBorder:time:#_features
'sortAttrs:410038572:215 'sortCases:32761945:215 'findBorder:69631319:215 'sortAttrs:234719088:123 'sortCases:4244130:123 'findBorder:18714433:123 'sortAttrs:77680650:101 'sortCases:2827080:101 'findBorder:14576517:101 'sortAttrs:74988998:99 'sortCases:2052895:99 'findBorder:7954410:99 'sortAttrs:73332977:98 'sortCases:2076272:98 'findBorder:6653515:98 'sortAttrs:65120699:96 'sortCases:2382653:96 'findBorder:11650080:96 'sortAttrs:74575773:95 'sortCases:1963342:95 'findBorder:6812409:95 'sortAttrs:77937935:94 'sortCases:2257502:94 'findBorder:8290777:94 'sortAttrs:91338522:93 'sortCases:1595864:93 'findBorder:6488701:93 'sortAttrs:91792357:92 'sortCases:1675939:92 'findBorder:6680605:92 'sortAttrs:85476528:90 'sortCases:1761778:90 'findBorder:6474731:90 'sortAttrs:94218530:89 'sortCases:1671934:89 'findBorder:6904867:89 'sortAttrs:96688557:88 'sortCases:1715869:88 'findBorder:7847258:88 'sortAttrs:92050174:87 'sortCases:1117386:87 'findBorder:5627268:87 'sortAttrs:77728809:86 'sortCases:1317253:86 'findBorder:6230350:86 'sortAttrs:75386162:85 'sortCases:1325775:85 'findBorder:6084173:85 'sortAttrs:77140751:84 'sortCases:1375619:84 'findBorder:5288038:84 'sortAttrs:87684818:82 'sortCases:1404776:82 'findBorder:4942644:82 'sortAttrs:70957465:81 'sortCases:1296377:81 'findBorder:4801229:81 'sortAttrs:67520894:80 'sortCases:1318146:80 'findBorder:4723964:80 'sortAttrs:69730198:79 'sortCases:1261340:79 'findBorder:4672855:79 'sortAttrs:79850927:78 'sortCases:1319874:78 'findBorder:4672881:78 'sortAttrs:72432412:77 'sortCases:1406225:77 'findBorder:5179625:77 'sortAttrs:63628585:76 'sortCases:1376881:76 'findBorder:4790512:76 'sortAttrs:61274819:75 'sortCases:1217425:75 'findBorder:4711745:75 'sortAttrs:70972552:74 'sortCases:1186807:74 'findBorder:4764343:74 'sortAttrs:61945103:73 'sortCases:1185591:73 'findBorder:4956883:73 'sortAttrs:62799020:72 'sortCases:1235868:72 'findBorder:4679644:72 'sortAttrs:58771913:71 'sortCases:1209061:71 'findBorder:4529272:71 'sortAttrs:66540836:70 'sortCases:1239621:70 'findBorder:4785541:70 'sortAttrs:56486496:69 'sortCases:1226150:69 'findBorder:4891021:69 'sortAttrs:55060050:68 'sortCases:1199186:68 'findBorder:4784897:68 'sortAttrs:60713317:67 'sortCases:1248768:67 'findBorder:4731404:67 'sortAttrs:52349589:66 'sortCases:1186793:66 'findBorder:4833107:66 'sortAttrs:51177946:64 'sortCases:1055667:64 'findBorder:4539613:64 'sortAttrs:57304896:63 'sortCases:1130728:63 'findBorder:3878580:63 'sortAttrs:48716112:62 'sortCases:1085139:62 'findBorder:4291458:62 'sortAttrs:49306987:61 'sortCases:1034263:61 'findBorder:4039336:61 'sortAttrs:53499232:60 'sortCases:1249323:60 'findBorder:4183725:60 'sortAttrs:46654002:58 'sortCases:1005154:58 'findBorder:3645488:58 'sortAttrs:49465473:57 'sortCases:1217018:57 'findBorder:3884833:57 'sortAttrs:43417557:56 'sortCases:1079059:56 'findBorder:3841480:56 'sortAttrs:42588359:55 'sortCases:1055966:55 'findBorder:3602078:55 'sortAttrs:47455494:54 'sortCases:1106601:54 'findBorder:3734195:54 'sortAttrs:40058561:53 'sortCases:1026091:53 'findBorder:3780501:53 'sortAttrs:39041583:52 'sortCases:1008641:52 'findBorder:4277093:52 'sortAttrs:50630601:51 'sortCases:1066396:51 'findBorder:3903232:51 'sortAttrs:41895662:49 'sortCases:1055583:49 'findBorder:4328062:49 'sortAttrs:38200955:48 'sortCases:1036473:48 'findBorder:3697437:48 'sortAttrs:65369744:46 'sortCases:763311:46 'findBorder:4959941:46 'sortAttrs:50784712:45 'sortCases:952251:45 'findBorder:3652661:45 'sortAttrs:32552524:44 'sortCases:925076:44 'findBorder:3511438:44 'sortAttrs:31589162:43 'sortCases:920245:43 'findBorder:9462406:43 'sortAttrs:33560561:42 'sortCases:925722:42 'findBorder:3634109:42 'sortAttrs:31898876:41 'sortCases:1101743:41 'findBorder:4029355:41 'sortAttrs:32324061:40 'sortCases:935024:40 'findBorder:3747710:40 'sortAttrs:34716297:39 'sortCases:925043:39 'findBorder:3381596:39 'sortAttrs:29416216:38 'sortCases:877065:38 'findBorder:3432461:38 'sortAttrs:27413904:37 'sortCases:979884:37 'findBorder:3670861:37 'sortAttrs:26247163:36 'sortCases:951533:36 'findBorder:3756442:36 'sortAttrs:29782736:35 'sortCases:950845:35 'findBorder:3494549:35 'sortAttrs:25993026:34 'sortCases:882475:34 'findBorder:3555795:34 'sortAttrs:24471163:33 'sortCases:876535:33 'findBorder:3294655:33 'sortAttrs:24319109:32 'sortCases:955549:32 'findBorder:3496724:32 'sortAttrs:23941595:31 'sortCases:853810:31 'findBorder:2936483:31 'sortAttrs:24283606:30 'sortCases:854468:30 'findBorder:3023049:30 'sortAttrs:20692876:28 'sortCases:865841:28 'findBorder:3093671:28 'sortAttrs:22447527:27 'sortCases:914728:27 'findBorder:3302969:27 'sortAttrs:20110002:26 'sortCases:930187:26 'findBorder:3237520:26 'sortAttrs:18533840:25 'sortCases:861001:25 'findBorder:3066081:25 'sortAttrs:20491553:24 'sortCases:1015211:24 'findBorder:3467500:24 'sortAttrs:19028663:23 'sortCases:947316:23 'findBorder:3095029:23 'sortAttrs:18340845:22 'sortCases:1003578:22 'findBorder:3602373:22 'sortAttrs:17274465:21 'sortCases:936822:21 'findBorder:3420128:21 'sortAttrs:16697200:20 'sortCases:954677:20 'findBorder:3587620:20 'sortAttrs:15852876:19 'sortCases:922117:19 'findBorder:3280627:19 'sortAttrs:17811026:18 'sortCases:933558:18 'findBorder:3321761:18 'sortAttrs:13862693:17 'sortCases:947029:17 'findBorder:3144206:17 'sortAttrs:13225110:16 'sortCases:945567:16 'findBorder:3395527:16 'sortAttrs:12833333:15 'sortCases:1001624:15 'findBorder:2981795:15 'sortAttrs:11750573:14 'sortCases:899540:14 'findBorder:2464064:14 'sortAttrs:11355468:13 'sortCases:930811:13 'findBorder:2750650:13 'sortAttrs:10107950:12 'sortCases:905495:12 'findBorder:2844974:12 'sortAttrs:9402198:11 'sortCases:898515:11 'findBorder:2812108:11 'sortAttrs:8694436:10 'sortCases:934762:10 'findBorder:2826343:10 'sortAttrs:7702175:9 'sortCases:925566:9 'findBorder:2752391:9 'sortAttrs:6790527:8 'sortCases:905425:8 'findBorder:5087648:8 'sortAttrs:5833885:7 'sortCases:942838:7 'findBorder:2067892:7 'sortAttrs:5501289:6 'sortCases:921161:6 'findBorder:2290874:6 'sortAttrs:4634647:5 'sortCases:924268:5 'findBorder:692240:5
