# Parameters
## Input file = sylva-10-disc.arff
## Output file = out/sylva-10-disc.arff-ratio-0.6-bornfs.arff
## Algorithm = bornfs
## Sorting measure = ratio of relevance to noise
## Threshold = 0.6
## Level of detail of log = low

# Run-time
## Creating a dataset object = 660,985,248 nsec
## Sorting features = 446,476,565 nsec
## Sorting instances = 50,730,234 nsec
## Selecting features = 75,181,186 nsec

# 4features selected.
# Selected features
'feature-197 'feature-172 'feature-84 'feature-20

# Statistics
## Number of instances = 13086
## Number of features = 217
## H(C) = 0.3334
## H(Entire) = 13.6757
## H(Entire, C) = 13.6757
## I(Entire; C) = 0.3334
## H(Selected) = 0.8078
## H(Selected, C) = 0.9344
## I(Selected; C) = 0.2068
## H(Selected | C) = 0.6010
## mu_H = 0.3625
## mu_G = 0.3985

# Events: function name:time (nsec):arguments
## sortAttrs:time:#_features
## sortCases:time:#_features
## findBorder:time:#_features
'sortAttrs:411451050:215 'sortCases:43563171:215 'findBorder:54784895:215 'sortAttrs:15547515:7 'sortCases:2394426:7 'findBorder:6868780:7 'sortAttrs:13123667:6 'sortCases:2044730:6 'findBorder:8268123:6 'sortAttrs:6354333:5 'sortCases:2727907:5 'findBorder:5259388:5
