# Parameters
## Input file = sylva-10-disc.arff
## Output file = out/sylva-10-disc.arff-noise-0.7-bornfs.arff
## Algorithm = bornfs
## Sorting measure = negative noise
## Threshold = 0.7
## Level of detail of log = low

# Run-time
## Creating a dataset object = 678,056,737 nsec
## Sorting features = 6,937,875,794 nsec
## Sorting instances = 135,974,515 nsec
## Selecting features = 502,755,029 nsec

# 109features selected.
# Selected features
'feature-13 'feature-135 'feature-106 'feature-174 'feature-81 'feature-2 'feature-145 'feature-12 'feature-162 'feature-129 'feature-74 'feature-63 'feature-202 'feature-15 'feature-123 'feature-53 'feature-131 'feature-119 'feature-166 'feature-176 'feature-214 'feature-191 'feature-130 'feature-184 'feature-193 'feature-117 'feature-65 'feature-44 'feature-136 'feature-89 'feature-113 'feature-18 'feature-157 'feature-60 'feature-0 'feature-97 'feature-22 'feature-147 'feature-171 'feature-122 'feature-96 'feature-31 'feature-188 'feature-11 'feature-141 'feature-139 'feature-94 'feature-76 'feature-152 'feature-105 'feature-159 'feature-33 'feature-8 'feature-71 'feature-143 'feature-26 'feature-83 'feature-140 'feature-79 'feature-156 'feature-10 'feature-102 'feature-4 'feature-34 'feature-7 'feature-1 'feature-78 'feature-52 'feature-62 'feature-58 'feature-73 'feature-211 'feature-85 'feature-47 'feature-208 'feature-167 'feature-35 'feature-177 'feature-95 'feature-150 'feature-61 'feature-205 'feature-153 'feature-168 'feature-121 'feature-107 'feature-25 'feature-91 'feature-111 'feature-148 'feature-67 'feature-128 'feature-118 'feature-86 'feature-163 'feature-30 'feature-209 'feature-28 'feature-164 'feature-50 'feature-57 'feature-160 'feature-16 'feature-114 'feature-100 'feature-173 'feature-32 'feature-206 'feature-90

# Statistics
## Number of instances = 13086
## Number of features = 217
## H(C) = 0.3334
## H(Entire) = 13.6757
## H(Entire, C) = 13.6757
## I(Entire; C) = 0.3334
## H(Selected) = 6.1697
## H(Selected, C) = 6.2698
## I(Selected; C) = 0.2334
## H(Selected | C) = 5.9363
## mu_H = 0.0718
## mu_G = 0.1627

# Events: function name:time (nsec):arguments
## sortAttrs:time:#_features
## sortCases:time:#_features
## findBorder:time:#_features
'sortAttrs:347882660:215 'sortCases:31284808:215 'findBorder:58583616:215 'sortAttrs:145709650:116 'sortCases:2986490:116 'findBorder:16388909:116 'sortAttrs:91276578:115 'sortCases:2678774:115 'findBorder:13635145:115 'sortAttrs:83317786:114 'sortCases:2112802:114 'findBorder:13309215:114 'sortAttrs:73257591:113 'sortCases:2110372:113 'findBorder:9541977:113 'sortAttrs:79987492:112 'sortCases:2121578:112 'findBorder:9207036:112 'sortAttrs:85578114:111 'sortCases:2005879:111 'findBorder:13304242:111 'sortAttrs:119219289:110 'sortCases:1898307:110 'findBorder:8491849:110 'sortAttrs:122903219:109 'sortCases:2044135:109 'findBorder:7617484:109 'sortAttrs:118946576:108 'sortCases:1923063:108 'findBorder:7556906:108 'sortAttrs:118410579:107 'sortCases:1655187:107 'findBorder:7104311:107 'sortAttrs:112875547:106 'sortCases:1568498:106 'findBorder:6705771:106 'sortAttrs:116641138:105 'sortCases:1643385:105 'findBorder:7028161:105 'sortAttrs:114497545:104 'sortCases:1434229:104 'findBorder:6141782:104 'sortAttrs:112217194:103 'sortCases:1391740:103 'findBorder:7711709:103 'sortAttrs:112838449:102 'sortCases:1522373:102 'findBorder:6587795:102 'sortAttrs:107233533:101 'sortCases:1646233:101 'findBorder:6329601:101 'sortAttrs:126221871:100 'sortCases:1524254:100 'findBorder:6322308:100 'sortAttrs:114884924:99 'sortCases:1179376:99 'findBorder:4629453:99 'sortAttrs:102236776:98 'sortCases:1373784:98 'findBorder:4421424:98 'sortAttrs:94544296:97 'sortCases:1287027:97 'findBorder:4601154:97 'sortAttrs:99667349:96 'sortCases:1219668:96 'findBorder:4310350:96 'sortAttrs:91296104:95 'sortCases:1274005:95 'findBorder:4205150:95 'sortAttrs:93238230:94 'sortCases:1197980:94 'findBorder:4170816:94 'sortAttrs:84151336:93 'sortCases:1160075:93 'findBorder:4318926:93 'sortAttrs:89679018:92 'sortCases:1111423:92 'findBorder:3851233:92 'sortAttrs:84936274:91 'sortCases:1100795:91 'findBorder:3841035:91 'sortAttrs:87805489:90 'sortCases:1072409:90 'findBorder:4224416:90 'sortAttrs:82480706:89 'sortCases:1072013:89 'findBorder:7402952:89 'sortAttrs:79895470:88 'sortCases:1068825:88 'findBorder:4069380:88 'sortAttrs:81332615:87 'sortCases:941991:87 'findBorder:3651495:87 'sortAttrs:80765672:86 'sortCases:1044332:86 'findBorder:3927780:86 'sortAttrs:74889065:85 'sortCases:967669:85 'findBorder:3745052:85 'sortAttrs:75807705:84 'sortCases:918413:84 'findBorder:3473678:84 'sortAttrs:74498977:83 'sortCases:951958:83 'findBorder:3935711:83 'sortAttrs:74386647:81 'sortCases:874048:81 'findBorder:3509458:81 'sortAttrs:77022909:80 'sortCases:843894:80 'findBorder:3357806:80 'sortAttrs:70070824:79 'sortCases:866949:79 'findBorder:3611270:79 'sortAttrs:66609980:78 'sortCases:942577:78 'findBorder:7556196:78 'sortAttrs:87582840:77 'sortCases:832594:77 'findBorder:3408874:77 'sortAttrs:67474588:76 'sortCases:826335:76 'findBorder:3496688:76 'sortAttrs:65610777:75 'sortCases:809589:75 'findBorder:3373779:75 'sortAttrs:65171396:74 'sortCases:828405:74 'findBorder:3635153:74 'sortAttrs:62571062:73 'sortCases:885579:73 'findBorder:3595099:73 'sortAttrs:111978255:72 'sortCases:834135:72 'findBorder:4040624:72 'sortAttrs:63566368:71 'sortCases:766946:71 'findBorder:3449633:71 'sortAttrs:64487678:70 'sortCases:799855:70 'findBorder:3458267:70 'sortAttrs:59065496:69 'sortCases:760676:69 'findBorder:3249210:69 'sortAttrs:59256688:68 'sortCases:774474:68 'findBorder:3196200:68 'sortAttrs:58848582:67 'sortCases:764778:67 'findBorder:3321964:67 'sortAttrs:56217391:66 'sortCases:726865:66 'findBorder:3097048:66 'sortAttrs:57574389:65 'sortCases:740583:65 'findBorder:3172824:65 'sortAttrs:59150030:64 'sortCases:734671:64 'findBorder:3116276:64 'sortAttrs:54643664:63 'sortCases:770167:63 'findBorder:2956052:63 'sortAttrs:57266930:62 'sortCases:690181:62 'findBorder:2842667:62 'sortAttrs:56252201:61 'sortCases:673710:61 'findBorder:2837830:61 'sortAttrs:57691880:60 'sortCases:691236:60 'findBorder:2901787:60 'sortAttrs:52868705:59 'sortCases:669978:59 'findBorder:2881317:59 'sortAttrs:54022799:58 'sortCases:675166:58 'findBorder:2852785:58 'sortAttrs:56033160:57 'sortCases:791743:57 'findBorder:3320545:57 'sortAttrs:52218055:56 'sortCases:731599:56 'findBorder:2916831:56 'sortAttrs:51516399:54 'sortCases:767508:54 'findBorder:2904429:54 'sortAttrs:53209422:53 'sortCases:719989:53 'findBorder:2762317:53 'sortAttrs:48196483:52 'sortCases:683362:52 'findBorder:2889853:52 'sortAttrs:46669134:51 'sortCases:641786:51 'findBorder:2569148:51 'sortAttrs:87515762:50 'sortCases:754159:50 'findBorder:3159141:50 'sortAttrs:46909286:49 'sortCases:648351:49 'findBorder:2711278:49 'sortAttrs:48174766:48 'sortCases:642984:48 'findBorder:2738062:48 'sortAttrs:47280568:47 'sortCases:752486:47 'findBorder:3061225:47 'sortAttrs:49911219:46 'sortCases:721727:46 'findBorder:3115244:46 'sortAttrs:49089439:45 'sortCases:638064:45 'findBorder:2863473:45 'sortAttrs:45490041:44 'sortCases:712985:44 'findBorder:3044402:44 'sortAttrs:47381894:43 'sortCases:724910:43 'findBorder:3289583:43 'sortAttrs:43678830:42 'sortCases:737958:42 'findBorder:3259011:42 'sortAttrs:46990239:41 'sortCases:726272:41 'findBorder:3115386:41 'sortAttrs:43295235:40 'sortCases:667044:40 'findBorder:3174395:40 'sortAttrs:44293251:39 'sortCases:744334:39 'findBorder:3416654:39 'sortAttrs:40445594:38 'sortCases:678601:38 'findBorder:3144398:38 'sortAttrs:40381879:37 'sortCases:668092:37 'findBorder:3134358:37 'sortAttrs:39327468:36 'sortCases:654282:36 'findBorder:3039076:36 'sortAttrs:37577884:35 'sortCases:677944:35 'findBorder:3066719:35 'sortAttrs:38174612:34 'sortCases:713062:34 'findBorder:3036962:34 'sortAttrs:35239623:33 'sortCases:649358:33 'findBorder:2784667:33 'sortAttrs:35937404:32 'sortCases:618441:32 'findBorder:2849426:32 'sortAttrs:33371426:31 'sortCases:722319:31 'findBorder:2747509:31 'sortAttrs:32566798:30 'sortCases:676323:30 'findBorder:2569868:30 'sortAttrs:32531153:29 'sortCases:651986:29 'findBorder:2368981:29 'sortAttrs:30026223:28 'sortCases:669846:28 'findBorder:2350731:28 'sortAttrs:31377578:27 'sortCases:703282:27 'findBorder:2475021:27 'sortAttrs:31428146:26 'sortCases:667201:26 'findBorder:2612190:26 'sortAttrs:29407614:25 'sortCases:673789:25 'findBorder:2358649:25 'sortAttrs:28340215:23 'sortCases:686848:23 'findBorder:2636661:23 'sortAttrs:25325202:22 'sortCases:690589:22 'findBorder:2297997:22 'sortAttrs:23030341:21 'sortCases:624944:21 'findBorder:2473941:21 'sortAttrs:22276795:20 'sortCases:645885:20 'findBorder:2568812:20 'sortAttrs:22838352:19 'sortCases:664103:19 'findBorder:2951323:19 'sortAttrs:19819823:18 'sortCases:635053:18 'findBorder:2676242:18 'sortAttrs:19226455:17 'sortCases:651692:17 'findBorder:2604965:17 'sortAttrs:18288365:16 'sortCases:658379:16 'findBorder:2388791:16 'sortAttrs:16797019:15 'sortCases:672904:15 'findBorder:2536734:15 'sortAttrs:17704236:14 'sortCases:658043:14 'findBorder:2262362:14 'sortAttrs:14022030:13 'sortCases:664097:13 'findBorder:2061750:13 'sortAttrs:12729015:12 'sortCases:634598:12 'findBorder:2217615:12 'sortAttrs:11974429:11 'sortCases:685865:11 'findBorder:2318957:11 'sortAttrs:10793939:10 'sortCases:651220:10 'findBorder:2167157:10 'sortAttrs:9548850:9 'sortCases:645618:9 'findBorder:2223988:9 'sortAttrs:8444436:8 'sortCases:644383:8 'findBorder:2287133:8 'sortAttrs:9558413:7 'sortCases:653466:7 'findBorder:1710921:7 'sortAttrs:6112491:6 'sortCases:633423:6 'findBorder:1788523:6 'sortAttrs:4881907:5 'sortCases:664377:5 'findBorder:464996:5
