# Parameters
## Input file = datasets/spambase-disc.arff
## Output file = datasets/spambase-disc.arff.0.7.out.arff
## Threshold = 0.7
## Level of detail of log = hi

# Run-time
## Creating a dataset object = 302 msec.
## Selecting features = 274 msec.

# Selected features
'word_freq_hp 'word_freq_your 'word_freq_money 'word_freq_free 'char_freq_! 'word_freq_remove 'char_freq_$

# Statistics
## Number of instances = 4601
## Number of features = 58
## H(C) = 0.9674
## H(Entire) = 11.4334
## H(Entire, C) = 11.4434
## I(Entire; C) = 0.9574
## H(Selected) = 6.2368
## H(Selected, C) = 6.5226
## I(Selected; C) = 0.6815
## H(Selected | C) = 5.5553
## mu_H = 0.1895
## mu_G = 0.2789
## Entropy of features
0:0.7829 1:0.7872 2:1.0228 3:0.0720 4:1.2932 5:0.9209 6:0.6699 7:0.6771 8:0.6476 9:0.9597 10:0.6356 11:1.5836 12:0.6561 13:0.4364 14:0.3691 15:0.8217 16:0.8783 17:0.7687 18:1.9066 19:0.4232 20:1.4109 21:0.1675 22:0.6337 23:0.6337 24:1.0159 25:0.6631 26:0.7683 27:0.4710 28:0.3827 29:0.4529 30:0.3419 31:0.2628 32:0.4916 33:0.2512 34:0.4443 35:0.5896 36:0.6576 37:0.0000 38:0.4604 39:0.0764 40:0.2051 41:0.3009 42:0.2928 43:0.3818 44:1.3942 45:0.5565 46:0.0000 47:0.2609 48:0.4627 49:1.8943 50:0.4564 51:1.7255 52:1.3081 53:0.7635 54:2.1379 55:2.3923 56:2.4660

## Entropy of features and labels
0:1.7006 1:1.6638 2:1.8920 3:1.0322 4:2.1352 5:1.8131 6:1.4240 7:1.5604 8:1.5487 9:1.8538 10:1.5035 11:2.4899 12:1.5849 13:1.3839 14:1.2817 15:1.6017 16:1.7530 17:1.6726 18:2.7528 19:1.3091 20:2.1714 21:1.1205 22:1.4547 23:1.4272 24:1.8289 25:1.5168 26:1.6079 27:1.3928 28:1.2954 29:1.3632 30:1.2662 31:1.2003 32:1.4338 33:1.1930 34:1.3606 35:1.5322 36:1.5683 37:0.9674 38:1.4008 39:1.0383 40:1.1505 41:1.2283 42:1.2344 43:1.3224 44:2.3103 45:1.4724 46:0.9674 47:1.2111 48:1.4220 49:2.8060 50:1.4121 51:2.4123 52:2.0142 53:1.6720 54:2.9076 55:3.1297 56:3.2692

