# Parameters
## Input file = datasets/spambase-disc.arff.0.5.out.arff
## Output file = datasets/spambase-disc.arff.0.5.out.arff.0.6.out.arff
## Threshold = 0.6
## Level of detail of log = hi

# Run-time
## Creating a dataset object = 203 msec.
## Selecting features = 42 msec.

# Selected features
'char_freq_$ 'word_freq_remove

# Statistics
## Number of instances = 4601
## Number of features = 4
## H(C) = 0.9674
## H(Entire) = 3.4082
## H(Entire, C) = 3.8504
## I(Entire; C) = 0.5252
## H(Selected) = 1.8862
## H(Selected, C) = 2.4634
## I(Selected; C) = 0.3902
## H(Selected | C) = 1.4960
## mu_H = 0.3236
## mu_G = 0.3920
## Entropy of features
0:1.7255 1:1.3081 2:0.6699

## Entropy of features and labels
0:2.4123 1:2.0142 2:1.4240

