# Parameters
## Input file = datasets/spambase-disc.arff.0.8.out.arff
## Output file = datasets/spambase-disc.arff.0.8.out.arff.0.9.out.arff
## Threshold = 0.9
## Level of detail of log = hi

# Run-time
## Creating a dataset object = 216 msec.
## Selecting features = 184 msec.

# Selected features
'word_freq_hp 'word_freq_your 'word_freq_000 'word_freq_money 'word_freq_free 'char_freq_! 'word_freq_remove 'char_freq_$

# Statistics
## Number of instances = 4601
## Number of features = 10
## H(C) = 0.9674
## H(Entire) = 7.9792
## H(Entire, C) = 8.1693
## I(Entire; C) = 0.7773
## H(Selected) = 6.4968
## H(Selected, C) = 6.7635
## I(Selected; C) = 0.7006
## H(Selected | C) = 5.7961
## mu_H = 0.1926
## mu_G = 0.3118
## Entropy of features
0:2.3923 1:0.6337 2:1.4109 3:0.6337 4:0.8217 5:0.6699 6:1.0159 7:1.3081 8:1.7255

## Entropy of features and labels
0:3.1297 1:1.4547 2:2.1714 3:1.4272 4:1.6017 5:1.4240 6:1.8289 7:2.0142 8:2.4123

