# Parameters
## Input file = datasets/spambase-disc.arff.0.6.out.arff
## Output file = datasets/spambase-disc.arff.0.6.out.arff.1.0.out.arff
## Threshold = 1.0
## Level of detail of log = hi

# Run-time
## Creating a dataset object = 189 msec.
## Selecting features = 88 msec.

# Selected features
'word_freq_free 'char_freq_! 'word_freq_money 'char_freq_$ 'word_freq_remove

# Statistics
## Number of instances = 4601
## Number of features = 6
## H(C) = 0.9674
## H(Entire) = 4.4101
## H(Entire, C) = 4.7822
## I(Entire; C) = 0.5953
## H(Selected) = 4.4101
## H(Selected, C) = 4.7822
## I(Selected; C) = 0.5953
## H(Selected | C) = 3.8148
## mu_H = 0.2379
## mu_G = 0.3674
## Entropy of features
0:0.8217 1:1.7255 2:0.6337 3:1.3081 4:0.6699

## Entropy of features and labels
0:1.6017 1:2.4123 2:1.4272 3:2.0142 4:1.4240

