=== Run information ===

Evaluator:    weka.attributeSelection.CfsSubsetEval -P 1 -E 1
Search:       weka.attributeSelection.RerankingSearch -method 0 -blockSize 20 -rankingMeasure 0 -search "weka.attributeSelection.GreedyStepwise -T -1.7976931348623157E308 -N -1 -num-slots 1"
Relation:     ./ada_train-weka.filters.unsupervised.attribute.Discretize-B10-M-1.0-Rfirst-last
Instances:    4147
Attributes:   49
              attr0
              attr1
              attr2
              attr3
              attr4
              attr5
              attr6
              attr7
              attr8
              attr9
              attr10
              attr11
              attr12
              attr13
              attr14
              attr15
              attr16
              attr17
              attr18
              attr19
              attr20
              attr21
              attr22
              attr23
              attr24
              attr25
              attr26
              attr27
              attr28
              attr29
              attr30
              attr31
              attr32
              attr33
              attr34
              attr35
              attr36
              attr37
              attr38
              attr39
              attr40
              attr41
              attr42
              attr43
              attr44
              attr45
              attr46
              attr47
              CLASS
Evaluation mode:    evaluate on all training data



=== Attribute Selection on all input data ===

Search Method:
Selected attributes: 43 30 26 14 31 
Total Search Time in milliseconds: 111.0
Reranking Time in milliseconds: 11.0
Blocks searched: 2
Attribute Evaluator during search:        CFS Subset Evaluator
       Including locally predictive attributes

Options of RerankingSearch:
-method 0 -blockSize 20 -rankingMeasure 0 -search weka.attributeSelection.GreedyStepwise -P 1,2,3,4,5 -T -1.7976931348623157E308 -N -1 -num-slots 1 
Attribute Subset Evaluator (supervised, Class (nominal): 49 CLASS):
       CFS Subset Evaluator
       Including locally predictive attributes

Selected attributes: 1,2,10,15,27,31,32,40,42,44 : 10
                     attr0
                     attr1
                     attr9
                     attr14
                     attr26
                     attr30
                     attr31
                     attr39
                     attr41
                     attr43

