# Parameters
## Input file = datasets/hiva.arff.0.6.out.arff
## Output file = datasets/hiva.arff.0.6.out.arff.0.9.out.arff
## Threshold = 0.9
## Level of detail of log = hi

# Run-time
## Creating a dataset object = 224 msec.
## Selecting features = 1129 msec.

# Selected features
'attr807 'attr1167 'attr1496 'attr1200 'attr1443 'attr1155 'attr1497 'attr468 'attr1093 'attr1231 'attr280 'attr645 'attr751 'attr164 'attr1314 'attr811 'attr556 'attr194 'attr1237 'attr135 'attr1519 'attr276 'attr1131 'attr973 'attr1105 'attr272 'attr1514 'attr1510 'attr604 'attr631 'attr580 'attr253 'attr1009 'attr992 'attr710 'attr882 'attr805 'attr163 'attr1183 'attr778 'attr1460 'attr744 'attr9 'attr837 'attr100 'attr67 'attr246 'attr54 'attr949 'attr1258 'attr148 'attr1116 'attr442 'attr1296 'attr1370 'attr432 'attr968 'attr1245 'attr1074

# Statistics
## Number of instances = 3845
## Number of features = 76
## H(C) = 0.2194
## H(Entire) = 5.7612
## H(Entire, C) = 5.8493
## I(Entire; C) = 0.1313
## H(Selected) = 5.0310
## H(Selected, C) = 5.1322
## I(Selected; C) = 0.1182
## H(Selected | C) = 4.9128
## mu_H = 0.0458
## mu_G = 0.1454
## Entropy of features
0:0.1712 1:0.3802 2:0.1144 3:0.2872 4:0.0622 5:0.2613 6:0.0935 7:0.0469 8:0.1033 9:0.1144 10:0.0368 11:0.0952 12:0.0640 13:0.0968 14:0.1297 15:0.1488 16:0.1267 17:0.1175 18:0.1643 19:0.1372 20:0.2219 21:0.1144 22:0.0528 23:0.0622 24:0.0585 25:0.1342 26:0.1574 27:0.0430 28:0.0622 29:0.1643 30:0.1342 31:0.1643 32:0.0748 33:0.0730 34:0.2461 35:0.0712 36:0.5394 37:0.4889 38:0.4735 39:0.3580 40:0.1913 41:0.1474 42:0.1503 43:0.1807 44:0.1685 45:0.1588 46:0.1206 47:0.1503 48:0.1630 49:0.0528 50:0.3629 51:0.4808 52:0.4719 53:0.2613 54:0.0852 55:0.3580 56:0.4416 57:0.2960 58:0.4519 59:0.4044 60:0.5540 61:0.1926 62:0.6222 63:0.3868 64:0.2365 65:0.2256 66:0.0919 67:0.2043 68:0.1144 69:0.0730 70:0.0509 71:0.0640 72:0.0935 73:0.1017 74:0.5674

## Entropy of features and labels
0:0.3874 1:0.5947 2:0.3306 3:0.5020 4:0.2792 5:0.4763 6:0.3103 7:0.2641 8:0.3175 9:0.3299 10:0.2543 11:0.3120 12:0.2811 13:0.3130 14:0.3458 15:0.3643 16:0.3427 17:0.3338 18:0.3784 19:0.3499 20:0.4356 21:0.3292 22:0.2693 23:0.2792 24:0.2753 25:0.3491 26:0.3704 27:0.2589 28:0.2792 29:0.3803 30:0.3484 31:0.3784 32:0.2915 33:0.2881 34:0.4612 35:0.2798 36:0.7519 37:0.7000 38:0.6841 39:0.5672 40:0.4058 41:0.3607 42:0.3637 43:0.3947 44:0.3820 45:0.3718 46:0.3220 47:0.3651 48:0.3789 49:0.2693 50:0.5730 51:0.6922 52:0.6829 53:0.4706 54:0.2973 55:0.5724 56:0.6556 57:0.5082 58:0.6653 59:0.6156 60:0.7645 61:0.4004 62:0.8339 63:0.5995 64:0.4475 65:0.4360 66:0.3071 67:0.4144 68:0.3299 69:0.2889 70:0.2643 71:0.2775 72:0.3080 73:0.3166 74:0.7799

