# Parameters
## Input file = datasets/hiva.arff.0.8.out.arff
## Output file = datasets/hiva.arff.0.8.out.arff.0.7.out.arff
## Threshold = 0.7
## Level of detail of log = hi

# Run-time
## Creating a dataset object = 244 msec.
## Selecting features = 1061 msec.

# Selected features
'attr952 'attr906 'attr562 'attr83 'attr645 'attr807 'attr1167 'attr1200 'attr468 'attr1229 'attr795 'attr1131 'attr431 'attr1231 'attr751 'attr253 'attr147 'attr811 'attr194 'attr135 'attr276 'attr1264 'attr1463 'attr1589 'attr810 'attr423 'attr1395 'attr1009 'attr778 'attr882 'attr805 'attr1460 'attr163 'attr100 'attr67 'attr1123 'attr1245 'attr1155 'attr432 'attr1296 'attr837 'attr148 'attr1367 'attr1074

# Statistics
## Number of instances = 3845
## Number of features = 83
## H(C) = 0.2194
## H(Entire) = 8.8163
## H(Entire, C) = 8.8606
## I(Entire; C) = 0.1751
## H(Selected) = 5.6554
## H(Selected, C) = 5.7522
## I(Selected; C) = 0.1226
## H(Selected | C) = 5.5328
## mu_H = 0.0420
## mu_G = 0.1232
## Entropy of features
0:0.3319 1:0.1387 2:0.1726 3:0.1991 4:0.3440 5:0.1144 6:0.2905 7:0.0585 8:0.0800 9:0.0935 10:0.1297 11:0.2613 12:0.2377 13:0.2872 14:0.1545 15:0.0622 16:0.7418 17:0.1342 18:0.1372 19:0.0765 20:0.1712 21:0.1175 22:0.1488 23:0.0919 24:0.1267 25:0.1144 26:0.2817 27:0.1144 28:0.1874 29:0.1712 30:0.2413 31:0.2520 32:0.2496 33:0.2425 34:0.2485 35:0.2693 36:0.2485 37:0.2761 38:0.2219 39:0.0430 40:0.1474 41:0.0528 42:0.1616 43:0.4433 44:0.2543 45:0.2461 46:0.8016 47:0.3215 48:0.1712 49:0.0368 50:0.0528 51:0.3580 52:0.2043 53:0.1503 54:0.1952 55:0.3840 56:0.2636 57:0.4808 58:0.3629 59:0.2613 60:0.2795 61:0.3461 62:0.1416 63:0.0730 64:0.5540 65:0.5394 66:0.5674 67:0.2508 68:0.7183 69:0.4089 70:0.4416 71:0.4519 72:0.4044 73:0.3868 74:0.2256 75:0.7125 76:0.3184 77:0.1913 78:0.6685 79:0.6222 80:0.6946 81:0.1017

## Entropy of features and labels
0:0.5483 1:0.3561 2:0.3894 3:0.4161 4:0.5603 5:0.3318 6:0.5064 7:0.2761 8:0.2970 9:0.3103 10:0.3458 11:0.4763 12:0.4542 13:0.5020 14:0.3719 15:0.2792 16:0.9551 17:0.3484 18:0.3499 19:0.2941 20:0.3874 21:0.3338 22:0.3660 23:0.3071 24:0.3427 25:0.3292 26:0.4983 27:0.3299 28:0.4035 29:0.3874 30:0.4579 31:0.4688 32:0.4664 33:0.4591 34:0.4651 35:0.4856 36:0.4642 37:0.4921 38:0.4356 39:0.2589 40:0.3646 41:0.2693 42:0.3780 43:0.6591 44:0.4707 45:0.4612 46:1.0163 47:0.5373 48:0.3874 49:0.2543 50:0.2693 51:0.5672 52:0.4144 53:0.3651 54:0.4121 55:0.5999 56:0.4797 57:0.6922 58:0.5730 59:0.4706 60:0.4955 61:0.5624 62:0.3493 63:0.2881 64:0.7645 65:0.7519 66:0.7799 67:0.4676 68:0.9331 69:0.6243 70:0.6556 71:0.6653 72:0.6156 73:0.5995 74:0.4360 75:0.9275 76:0.5345 77:0.4058 78:0.8834 79:0.8339 80:0.9075 81:0.3166

