# Parameters
## Input file = datasets/gina-10-disc.arff.1.0.out.arff
## Output file = datasets/gina-10-disc.arff.1.0.out.arff.0.9.out.arff
## Threshold = 0.9
## Level of detail of log = hi

# Run-time
## Creating a dataset object = 258 msec.
## Selecting features = 528 msec.

# Selected features
'attr191 'attr93 'attr591 'attr479 'attr43 'attr30 'attr518 'attr694 'attr741 'attr113

# Statistics
## Number of instances = 3153
## Number of features = 20
## H(C) = 0.9998
## H(Entire) = 11.5432
## H(Entire, C) = 11.5432
## I(Entire; C) = 0.9998
## H(Selected) = 10.6066
## H(Selected, C) = 10.7025
## I(Selected; C) = 0.9039
## H(Selected | C) = 9.7027
## mu_H = 0.1558
## mu_G = 0.2776
## Entropy of features
0:2.0919 1:1.8101 2:0.7539 3:1.6053 4:0.5670 5:1.4127 6:1.9991 7:2.2352 8:2.0516 9:2.0266 10:2.1448 11:1.9760 12:1.9434 13:1.8235 14:2.3103 15:2.0300 16:2.0740 17:2.1601 18:2.4379

## Entropy of features and labels
0:3.0431 1:2.7558 2:1.6960 3:2.5431 4:1.5127 5:2.3498 6:2.9501 7:3.1761 8:2.9886 9:2.9504 10:3.0409 11:2.8838 12:2.7959 13:2.6812 14:3.2295 15:2.9477 16:2.9626 17:3.0785 18:3.3795

