# Parameters
## Input file = datasets/gina-10-disc.arff.0.6.out.arff
## Output file = datasets/gina-10-disc.arff.0.6.out.arff.0.6.out.arff
## Threshold = 0.6
## Level of detail of log = hi

# Run-time
## Creating a dataset object = 208 msec.
## Selecting features = 107 msec.

# Selected features
'attr619 'attr878 'attr655

# Statistics
## Number of instances = 3153
## Number of features = 8
## H(C) = 0.9998
## H(Entire) = 6.6717
## H(Entire, C) = 7.0490
## I(Entire; C) = 0.6225
## H(Selected) = 4.3362
## H(Selected, C) = 4.9607
## I(Selected; C) = 0.3753
## H(Selected | C) = 3.9609
## mu_H = 0.1514
## mu_G = 0.2284
## Entropy of features
0:1.9434 1:1.8761 2:1.8954 3:1.7713 4:1.8608 5:1.6980 6:1.4424

## Entropy of features and labels
0:2.7959 1:2.7210 2:2.7350 3:2.5911 4:2.6869 5:2.5157 6:2.3037

