# Parameters
## Input file = datasets/gina-10-disc.arff.0.7.out.arff
## Output file = datasets/gina-10-disc.arff.0.7.out.arff.1.0.out.arff
## Threshold = 1.0
## Level of detail of log = hi

# Run-time
## Creating a dataset object = 220 msec.
## Selecting features = 401 msec.

# Selected features
'attr600 'attr30 'attr619 'attr421 'attr13 'attr878 'attr741 'attr443 'attr841

# Statistics
## Number of instances = 3153
## Number of features = 10
## H(C) = 0.9998
## H(Entire) = 7.6239
## H(Entire, C) = 7.9234
## I(Entire; C) = 0.7003
## H(Selected) = 7.6239
## H(Selected, C) = 7.9234
## I(Selected; C) = 0.7003
## H(Selected | C) = 6.9236
## mu_H = 0.1682
## mu_G = 0.3031
## Entropy of features
0:1.9641 1:1.9434 2:1.8954 3:1.8761 4:1.8608 5:1.6980 6:1.8235 7:1.4424 8:1.4666

## Entropy of features and labels
0:2.8239 1:2.7959 2:2.7350 3:2.7210 4:2.6869 5:2.5157 6:2.6812 7:2.3037 8:2.3437

