# Parameters
## Input file = datasets/gina-10-disc.arff.0.5.out.arff
## Output file = datasets/gina-10-disc.arff.0.5.out.arff.0.7.out.arff
## Threshold = 0.7
## Level of detail of log = hi

# Run-time
## Creating a dataset object = 203 msec.
## Selecting features = 120 msec.

# Selected features
'attr619 'attr13 'attr10 'attr655

# Statistics
## Number of instances = 3153
## Number of features = 6
## H(C) = 0.9998
## H(Entire) = 5.6935
## H(Entire, C) = 6.1844
## I(Entire; C) = 0.5089
## H(Selected) = 5.0443
## H(Selected, C) = 5.6403
## I(Selected; C) = 0.4038
## H(Selected | C) = 4.6405
## mu_H = 0.1454
## mu_G = 0.2521
## Entropy of features
0:1.4424 1:1.8608 2:1.6350 3:1.7713 4:1.8954

## Entropy of features and labels
0:2.3037 1:2.6869 2:2.4692 3:2.5911 4:2.7350

