# Parameters
## Input file = datasets/madelon-10-disc.arff.0.9.out.arff
## Output file = datasets/madelon-10-disc.arff.0.9.out.arff.0.8.out.arff
## Threshold = 0.8
## Level of detail of log = hi

# Run-time
## Creating a dataset object = 223 msec.
## Selecting features = 185 msec.

# Selected features
'feature-472 'feature-105 'feature-338 'feature-64 'feature-241

# Statistics
## Number of instances = 2000
## Number of features = 8
## H(C) = 1.0000
## H(Entire) = 10.4167
## H(Entire, C) = 10.5154
## I(Entire; C) = 0.9014
## H(Selected) = 9.7171
## H(Selected, C) = 9.9584
## I(Selected; C) = 0.7587
## H(Selected | C) = 8.9584
## mu_H = 0.1429
## mu_G = 0.2564
## Entropy of features
0:2.7534 1:2.6020 2:2.5079 3:2.6882 4:2.7520 5:2.7489 6:2.7330

## Entropy of features and labels
0:3.7319 1:3.5665 2:3.4673 3:3.6502 4:3.7197 5:3.7184 6:3.6864

