# Parameters
## Input file = datasets/madelon-10-disc.arff.0.6.out.arff
## Output file = datasets/madelon-10-disc.arff.0.6.out.arff.1.0.out.arff
## Threshold = 1.0
## Level of detail of log = hi

# Run-time
## Creating a dataset object = 202 msec.
## Selecting features = 170 msec.

# Selected features
'feature-336 'feature-338 'feature-128 'feature-105 'feature-241

# Statistics
## Number of instances = 2000
## Number of features = 6
## H(C) = 1.0000
## H(Entire) = 9.2491
## H(Entire, C) = 9.6341
## I(Entire; C) = 0.6150
## H(Selected) = 9.2491
## H(Selected, C) = 9.6341
## I(Selected; C) = 0.6150
## H(Selected | C) = 8.6341
## mu_H = 0.1247
## mu_G = 0.2579
## Entropy of features
0:2.7520 1:2.6882 2:2.6020 3:2.5079 4:2.7330

## Entropy of features and labels
0:3.7197 1:3.6502 2:3.5665 3:3.4673 4:3.6864

