# Parameters
## Input file = datasets/madelon-10-disc.arff.0.7.out.arff
## Output file = datasets/madelon-10-disc.arff.0.7.out.arff.0.9.out.arff
## Threshold = 0.9
## Level of detail of log = hi

# Run-time
## Creating a dataset object = 219 msec.
## Selecting features = 198 msec.

# Selected features
'feature-64 'feature-336 'feature-338 'feature-128 'feature-105 'feature-241

# Statistics
## Number of instances = 2000
## Number of features = 7
## H(C) = 1.0000
## H(Entire) = 9.7870
## H(Entire, C) = 10.0664
## I(Entire; C) = 0.7206
## H(Selected) = 9.7870
## H(Selected, C) = 10.0664
## I(Selected; C) = 0.7206
## H(Selected | C) = 9.0664
## mu_H = 0.1372
## mu_G = 0.2713
## Entropy of features
0:2.7489 1:2.7520 2:2.6882 3:2.6020 4:2.5079 5:2.7330

## Entropy of features and labels
0:3.7184 1:3.7197 2:3.6502 3:3.5665 4:3.4673 5:3.6864

