# Parameters
## Input file = datasets/madelon-10-disc.arff.1.0.out.arff
## Output file = datasets/madelon-10-disc.arff.1.0.out.arff.0.8.out.arff
## Threshold = 0.8
## Level of detail of log = hi

# Run-time
## Creating a dataset object = 226 msec.
## Selecting features = 215 msec.

# Selected features
'feature-378 'feature-336 'feature-475 'feature-472 'feature-338

# Statistics
## Number of instances = 2000
## Number of features = 10
## H(C) = 1.0000
## H(Entire) = 10.9408
## H(Entire, C) = 10.9408
## I(Entire; C) = 1.0000
## H(Selected) = 10.2237
## H(Selected, C) = 10.3367
## I(Selected; C) = 0.8870
## H(Selected | C) = 9.3367
## mu_H = 0.1581
## mu_G = 0.2774
## Entropy of features
0:2.7469 1:2.8686 2:2.7387 3:2.5478 4:2.7534 5:2.6882 6:2.7520 7:2.7489 8:2.8561

## Entropy of features and labels
0:3.7380 1:3.8563 2:3.7267 3:3.5387 4:3.7319 5:3.6502 6:3.7197 7:3.7184 8:3.8133

