# Parameters
## Input file = datasets/madelon-10-disc.arff.0.8.out.arff
## Output file = datasets/madelon-10-disc.arff.0.8.out.arff.0.7.out.arff
## Threshold = 0.7
## Level of detail of log = hi

# Run-time
## Creating a dataset object = 208 msec.
## Selecting features = 175 msec.

# Selected features
'feature-64 'feature-338 'feature-105 'feature-241 'feature-475

# Statistics
## Number of instances = 2000
## Number of features = 7
## H(C) = 1.0000
## H(Entire) = 10.0079
## H(Entire, C) = 10.2018
## I(Entire; C) = 0.8061
## H(Selected) = 9.0595
## H(Selected, C) = 9.4819
## I(Selected; C) = 0.5777
## H(Selected | C) = 8.4819
## mu_H = 0.1171
## mu_G = 0.2138
## Entropy of features
0:2.7534 1:2.5079 2:2.6882 3:2.7489 4:2.7330 5:2.8561

## Entropy of features and labels
0:3.7319 1:3.4673 2:3.6502 3:3.7184 4:3.6864 5:3.8133

