# Parameters
## Input file = datasets/madelon-10-disc.arff.0.9.out.arff
## Output file = datasets/madelon-10-disc.arff.0.9.out.arff.0.5.out.arff
## Threshold = 0.5
## Level of detail of log = hi

# Run-time
## Creating a dataset object = 213 msec.
## Selecting features = 148 msec.

# Selected features
'feature-336 'feature-338 'feature-241 'feature-105

# Statistics
## Number of instances = 2000
## Number of features = 8
## H(C) = 1.0000
## H(Entire) = 10.4167
## H(Entire, C) = 10.5154
## I(Entire; C) = 0.9014
## H(Selected) = 8.5698
## H(Selected, C) = 9.0411
## I(Selected; C) = 0.5287
## H(Selected | C) = 8.0411
## mu_H = 0.1117
## mu_G = 0.1902
## Entropy of features
0:2.7534 1:2.6020 2:2.5079 3:2.6882 4:2.7520 5:2.7489 6:2.7330

## Entropy of features and labels
0:3.7319 1:3.5665 2:3.4673 3:3.6502 4:3.7197 5:3.7184 6:3.6864

