# Parameters
## Input file = datasets/ada-10-disc.arff
## Output file = datasets/ada-10-disc.arff.1.0.out.arff
## Threshold = 1.0
## Level of detail of log = hi

# Run-time
## Creating a dataset object = 300 msec.
## Selecting features = 1356 msec.

# Selected features
'attr44 'attr21 'attr3 'attr10 'attr32 'attr33 'attr11 'attr12 'attr1 'attr22 'attr29 'attr16 'attr35 'attr18 'attr7 'attr2 'attr8 'attr9 'attr31 'attr41 'attr45 'attr15 'attr40 'attr30 'attr43 'attr39 'attr14 'attr24

# Statistics
## Number of instances = 4147
## Number of features = 49
## H(C) = 0.8083
## H(Entire) = 11.6776
## H(Entire, C) = 11.7524
## I(Entire; C) = 0.7335
## H(Selected) = 11.6324
## H(Selected, C) = 11.7072
## I(Selected; C) = 0.7335
## H(Selected | C) = 10.8989
## mu_H = 0.1186
## mu_G = 0.2511
## Entropy of features
0:0.0736 1:0.1890 2:0.5310 3:1.4744 4:0.4843 5:0.1866 6:0.5864 7:0.5839 8:0.5692 9:0.3587 10:0.2694 11:0.1415 12:0.5507 13:0.0000 14:2.0909 15:0.9113 16:0.3502 17:0.2694 18:0.8234 19:0.1963 20:0.0000 21:0.5331 22:0.2566 23:0.4387 24:2.7831 25:0.1890 26:0.9088 27:0.3701 28:0.1975 29:0.5851 30:0.9772 31:0.1895 32:0.4821 33:0.2850 34:0.2245 35:0.2346 36:0.0987 37:0.0784 38:0.0441 39:2.1995 40:0.8363 41:0.4903 42:0.0060 43:0.9962 44:0.3773 45:0.5864 46:0.0032 47:0.1939

## Entropy of features and labels
0:0.8794 1:0.9932 2:1.3344 3:2.2816 4:1.2708 5:0.9890 6:1.3470 7:1.3848 8:1.3546 9:1.1470 10:1.0775 11:0.9491 12:1.3581 13:0.8083 14:2.8047 15:1.6823 16:1.1508 17:1.0684 18:1.6237 19:0.9966 20:0.8083 21:1.3404 22:1.0600 23:1.2406 24:3.4947 25:0.9973 26:1.6158 27:1.1784 28:1.0058 29:1.3779 30:1.6525 31:0.9500 32:1.2886 33:1.0924 34:1.0303 35:1.0330 36:0.9062 37:0.8857 38:0.8514 39:2.9445 40:1.6033 41:1.2702 42:0.8142 43:1.6365 44:1.1855 45:1.3706 46:0.8114 47:0.9980

