# Parameters
## Input file = datasets/ada-10-disc.arff.0.5.out.arff
## Output file = datasets/ada-10-disc.arff.0.5.out.arff.0.6.out.arff
## Threshold = 0.6
## Level of detail of log = hi

# Run-time
## Creating a dataset object = 207 msec.
## Selecting features = 53 msec.

# Selected features
'attr14 'attr43

# Statistics
## Number of instances = 4147
## Number of features = 5
## H(C) = 0.8083
## H(Entire) = 7.5211
## H(Entire, C) = 7.9420
## I(Entire; C) = 0.3874
## H(Selected) = 3.0738
## H(Selected, C) = 3.6201
## I(Selected; C) = 0.2620
## H(Selected | C) = 2.8118
## mu_H = 0.1514
## mu_G = 0.2401
## Entropy of features
0:2.1995 1:2.0909 2:2.7831 3:0.9962

## Entropy of features and labels
0:2.9445 1:2.8047 2:3.4947 3:1.6365

