# Parameters
## Input file = datasets/dexter-10-disc.arff.0.8.out.arff
## Output file = datasets/dexter-10-disc.arff.0.8.out.arff.1.0.out.arff
## Threshold = 1.0
## Level of detail of log = hi

# Run-time
## Creating a dataset object = 182 msec.
## Selecting features = 246 msec.

# Selected features
'attr19327 'attr10457 'attr4576 'attr1914 'attr13685 'attr11668 'attr247 'attr626 'attr4308 'attr12916 'attr15798 'attr19386

# Statistics
## Number of instances = 300
## Number of features = 13
## H(C) = 1.0000
## H(Entire) = 6.7951
## H(Entire, C) = 6.9936
## I(Entire; C) = 0.8015
## H(Selected) = 6.7951
## H(Selected, C) = 6.9936
## I(Selected; C) = 0.8015
## H(Selected | C) = 5.9936
## mu_H = 0.2110
## mu_G = 0.3434
## Entropy of features
0:0.9140 1:1.0760 2:0.9278 3:0.7835 4:0.7960 5:0.7733 6:0.9319 7:1.1827 8:0.8048 9:2.0601 10:0.9193 11:1.4179

## Entropy of features and labels
0:1.8170 1:1.9644 2:1.8241 3:1.6818 4:1.6837 5:1.6803 6:1.8295 7:1.9874 8:1.6850 9:2.8222 10:1.7711 11:2.2879

