# Parameters
## Input file = datasets/dexter-10-disc.arff.0.9.out.arff
## Output file = datasets/dexter-10-disc.arff.0.9.out.arff.1.0.out.arff
## Threshold = 1.0
## Level of detail of log = hi

# Run-time
## Creating a dataset object = 190 msec.
## Selecting features = 377 msec.

# Selected features
'attr17970 'attr12610 'attr1244 'attr11668 'attr2062 'attr13685 'attr19327 'attr10457 'attr15798 'attr1040 'attr4576 'attr5128 'attr14239 'attr626 'attr8548 'attr4308 'attr12916 'attr19386

# Statistics
## Number of instances = 300
## Number of features = 19
## H(C) = 1.0000
## H(Entire) = 7.6142
## H(Entire, C) = 7.7136
## I(Entire; C) = 0.9006
## H(Selected) = 7.6142
## H(Selected, C) = 7.7136
## I(Selected; C) = 0.9006
## H(Selected | C) = 6.7136
## mu_H = 0.2115
## mu_G = 0.3439
## Entropy of features
0:0.4448 1:1.5506 2:0.4979 3:0.7733 4:0.4742 5:0.7960 6:0.9140 7:1.0760 8:0.9193 9:1.1389 10:0.9278 11:1.1462 12:0.9361 13:1.1827 14:1.1747 15:0.8048 16:2.0601 17:1.4179

## Entropy of features and labels
0:1.3857 1:2.4380 2:1.4314 3:1.6803 4:1.4041 5:1.6837 6:1.8170 7:1.9644 8:1.7711 9:2.0407 10:1.8241 11:2.0458 12:1.7879 13:1.9874 14:2.0760 15:1.6850 16:2.8222 17:2.2879

