# Parameters
## Input file = datasets/dexter-10-disc.arff.0.6.out.arff
## Output file = datasets/dexter-10-disc.arff.0.6.out.arff.1.0.out.arff
## Threshold = 1.0
## Level of detail of log = hi

# Run-time
## Creating a dataset object = 177 msec.
## Selecting features = 113 msec.

# Selected features
'attr19386 'attr13685 'attr12916 'attr626 'attr15798 'attr4308

# Statistics
## Number of instances = 300
## Number of features = 7
## H(C) = 1.0000
## H(Entire) = 5.4726
## H(Entire, C) = 5.8675
## I(Entire; C) = 0.6051
## H(Selected) = 5.4726
## H(Selected, C) = 5.8675
## I(Selected; C) = 0.6051
## H(Selected | C) = 4.8675
## mu_H = 0.1991
## mu_G = 0.3325
## Entropy of features
0:1.4179 1:0.7960 2:2.0601 3:1.1827 4:0.9193 5:0.8048

## Entropy of features and labels
0:2.2879 1:1.6837 2:2.8222 3:1.9874 4:1.7711 5:1.6850

