# Parameters
## Input file = datasets/dexter-10-disc.arff.0.5.out.arff
## Output file = datasets/dexter-10-disc.arff.0.5.out.arff.0.5.out.arff
## Threshold = 0.5
## Level of detail of log = hi

# Run-time
## Creating a dataset object = 162 msec.
## Selecting features = 45 msec.

# Selected features
'attr15798 'attr12916

# Statistics
## Number of instances = 300
## Number of features = 5
## H(C) = 1.0000
## H(Entire) = 4.0869
## H(Entire, C) = 4.5842
## I(Entire; C) = 0.5027
## H(Selected) = 2.8874
## H(Selected, C) = 3.5610
## I(Selected; C) = 0.3265
## H(Selected | C) = 2.5610
## mu_H = 0.1926
## mu_G = 0.2710
## Entropy of features
0:0.7960 1:2.0601 2:0.9193 3:0.8048

## Entropy of features and labels
0:1.6837 1:2.8222 2:1.7711 3:1.6850

