# Parameters
## Input file = datasets/dexter-10-disc.arff.0.7.out.arff
## Output file = datasets/dexter-10-disc.arff.0.7.out.arff.0.9.out.arff
## Threshold = 0.9
## Level of detail of log = hi

# Run-time
## Creating a dataset object = 182 msec.
## Selecting features = 114 msec.

# Selected features
'attr4576 'attr13685 'attr12916 'attr19386 'attr15798 'attr4308

# Statistics
## Number of instances = 300
## Number of features = 9
## H(C) = 1.0000
## H(Entire) = 6.2514
## H(Entire, C) = 6.5468
## I(Entire; C) = 0.7046
## H(Selected) = 5.3181
## H(Selected, C) = 5.6809
## I(Selected; C) = 0.6372
## H(Selected | C) = 4.6809
## mu_H = 0.2116
## mu_G = 0.3292
## Entropy of features
0:1.0760 1:0.9278 2:0.7960 3:2.0601 4:1.1827 5:0.9193 6:0.8048 7:1.4179

## Entropy of features and labels
0:1.9644 1:1.8241 2:1.6837 3:2.8222 4:1.9874 5:1.7711 6:1.6850 7:2.2879

