# Parameters
## Input file = datasets/gisette-10-disc.arff.0.6.out.arff
## Output file = datasets/gisette-10-disc.arff.0.6.out.arff.0.5.out.arff
## Threshold = 0.5
## Level of detail of log = hi

# Run-time
## Creating a dataset object = 201 msec.
## Selecting features = 41 msec.

# Selected features
'attr3656

# Statistics
## Number of instances = 6000
## Number of features = 5
## H(C) = 1.0000
## H(Entire) = 4.7895
## H(Entire, C) = 5.1893
## I(Entire; C) = 0.6002
## H(Selected) = 1.6809
## H(Selected, C) = 2.3163
## I(Selected; C) = 0.3646
## H(Selected | C) = 1.3163
## mu_H = 0.3197
## mu_G = 0.3630
## Entropy of features
0:1.6572 1:1.6809 2:1.6363 3:1.7308

## Entropy of features and labels
0:2.4037 1:2.3163 2:2.3190 3:2.3960

