# Parameters
## Input file = datasets/gisette-10-disc.arff.0.8.out.arff
## Output file = datasets/gisette-10-disc.arff.0.8.out.arff.1.0.out.arff
## Threshold = 1.0
## Level of detail of log = hi

# Run-time
## Creating a dataset object = 242 msec.
## Selecting features = 311 msec.

# Selected features
'attr1228 'attr3002 'attr4195 'attr4507 'attr2742 'attr557 'attr3975 'attr511 'attr3656

# Statistics
## Number of instances = 6000
## Number of features = 10
## H(C) = 1.0000
## H(Entire) = 7.4598
## H(Entire, C) = 7.6597
## I(Entire; C) = 0.8001
## H(Selected) = 7.4598
## H(Selected, C) = 7.6597
## I(Selected; C) = 0.8001
## H(Selected | C) = 6.6597
## mu_H = 0.1937
## mu_G = 0.3275
## Entropy of features
0:1.6447 1:1.6572 2:1.5558 3:1.7556 4:1.7779 5:1.7308 6:1.6363 7:1.7598 8:1.6809

## Entropy of features and labels
0:2.4030 1:2.4037 2:2.3019 3:2.4949 4:2.5166 5:2.3960 6:2.3190 7:2.4891 8:2.3163

