# Parameters
## Input file = datasets/gisette-10-disc.arff.1.0.out.arff
## Output file = datasets/gisette-10-disc.arff.1.0.out.arff.1.0.out.arff
## Threshold = 1.0
## Level of detail of log = hi

# Run-time
## Creating a dataset object = 309 msec.
## Selecting features = 1693 msec.

# Selected features
'attr1638 'attr3153 'attr841 'attr2714 'attr657 'attr1424 'attr3970 'attr2104 'attr796 'attr4690 'attr2222 'attr3283 'attr4379 'attr2353 'attr2488 'attr2401 'attr3197 'attr3122 'attr1407 'attr4925 'attr4832 'attr4862 'attr4353 'attr2343 'attr554 'attr1980 'attr4733 'attr3463 'attr4507 'attr4981 'attr3893 'attr2301 'attr214 'attr3656

# Statistics
## Number of instances = 6000
## Number of features = 35
## H(C) = 1.0000
## H(Entire) = 12.4983
## H(Entire, C) = 12.4983
## I(Entire; C) = 1.0000
## H(Selected) = 12.4983
## H(Selected, C) = 12.4983
## I(Selected; C) = 1.0000
## H(Selected | C) = 11.4983
## mu_H = 0.1482
## mu_G = 0.2829
## Entropy of features
0:0.5903 1:0.8885 2:0.7764 3:0.4114 4:0.9478 5:0.8090 6:0.3467 7:0.4575 8:1.1581 9:0.7491 10:0.5383 11:0.5220 12:0.7143 13:0.3278 14:1.3650 15:1.0581 16:0.5505 17:0.9940 18:1.8712 19:1.4574 20:1.7914 21:1.9006 22:1.7774 23:1.4537 24:1.4148 25:1.7796 26:1.7870 27:1.7541 28:1.7556 29:1.7905 30:1.7878 31:1.9585 32:1.7446 33:1.6809

## Entropy of features and labels
0:1.5632 1:1.8551 2:1.7363 3:1.3858 4:1.9077 5:1.7552 6:1.3208 7:1.4320 8:2.1117 9:1.7050 10:1.4774 11:1.4947 12:1.6534 13:1.2999 14:2.3065 15:2.0148 16:1.4874 17:1.9300 18:2.8003 19:2.3892 20:2.7355 21:2.8409 22:2.7138 23:2.3928 24:2.2780 25:2.7060 26:2.7083 27:2.6510 28:2.4949 29:2.7077 30:2.6811 31:2.7476 32:2.5220 33:2.3163

