# Parameters
## Input file = datasets/mushroom.arff
## Output file = datasets/mushroom.arff.0.5.out.arff
## Threshold = 0.5
## Level of detail of log = hi

# Run-time
## Creating a dataset object = 344 msec.
## Selecting features = 176 msec.

# Selected features
'odor

# Statistics
## Number of instances = 8124
## Number of features = 23
## H(C) = 0.9991
## H(Entire) = 12.9880
## H(Entire, C) = 12.9880
## I(Entire; C) = 0.9991
## H(Selected) = 2.3194
## H(Selected, C) = 2.4124
## I(Selected; C) = 0.9061
## H(Selected | C) = 1.4133
## mu_H = 0.5461
## mu_G = 0.5952
## Entropy of features
0:1.6529 1:1.5755 2:2.5101 3:0.9793 4:2.3194 5:0.1731 6:0.6379 7:0.8923 8:3.0304 9:0.9869 10:1.0769 11:1.2213 12:1.3991 13:1.9368 14:1.9782 15:0.0000 16:0.1962 17:0.4207 18:1.5351 19:2.2032 20:2.0034 21:2.2747

## Entropy of features and labels
0:2.6032 1:2.5460 2:3.4732 3:1.7860 4:2.4124 5:1.1580 6:1.5361 7:1.6612 8:3.6125 9:1.9785 10:1.9676 11:1.9357 12:2.1263 13:2.6820 14:2.7358 15:0.9991 16:1.1715 17:1.3813 18:2.2162 19:2.7216 20:2.8005 21:3.1170

