# Parameters
## Input file = datasets/mushroom.arff.0.9.out.arff
## Output file = datasets/mushroom.arff.0.9.out.arff.0.7.out.arff
## Threshold = 0.7
## Level of detail of log = hi

# Run-time
## Creating a dataset object = 196 msec.
## Selecting features = 33 msec.

# Selected features
'odor

# Statistics
## Number of instances = 8124
## Number of features = 2
## H(C) = 0.9991
## H(Entire) = 2.3194
## H(Entire, C) = 2.4124
## I(Entire; C) = 0.9061
## H(Selected) = 2.3194
## H(Selected, C) = 2.4124
## I(Selected; C) = 0.9061
## H(Selected | C) = 1.4133
## mu_H = 0.5618
## mu_G = 0.6250
## Entropy of features
0:2.3194

## Entropy of features and labels
0:2.4124

