# Parameters
## Input file = datasets/kr-vs-kp.arff.0.5.out.arff
## Output file = datasets/kr-vs-kp.arff.0.5.out.arff.0.6.out.arff
## Threshold = 0.6
## Level of detail of log = hi

# Run-time
## Creating a dataset object = 167 msec.
## Selecting features = 41 msec.

# Selected features
'attribute10 'attribute21

# Statistics
## Number of instances = 3196
## Number of features = 4
## H(C) = 0.9986
## H(Entire) = 2.4988
## H(Entire, C) = 2.8646
## I(Entire; C) = 0.6329
## H(Selected) = 1.5664
## H(Selected, C) = 2.1402
## I(Selected; C) = 0.4248
## H(Selected | C) = 1.1416
## mu_H = 0.3863
## mu_G = 0.4266
## Entropy of features
0:0.9575 1:0.8859 2:0.6860

## Entropy of features and labels
0:1.8575 1:1.7765 2:1.4863

