=== Run information ===

Evaluator:    weka.attributeSelection.CfsSubsetEval -P 1 -E 1
Search:       weka.attributeSelection.RerankingSearch -method 2 -blockSize 20 -rankingMeasure 0 -search "weka.attributeSelection.GreedyStepwise -T -1.7976931348623157E308 -N -1 -num-slots 1"
Relation:     ./arcene_train-weka.filters.unsupervised.attribute.Discretize-B10-M-1.0-Rfirst-last
Instances:    100
Attributes:   10001
              [list of attributes omitted]
Evaluation mode:    evaluate on all training data



=== Attribute Selection on all input data ===

Search Method:
Selected attributes: 7647 5853 2628 7563 8501 4240 6695 4289 7747 85 2060 3920 5387 6402 
Total Search Time in milliseconds: 5997.0
Reranking Time in milliseconds: 1629.0
Blocks searched: 6
Attribute Evaluator during search: 	CFS Subset Evaluator
	Including locally predictive attributes

Options of RerankingSearch:
-method 2 -blockSize 20 -rankingMeasure 0 -search weka.attributeSelection.GreedyStepwise -P 1,2,3,4,5,6,7,8,9,10,11,12,13,14 -T -1.7976931348623157E308 -N -1 -num-slots 1 
Attribute Subset Evaluator (supervised, Class (nominal): 10001 CLASS):
	CFS Subset Evaluator
	Including locally predictive attributes

Selected attributes: 86,597,2061,2629,3277,3921,4196,4241,4290,5388,5854,6403,6696,7564,7648,7748,8502 : 17
                     attr85
                     attr596
                     attr2060
                     attr2628
                     attr3276
                     attr3920
                     attr4195
                     attr4240
                     attr4289
                     attr5387
                     attr5853
                     attr6402
                     attr6695
                     attr7563
                     attr7647
                     attr7747
                     attr8501

