=== Run information ===

Evaluator:    weka.attributeSelection.CfsSubsetEval -P 1 -E 1
Search:       weka.attributeSelection.RerankingSearch -method 2 -blockSize 20 -rankingMeasure 0 -search "weka.attributeSelection.GreedyStepwise -T -1.7976931348623157E308 -N -1 -num-slots 1"
Relation:     mushroom
Instances:    8124
Attributes:   23
              cap-shape
              cap-surface
              cap-color
              bruises?
              odor
              gill-attachment
              gill-spacing
              gill-size
              gill-color
              stalk-shape
              stalk-root
              stalk-surface-above-ring
              stalk-surface-below-ring
              stalk-color-above-ring
              stalk-color-below-ring
              veil-type
              veil-color
              ring-number
              ring-type
              spore-print-color
              population
              habitat
              class
Evaluation mode:    evaluate on all training data



=== Attribute Selection on all input data ===

Search Method:
Selected attributes: 4 
Total Search Time in milliseconds: 93.0
Reranking Time in milliseconds: 1.0
Blocks searched: 2
Attribute Evaluator during search: 	CFS Subset Evaluator
	Including locally predictive attributes

Options of RerankingSearch:
-method 2 -blockSize 20 -rankingMeasure 0 -search weka.attributeSelection.GreedyStepwise -P 1 -T -1.7976931348623157E308 -N -1 -num-slots 1 
Attribute Subset Evaluator (supervised, Class (nominal): 23 class):
	CFS Subset Evaluator
	Including locally predictive attributes

Selected attributes: 5,7,12,17 : 4
                     odor
                     gill-spacing
                     stalk-surface-above-ring
                     veil-color

