# Parameters
## Input file = ada-10-disc.arff
## Output file = out/ada-10-disc.arff-su-0.5-lcc.arff
## Algorithm = lcc
## Sorting measure = su
## Threshold = 0.5
## Level of detail of log = low

# Run-time
## Creating a dataset object = 271,989,040 nsec
## Sorting features = 7,778,995 nsec
## Sorting instances = 32,460,804 nsec
## Selecting features = 97,307,477 nsec

# 28features selected.
# Selected features
'attr31 'attr0 'attr37 'attr36 'attr11 'attr5 'attr19 'attr1 'attr47 'attr25 'attr35 'attr28 'attr34 'attr17 'attr10 'attr9 'attr33 'attr43 'attr16 'attr41 'attr27 'attr44 'attr6 'attr4 'attr23 'attr26 'attr8 'attr14

# Statistics
## Number of instances = 4147
## Number of features = 49
## H(C) = 0.8083
## H(Entire) = 11.7524
## H(Entire, C) = 11.7524
## I(Entire; C) = 0.8083
## H(Selected) = 8.4607
## H(Selected, C) = 8.8096
## I(Selected; C) = 0.4594
## H(Selected | C) = 8.0013
## mu_H = 0.0991
## mu_G = 0.1757
