# Parameters
## Input file = ada-10-disc.arff
## Output file = out/ada-10-disc.arff-su-1.0-lcc.arff
## Algorithm = lcc
## Sorting measure = su
## Threshold = 1.0
## Level of detail of log = low

# Run-time
## Creating a dataset object = 291,697,519 nsec
## Sorting features = 8,023,558 nsec
## Sorting instances = 38,758,657 nsec
## Selecting features = 171,722,962 nsec

# 46features selected.
# Selected features
'attr46 'attr42 'attr31 'attr38 'attr0 'attr37 'attr36 'attr11 'attr5 'attr19 'attr1 'attr47 'attr25 'attr35 'attr28 'attr34 'attr17 'attr22 'attr10 'attr9 'attr33 'attr43 'attr16 'attr41 'attr27 'attr44 'attr6 'attr4 'attr30 'attr23 'attr26 'attr8 'attr32 'attr45 'attr2 'attr29 'attr21 'attr12 'attr7 'attr40 'attr15 'attr18 'attr14 'attr3 'attr39 'attr24

# Statistics
## Number of instances = 4147
## Number of features = 49
## H(C) = 0.8083
## H(Entire) = 11.7524
## H(Entire, C) = 11.7524
## I(Entire; C) = 0.8083
## H(Selected) = 11.6776
## H(Selected, C) = 11.7524
## I(Selected; C) = 0.7335
## H(Selected | C) = 10.9441
## mu_H = 0.1175
## mu_G = 0.2387
