# Parameters
## Input file = arcene-10-disc.arff
## Output file = out/arcene-10-disc.arff-su-0.6-lcc.arff
## Algorithm = lcc
## Sorting measure = su
## Threshold = 0.6
## Level of detail of log = low

# Run-time
## Creating a dataset object = 860,365,204 nsec
## Sorting features = 38,633,425 nsec
## Sorting instances = 4,443,567 nsec
## Selecting features = 33,403,960 nsec

# 22features selected.
# Selected features
'attr6148 'attr7956 'attr7634 'attr9176 'attr5137 'attr6853 'attr8409 'attr3648 'attr8018 'attr1836 'attr1608 'attr1684 'attr2182 'attr7410 'attr2454 'attr3248 'attr7460 'attr1867 'attr6285 'attr3762 'attr6462 'attr7812

# Statistics
## Number of instances = 100
## Number of features = 10001
## H(C) = 0.9896
## H(Entire) = 6.6439
## H(Entire, C) = 6.6439
## I(Entire; C) = 0.9896
## H(Selected) = 2.0489
## H(Selected, C) = 2.6412
## I(Selected; C) = 0.3973
## H(Selected | C) = 1.6516
## mu_H = 0.2615
## mu_G = 0.2790
