# Parameters
## Input file = gisette-10-disc.arff
## Output file = out/gisette-10-disc.arff-su-0.7-lcc.arff
## Algorithm = lcc
## Sorting measure = su
## Threshold = 0.7
## Level of detail of log = low

# Run-time
## Creating a dataset object = 2,817,335,205 nsec
## Sorting features = 22,602,978 nsec
## Sorting instances = 46,500,000 nsec
## Selecting features = 1,609,048,396 nsec

# 434features selected.
# Selected features
'attr2785 'attr2108 'attr2747 'attr4634 'attr3014 'attr2949 'attr4220 'attr1845 'attr4600 'attr4212 'attr2824 'attr2875 'attr2932 'attr3933 'attr29 'attr123 'attr1290 'attr57 'attr3029 'attr2913 'attr1648 'attr4103 'attr2255 'attr972 'attr4218 'attr3839 'attr350 'attr26 'attr1514 'attr1148 'attr2844 'attr326 'attr3496 'attr4582 'attr4505 'attr2097 'attr4695 'attr2816 'attr4760 'attr2085 'attr4950 'attr3052 'attr2380 'attr4765 'attr4077 'attr1448 'attr460 'attr4358 'attr751 'attr4455 'attr1926 'attr1140 'attr4535 'attr1330 'attr2182 'attr2115 'attr3210 'attr2076 'attr3274 'attr3343 'attr4707 'attr971 'attr1921 'attr4147 'attr3080 'attr901 'attr4303 'attr4513 'attr63 'attr2186 'attr1226 'attr4149 'attr899 'attr4229 'attr996 'attr4052 'attr2608 'attr4792 'attr3027 'attr1362 'attr2506 'attr4602 'attr2176 'attr3519 'attr1189 'attr3816 'attr1208 'attr4176 'attr2998 'attr4534 'attr3889 'attr3163 'attr3 'attr1455 'attr3785 'attr2192 'attr1072 'attr4871 'attr2623 'attr744 'attr3118 'attr992 'attr691 'attr2997 'attr3930 'attr3558 'attr382 'attr4775 'attr927 'attr3939 'attr4280 'attr466 'attr3778 'attr1022 'attr1797 'attr3297 'attr4075 'attr2271 'attr3709 'attr2093 'attr3551 'attr2428 'attr3199 'attr2302 'attr3094 'attr4342 'attr1527 'attr3590 'attr40 'attr1117 'attr3381 'attr158 'attr2352 'attr2931 'attr2499 'attr3483 'attr2583 'attr973 'attr3673 'attr3451 'attr4900 'attr1994 'attr262 'attr1235 'attr2432 'attr4418 'attr1856 'attr1150 'attr4060 'attr1473 'attr3100 'attr4669 'attr4336 'attr4331 'attr1765 'attr3049 'attr2030 'attr2627 'attr4068 'attr4813 'attr4776 'attr523 'attr1366 'attr4295 'attr3175 'attr716 'attr4126 'attr2591 'attr945 'attr2415 'attr676 'attr1092 'attr2364 'attr4048 'attr3140 'attr913 'attr4767 'attr1780 'attr3875 'attr3571 'attr3861 'attr2709 'attr975 'attr2771 'attr3344 'attr4886 'attr3290 'attr1322 'attr1986 'attr4072 'attr4235 'attr3309 'attr31 'attr2129 'attr4043 'attr1422 'attr1810 'attr853 'attr4019 'attr2823 'attr4737 'attr108 'attr2972 'attr4732 'attr2694 'attr3394 'attr3547 'attr450 'attr187 'attr1343 'attr778 'attr3667 'attr3596 'attr128 'attr3795 'attr1056 'attr4683 'attr4566 'attr3938 'attr454 'attr4096 'attr4291 'attr3449 'attr1841 'attr3178 'attr935 'attr4538 'attr2956 'attr1213 'attr1101 'attr2150 'attr343 'attr2441 'attr3280 'attr3742 'attr4033 'attr3117 'attr1470 'attr2145 'attr580 'attr1369 'attr211 'attr4819 'attr3591 'attr3103 'attr708 'attr1036 'attr4807 'attr1306 'attr754 'attr4326 'attr8 'attr3485 'attr3892 'attr1653 'attr4786 'attr4803 'attr4817 'attr546 'attr4842 'attr1711 'attr1867 'attr3307 'attr3081 'attr979 'attr431 'attr2819 'attr2741 'attr1662 'attr423 'attr2344 'attr4366 'attr914 'attr1605 'attr2172 'attr406 'attr2267 'attr1944 'attr4748 'attr33 'attr1283 'attr1848 'attr3874 'attr2973 'attr2384 'attr1975 'attr2210 'attr1892 'attr4113 'attr4264 'attr3734 'attr1216 'attr1964 'attr2777 'attr3691 'attr4157 'attr275 'attr4927 'attr3830 'attr154 'attr4861 'attr2026 'attr1635 'attr1454 'attr2821 'attr3909 'attr655 'attr297 'attr3978 'attr2547 'attr1141 'attr4083 'attr4747 'attr1933 'attr3088 'attr3704 'attr2636 'attr2825 'attr4044 'attr3058 'attr772 'attr1659 'attr3652 'attr1651 'attr2170 'attr1815 'attr4500 'attr125 'attr2868 'attr3306 'attr1098 'attr2684 'attr1766 'attr1846 'attr2058 'attr816 'attr1988 'attr957 'attr1885 'attr3818 'attr124 'attr2656 'attr2398 'attr4645 'attr1176 'attr1469 'attr2480 'attr2467 'attr2799 'attr221 'attr2363 'attr4526 'attr2746 'attr4299 'attr1507 'attr2113 'attr3246 'attr1852 'attr1914 'attr734 'attr2842 'attr1879 'attr969 'attr3798 'attr943 'attr4032 'attr4643 'attr3705 'attr3082 'attr4894 'attr4210 'attr263 'attr2103 'attr3331 'attr2874 'attr1613 'attr4432 'attr2403 'attr4496 'attr1508 'attr3055 'attr2577 'attr1214 'attr2277 'attr341 'attr311 'attr280 'attr658 'attr2119 'attr1706 'attr656 'attr4430 'attr4797 'attr204 'attr1889 'attr3287 'attr2986 'attr3941 'attr3383 'attr2181 'attr917 'attr480 'attr4629 'attr1729 'attr749 'attr1202 'attr3041 'attr500 'attr701 'attr3935 'attr260 'attr3116 'attr47 'attr1474 'attr831 'attr3069 'attr3731 'attr1667 'attr2884 'attr4827 'attr2420 'attr2223 'attr73 'attr3513 'attr3563 'attr3996 'attr567 'attr1206 'attr2340 'attr4172 'attr3771 'attr3121 'attr1865 'attr4841

# Statistics
## Number of instances = 6000
## Number of features = 5001
## H(C) = 1.0000
## H(Entire) = 12.5507
## H(Entire, C) = 12.5507
## I(Entire; C) = 1.0000
## H(Selected) = 8.9701
## H(Selected, C) = 9.3489
## I(Selected; C) = 0.6212
## H(Selected | C) = 8.3489
## mu_H = 0.1246
## mu_G = 0.2074
