# Parameters
## Input file = gisette-10-disc.arff
## Output file = out/gisette-10-disc.arff-su-0.5-lcc.arff
## Algorithm = lcc
## Sorting measure = su
## Threshold = 0.5
## Level of detail of log = low

# Run-time
## Creating a dataset object = 2,970,870,967 nsec
## Sorting features = 24,357,025 nsec
## Sorting instances = 38,708,549 nsec
## Selecting features = 1,492,877,723 nsec

# 382features selected.
# Selected features
'attr2108 'attr2747 'attr157 'attr4508 'attr2371 'attr2737 'attr4634 'attr475 'attr3014 'attr4220 'attr3090 'attr18 'attr2824 'attr798 'attr2875 'attr2932 'attr2548 'attr3933 'attr29 'attr123 'attr1290 'attr3029 'attr2913 'attr1648 'attr3160 'attr3250 'attr4103 'attr2255 'attr4784 'attr972 'attr3505 'attr223 'attr3839 'attr350 'attr26 'attr1514 'attr1148 'attr2844 'attr326 'attr3496 'attr2216 'attr4582 'attr4505 'attr2097 'attr4695 'attr2816 'attr2312 'attr4760 'attr484 'attr2085 'attr175 'attr2459 'attr3052 'attr2380 'attr4765 'attr1024 'attr1169 'attr4077 'attr1448 'attr460 'attr4358 'attr2685 'attr751 'attr4455 'attr1926 'attr1140 'attr2444 'attr4535 'attr1330 'attr4515 'attr2182 'attr2115 'attr2076 'attr3274 'attr3343 'attr4707 'attr971 'attr3277 'attr4147 'attr3080 'attr901 'attr4303 'attr4513 'attr63 'attr2186 'attr2009 'attr1226 'attr4149 'attr102 'attr1996 'attr899 'attr1603 'attr4229 'attr996 'attr4052 'attr2654 'attr2608 'attr4792 'attr3113 'attr1044 'attr3027 'attr1362 'attr2506 'attr2580 'attr4602 'attr2176 'attr3904 'attr3519 'attr1189 'attr3229 'attr4284 'attr3816 'attr1100 'attr1208 'attr3382 'attr4609 'attr2408 'attr4176 'attr2998 'attr4340 'attr3889 'attr3163 'attr3 'attr320 'attr1636 'attr4173 'attr3785 'attr2192 'attr2466 'attr1072 'attr2623 'attr744 'attr2337 'attr3118 'attr992 'attr691 'attr3930 'attr3558 'attr4285 'attr382 'attr4775 'attr927 'attr3939 'attr2958 'attr1242 'attr473 'attr4280 'attr466 'attr3778 'attr1022 'attr1797 'attr103 'attr3297 'attr3581 'attr2271 'attr3709 'attr2093 'attr220 'attr4514 'attr3551 'attr2428 'attr3199 'attr2302 'attr3094 'attr2092 'attr4342 'attr1527 'attr825 'attr3590 'attr1453 'attr40 'attr1117 'attr3381 'attr158 'attr2352 'attr2931 'attr1827 'attr2499 'attr3483 'attr2583 'attr4079 'attr3673 'attr3451 'attr4900 'attr496 'attr1994 'attr262 'attr1235 'attr2432 'attr4418 'attr1856 'attr4060 'attr4854 'attr1473 'attr3100 'attr4669 'attr4336 'attr4331 'attr1765 'attr3049 'attr2193 'attr2030 'attr2627 'attr4068 'attr4813 'attr1025 'attr4776 'attr3398 'attr523 'attr4698 'attr4395 'attr1366 'attr3537 'attr4295 'attr3175 'attr2780 'attr716 'attr4126 'attr2591 'attr945 'attr2415 'attr676 'attr1092 'attr2364 'attr1266 'attr3140 'attr4767 'attr3573 'attr1780 'attr3875 'attr3571 'attr336 'attr3861 'attr3195 'attr2709 'attr975 'attr2771 'attr3344 'attr4886 'attr4085 'attr3284 'attr1322 'attr1986 'attr4072 'attr4235 'attr3309 'attr3497 'attr1925 'attr31 'attr2129 'attr4043 'attr1422 'attr1810 'attr853 'attr4019 'attr2823 'attr4737 'attr108 'attr2972 'attr4732 'attr2694 'attr2867 'attr3790 'attr3394 'attr4530 'attr3547 'attr450 'attr187 'attr1343 'attr778 'attr3667 'attr3596 'attr128 'attr3795 'attr4566 'attr3938 'attr454 'attr4096 'attr4291 'attr1677 'attr3449 'attr2206 'attr1841 'attr3178 'attr935 'attr4538 'attr2956 'attr1357 'attr1213 'attr4450 'attr1101 'attr2441 'attr3280 'attr3742 'attr4558 'attr4033 'attr3117 'attr1470 'attr2145 'attr580 'attr1369 'attr211 'attr4819 'attr3591 'attr3103 'attr708 'attr1036 'attr4911 'attr4807 'attr1917 'attr1000 'attr1306 'attr754 'attr3960 'attr4326 'attr8 'attr3485 'attr177 'attr2004 'attr3892 'attr2225 'attr1653 'attr4786 'attr4803 'attr446 'attr4817 'attr546 'attr4842 'attr1711 'attr1867 'attr3689 'attr3307 'attr3081 'attr3137 'attr979 'attr133 'attr431 'attr2819 'attr2741 'attr3754 'attr3661 'attr1662 'attr423 'attr2344 'attr1281 'attr4366 'attr914 'attr1605 'attr36 'attr2172 'attr406 'attr2267 'attr1944 'attr4748 'attr33 'attr1283 'attr1848 'attr3874 'attr2973 'attr2196 'attr2384 'attr1975 'attr2210 'attr1892 'attr4113 'attr4264 'attr3734 'attr1216 'attr1964 'attr2777 'attr3691 'attr4157 'attr275 'attr4927 'attr3830 'attr154 'attr4861 'attr2026 'attr1635 'attr327 'attr1454 'attr2821

# Statistics
## Number of instances = 6000
## Number of features = 5001
## H(C) = 1.0000
## H(Entire) = 12.5507
## H(Entire, C) = 12.5507
## I(Entire; C) = 1.0000
## H(Selected) = 6.4758
## H(Selected, C) = 7.0610
## I(Selected; C) = 0.4147
## H(Selected | C) = 6.0610
## mu_H = 0.1110
## mu_G = 0.1630
