# Parameters
## Input file = gisette-10-disc.arff
## Output file = out/gisette-10-disc.arff-su-0.8-lcc.arff
## Algorithm = lcc
## Sorting measure = su
## Threshold = 0.8
## Level of detail of log = low

# Run-time
## Creating a dataset object = 2,904,655,551 nsec
## Sorting features = 23,911,137 nsec
## Sorting instances = 43,769,529 nsec
## Selecting features = 1,656,689,558 nsec

# 434features selected.
# Selected features
'attr2108 'attr4521 'attr3261 'attr924 'attr4634 'attr2766 'attr4600 'attr2932 'attr29 'attr123 'attr57 'attr1648 'attr3160 'attr4103 'attr2255 'attr972 'attr4218 'attr1514 'attr1148 'attr2844 'attr326 'attr1253 'attr2097 'attr4695 'attr2816 'attr2312 'attr2085 'attr4950 'attr4077 'attr1448 'attr751 'attr1926 'attr1140 'attr4535 'attr1330 'attr4515 'attr3274 'attr3343 'attr1644 'attr4601 'attr4707 'attr2250 'attr971 'attr4147 'attr3080 'attr3662 'attr901 'attr4303 'attr63 'attr2186 'attr2009 'attr1226 'attr4149 'attr899 'attr4229 'attr996 'attr4052 'attr2654 'attr4792 'attr1044 'attr3027 'attr4602 'attr3519 'attr1189 'attr4284 'attr1208 'attr2998 'attr3889 'attr3 'attr320 'attr1455 'attr4173 'attr3785 'attr1072 'attr4871 'attr2623 'attr3118 'attr992 'attr691 'attr3558 'attr4285 'attr382 'attr4775 'attr927 'attr3939 'attr4280 'attr466 'attr3778 'attr103 'attr3297 'attr3579 'attr4075 'attr2271 'attr3709 'attr3551 'attr2428 'attr3199 'attr2302 'attr3094 'attr1527 'attr3590 'attr40 'attr3381 'attr158 'attr2352 'attr2931 'attr4477 'attr3483 'attr2583 'attr3673 'attr4900 'attr2447 'attr2432 'attr2999 'attr4418 'attr1856 'attr1150 'attr4060 'attr3542 'attr4669 'attr4331 'attr1765 'attr3049 'attr2030 'attr4068 'attr4776 'attr1366 'attr3789 'attr4346 'attr4295 'attr2780 'attr716 'attr2591 'attr945 'attr2415 'attr676 'attr1092 'attr2364 'attr3140 'attr3541 'attr4767 'attr3573 'attr3875 'attr3571 'attr2771 'attr4886 'attr3290 'attr1322 'attr1986 'attr4072 'attr4235 'attr3309 'attr31 'attr2129 'attr4043 'attr1422 'attr1810 'attr853 'attr4019 'attr2823 'attr108 'attr2694 'attr3394 'attr3547 'attr450 'attr187 'attr1343 'attr778 'attr3667 'attr3596 'attr128 'attr4683 'attr3938 'attr454 'attr4096 'attr3449 'attr935 'attr3964 'attr1101 'attr2150 'attr2441 'attr3742 'attr4033 'attr1470 'attr580 'attr1369 'attr211 'attr4819 'attr3591 'attr3103 'attr708 'attr1036 'attr4911 'attr4807 'attr1306 'attr754 'attr4326 'attr8 'attr3892 'attr1653 'attr4786 'attr4803 'attr4817 'attr546 'attr4842 'attr1711 'attr1867 'attr3307 'attr3081 'attr133 'attr431 'attr2819 'attr2741 'attr3661 'attr423 'attr2344 'attr4366 'attr914 'attr1605 'attr2172 'attr406 'attr2267 'attr4748 'attr33 'attr1848 'attr3874 'attr2973 'attr2196 'attr1975 'attr2210 'attr1892 'attr4113 'attr4264 'attr3734 'attr1216 'attr1964 'attr2777 'attr4157 'attr275 'attr4927 'attr154 'attr4861 'attr1737 'attr2026 'attr1635 'attr2821 'attr3909 'attr297 'attr3978 'attr2547 'attr1141 'attr4083 'attr4747 'attr1933 'attr3088 'attr3704 'attr2636 'attr4044 'attr3058 'attr772 'attr1659 'attr3652 'attr1651 'attr2170 'attr1815 'attr4500 'attr2868 'attr3306 'attr2684 'attr1846 'attr2058 'attr816 'attr1988 'attr957 'attr2541 'attr1885 'attr124 'attr2398 'attr4645 'attr1176 'attr1469 'attr2467 'attr2799 'attr221 'attr2363 'attr4526 'attr2746 'attr4299 'attr1507 'attr2113 'attr3246 'attr1852 'attr1914 'attr734 'attr2842 'attr1879 'attr969 'attr3798 'attr4032 'attr4643 'attr3705 'attr4894 'attr4210 'attr263 'attr2874 'attr1613 'attr4432 'attr2403 'attr1508 'attr3055 'attr2577 'attr1214 'attr2277 'attr341 'attr311 'attr280 'attr2119 'attr656 'attr4430 'attr204 'attr1889 'attr3287 'attr2986 'attr3941 'attr3383 'attr2181 'attr917 'attr480 'attr4629 'attr749 'attr1202 'attr3041 'attr500 'attr701 'attr3935 'attr260 'attr3116 'attr47 'attr1474 'attr831 'attr3069 'attr3731 'attr1667 'attr2884 'attr4827 'attr2420 'attr2223 'attr73 'attr3513 'attr3563 'attr3996 'attr567 'attr1206 'attr2340 'attr4172 'attr3771 'attr346 'attr3121 'attr1865 'attr4713 'attr3936 'attr1496 'attr3866 'attr2221 'attr769 'attr4954 'attr533 'attr3393 'attr4913 'attr1534 'attr432 'attr2873 'attr1819 'attr4151 'attr3952 'attr4539 'attr456 'attr4884 'attr4233 'attr1477 'attr2617 'attr2752 'attr143 'attr4782 'attr696 'attr2870 'attr1083 'attr4141 'attr2609 'attr2060 'attr1735 'attr761 'attr1363 'attr2918 'attr94 'attr3363 'attr469 'attr2731 'attr3305 'attr1715 'attr1604 'attr750 'attr1748 'attr1199 'attr2526 'attr3168 'attr1335 'attr3329 'attr843 'attr3212 'attr4550 'attr4897 'attr4016 'attr2768 'attr3493 'attr2563 'attr1581 'attr4361 'attr4370 'attr799 'attr4460 'attr1403 'attr2349 'attr3770 'attr4026 'attr702 'attr228 'attr2350 'attr1900 'attr4955 'attr1198 'attr1820 'attr4822 'attr3008

# Statistics
## Number of instances = 6000
## Number of features = 5001
## H(C) = 1.0000
## H(Entire) = 12.5507
## H(Entire, C) = 12.5507
## I(Entire; C) = 1.0000
## H(Selected) = 10.1232
## H(Selected, C) = 10.3893
## I(Selected; C) = 0.7339
## H(Selected | C) = 9.3893
## mu_H = 0.1320
## mu_G = 0.2307
