# Parameters
## Input file = hiva.arff
## Output file = out/hiva.arff-su-0.5-lcc.arff
## Algorithm = lcc
## Sorting measure = su
## Threshold = 0.5
## Level of detail of log = low

# Run-time
## Creating a dataset object = 679,222,835 nsec
## Sorting features = 17,038,301 nsec
## Sorting instances = 33,935,079 nsec
## Selecting features = 231,229,326 nsec

# 50features selected.
# Selected features
'attr1067 'attr142 'attr407 'attr1538 'attr1136 'attr962 'attr707 'attr1199 'attr1264 'attr168 'attr1443 'attr1036 'attr1051 'attr460 'attr1441 'attr1322 'attr1072 'attr924 'attr83 'attr907 'attr253 'attr1178 'attr1541 'attr164 'attr1235 'attr204 'attr497 'attr1258 'attr1128 'attr167 'attr380 'attr528 'attr371 'attr1204 'attr1045 'attr587 'attr1243 'attr856 'attr1492 'attr139 'attr1344 'attr583 'attr22 'attr751 'attr596 'attr17 'attr175 'attr1507 'attr1197 'attr1144

# Statistics
## Number of instances = 3845
## Number of features = 1618
## H(C) = 0.2194
## H(Entire) = 11.8973
## H(Entire, C) = 11.8973
## I(Entire; C) = 0.2194
## H(Selected) = 2.7690
## H(Selected, C) = 2.8775
## I(Selected; C) = 0.1109
## H(Selected | C) = 2.6581
## mu_H = 0.0742
## mu_G = 0.1423
