# Parameters
## Input file = madelon-10-disc.arff
## Output file = out/madelon-10-disc.arff-su-0.8-lcc.arff
## Algorithm = lcc
## Sorting measure = su
## Threshold = 0.8
## Level of detail of log = low

# Run-time
## Creating a dataset object = 873,029,144 nsec
## Sorting features = 11,997,276 nsec
## Sorting instances = 19,692,960 nsec
## Selecting features = 61,948,301 nsec

# 8features selected.
# Selected features
'feature-90 'feature-423 'feature-276 'feature-404 'feature-228 'feature-332 'feature-309 'feature-189

# Statistics
## Number of instances = 2000
## Number of features = 501
## H(C) = 1.0000
## H(Entire) = 10.9658
## H(Entire, C) = 10.9658
## I(Entire; C) = 1.0000
## H(Selected) = 10.6376
## H(Selected, C) = 10.7907
## I(Selected; C) = 0.8469
## H(Selected | C) = 9.7907
## mu_H = 0.1455
## mu_G = 0.2597
