# Parameters
## Input file = sylva-10-disc.arff
## Output file = out/sylva-10-disc.arff-su-0.8-lcc.arff
## Algorithm = lcc
## Sorting measure = su
## Threshold = 0.8
## Level of detail of log = low

# Run-time
## Creating a dataset object = 791,051,762 nsec
## Sorting features = 8,859,794 nsec
## Sorting instances = 57,318,098 nsec
## Selecting features = 103,492,392 nsec

# 7features selected.
# Selected features
'feature-20 'feature-84 'feature-172 'feature-197 'feature-51 'feature-215 'feature-64

# Statistics
## Number of instances = 13086
## Number of features = 217
## H(C) = 0.3334
## H(Entire) = 13.6757
## H(Entire, C) = 13.6757
## I(Entire; C) = 0.3334
## H(Selected) = 1.1190
## H(Selected, C) = 1.1756
## I(Selected; C) = 0.2768
## H(Selected | C) = 0.8422
## mu_H = 0.3812
## mu_G = 0.4532
