# Parameters
## Input file = dorothea.sparse.arff
## Output file = out/dorothea.sparse.arff-su-0.9-lcc.arff
## Algorithm = lcc
## Sorting measure = su
## Threshold = 0.9
## Level of detail of log = low

# Run-time
## Creating a dataset object = 2,254,751,271 nsec
## Sorting features = 195,726,616 nsec
## Sorting instances = 11,234,430 nsec
## Selecting features = 50,446,238 nsec

# 19features selected.
# Selected features
'attr25761 'attr98300 'attr411 'attr75363 'attr2525 'attr33875 'attr40075 'attr15129 'attr92538 'attr30727 'attr89869 'attr77828 'attr99909 'attr57548 'attr92585 'attr79191 'attr3781 'attr77913 'attr37379

# Statistics
## Number of instances = 800
## Number of features = 100001
## H(C) = 0.4610
## H(Entire) = 9.6439
## H(Entire, C) = 9.6439
## I(Entire; C) = 0.4610
## H(Selected) = 1.2988
## H(Selected, C) = 1.3777
## I(Selected; C) = 0.3821
## H(Selected | C) = 0.9167
## mu_H = 0.4343
## mu_G = 0.4938
