# Parameters
## Input file = hiva.arff
## Output file = out/hiva.arff-su-0.8-lcc.arff
## Algorithm = lcc
## Sorting measure = su
## Threshold = 0.8
## Level of detail of log = low

# Run-time
## Creating a dataset object = 667,767,422 nsec
## Sorting features = 17,660,065 nsec
## Sorting instances = 30,775,490 nsec
## Selecting features = 425,266,100 nsec

# 90features selected.
# Selected features
'attr557 'attr962 'attr707 'attr1199 'attr1264 'attr168 'attr1443 'attr1036 'attr1056 'attr645 'attr460 'attr1441 'attr1322 'attr239 'attr221 'attr1072 'attr1419 'attr1511 'attr907 'attr253 'attr56 'attr1541 'attr164 'attr1235 'attr204 'attr497 'attr1258 'attr100 'attr167 'attr380 'attr528 'attr514 'attr1204 'attr107 'attr272 'attr148 'attr587 'attr1243 'attr1344 'attr223 'attr583 'attr761 'attr22 'attr751 'attr17 'attr619 'attr246 'attr175 'attr1507 'attr404 'attr1197 'attr1124 'attr559 'attr21 'attr1231 'attr368 'attr1200 'attr1434 'attr1384 'attr964 'attr1382 'attr787 'attr767 'attr157 'attr1073 'attr473 'attr586 'attr712 'attr1522 'attr411 'attr234 'attr89 'attr1390 'attr662 'attr894 'attr4 'attr102 'attr1613 'attr684 'attr909 'attr704 'attr1566 'attr1278 'attr554 'attr539 'attr1175 'attr1111 'attr1357 'attr1249 'attr598

# Statistics
## Number of instances = 3845
## Number of features = 1618
## H(C) = 0.2194
## H(Entire) = 11.8973
## H(Entire, C) = 11.8973
## I(Entire; C) = 0.2194
## H(Selected) = 5.9734
## H(Selected, C) = 6.0203
## I(Selected; C) = 0.1725
## H(Selected | C) = 5.8009
## mu_H = 0.0557
## mu_G = 0.1507
