# Parameters
## Input file = spambase-disc.arff
## Output file = out/spambase-disc.arff-su-1.0-lcc.arff
## Algorithm = lcc
## Sorting measure = su
## Threshold = 1.0
## Level of detail of log = low

# Run-time
## Creating a dataset object = 305,315,300 nsec
## Sorting features = 8,227,528 nsec
## Sorting instances = 50,301,606 nsec
## Selecting features = 149,116,156 nsec

# 55features selected.
# Selected features
'word_freq_remove 'word_freq_money 'word_freq_3d 'word_freq_direct 'word_freq_000 'word_freq_font 'word_freq_cs 'word_freq_credit 'word_freq_free 'word_freq_857 'word_freq_meeting 'word_freq_415 'word_freq_addresses 'word_freq_lab 'word_freq_telnet 'word_freq_original 'word_freq_conference 'word_freq_hpl 'word_freq_labs 'word_freq_85 'word_freq_receive 'word_freq_george 'word_freq_project 'char_freq_$ 'word_freq_650 'word_freq_internet 'word_freq_edu 'word_freq_pm 'word_freq_report 'word_freq_order 'word_freq_hp 'word_freq_data 'word_freq_address 'char_freq_[ 'word_freq_1999 'char_freq_; 'word_freq_business 'word_freq_technology 'word_freq_people 'word_freq_email 'char_freq_! 'word_freq_your 'char_freq_# 'word_freq_make 'word_freq_all 'word_freq_over 'word_freq_mail 'word_freq_our 'capital_run_length_average 'capital_run_length_longest 'word_freq_re 'word_freq_you 'word_freq_will 'capital_run_length_total 'char_freq_(

# Statistics
## Number of instances = 4601
## Number of features = 58
## H(C) = 0.9674
## H(Entire) = 11.4434
## H(Entire, C) = 11.4434
## I(Entire; C) = 0.9674
## H(Selected) = 11.4334
## H(Selected, C) = 11.4434
## I(Selected; C) = 0.9574
## H(Selected | C) = 10.4760
## mu_H = 0.1544
## mu_G = 0.2879
