# Parameters
## Input file = datasets/nova.arff.0.9.out.arff
## Output file = datasets/nova.arff.0.9.out.arff.0.6.out.arff
## Threshold = 0.6
## Level of detail of log = hi

# Run-time
## Creating a dataset object = 211 msec.
## Selecting features = 333 msec.

# Selected features
'attr2504 'attr3252 'attr4649 'attr12433 'attr8943 'attr9022 'attr1969 'attr8802 'attr13341 'attr12056 'attr13103 'attr16085 'attr7098 'attr6665 'attr11206 'attr10398 'attr14079 'attr11497 'attr4137 'attr7804

# Statistics
## Number of instances = 1754
## Number of features = 92
## H(C) = 0.8615
## H(Entire) = 5.3802
## H(Entire, C) = 5.4664
## I(Entire; C) = 0.7754
## H(Selected) = 2.7474
## H(Selected, C) = 3.1402
## I(Selected; C) = 0.4687
## H(Selected | C) = 2.2787
## mu_H = 0.2661
## mu_G = 0.3211
## Entropy of features
0:0.2967 1:0.0710 2:0.0464 3:0.0464 4:0.2445 5:0.0507 6:0.2313 7:0.1315 8:0.0549 9:0.0549 10:0.1600 11:0.1008 12:0.1078 13:0.0749 14:0.0507 15:0.0464 16:0.0549 17:0.0507 18:0.0507 19:0.0787 20:0.1475 21:0.3852 22:0.1347 23:0.1113 24:0.0549 25:0.1347 26:0.2205 27:0.0631 28:0.1043 29:0.2286 30:0.0710 31:0.1475 32:0.0825 33:0.0936 34:0.1147 35:0.0900 36:0.2068 37:0.1810 38:0.1721 39:0.1781 40:0.0972 41:0.1631 42:0.0825 43:0.0631 44:0.2649 45:0.1113 46:0.1412 47:0.0972 48:0.1043 49:0.1147 50:0.2260 51:0.0749 52:0.1444 53:0.1215 54:0.2548 55:0.2497 56:0.1600 57:0.1181 58:0.2919 59:0.2123 60:0.1043 61:0.1868 62:0.2749 63:0.1412 64:0.1315 65:0.0787 66:0.2151 67:0.1475 68:0.1721 69:0.1569 70:0.0825 71:0.1113 72:0.2040 73:0.0900 74:0.1661 75:0.1721 76:0.1600 77:0.2040 78:0.1983 79:0.2599 80:0.2522 81:0.4291 82:0.5052 83:0.3155 84:0.3557 85:0.3359 86:0.1721 87:0.1444 88:0.1661 89:0.2599 90:0.1078

## Entropy of features and labels
0:1.1349 1:0.9207 2:0.8986 3:0.8986 4:1.0844 5:0.9018 6:1.0721 7:0.9768 8:0.9050 9:0.9050 10:1.0032 11:0.9479 12:0.9530 13:0.9197 14:0.9018 15:0.8986 16:0.9050 17:0.9018 18:0.9018 19:0.9264 20:0.9904 21:1.2164 22:0.9722 23:0.9579 24:0.9050 25:0.9747 26:1.0547 27:0.9111 28:0.9479 29:1.0655 30:0.9169 31:0.9883 32:0.9292 33:0.9401 34:0.9580 35:0.9375 36:1.0469 37:1.0159 38:1.0155 39:1.0139 40:0.9428 41:1.0072 42:0.9252 43:0.9111 44:1.1031 45:0.9555 46:0.9792 47:0.9398 48:0.9449 49:0.9553 50:1.0564 51:0.9236 52:0.9861 53:0.9653 54:1.0931 55:1.0739 56:0.9828 57:0.9502 58:1.1212 59:1.0412 60:0.9407 61:1.0176 62:1.1083 63:0.9816 64:0.9724 65:0.9264 66:1.0408 67:0.9780 68:1.0118 69:0.9926 70:0.9292 71:0.9555 72:1.0144 73:0.9305 74:1.0012 75:0.9906 76:0.9863 77:1.0144 78:1.0339 79:1.0713 80:1.0795 81:1.2503 82:1.3198 83:1.0847 84:1.1113 85:1.1139 86:0.9974 87:0.9724 88:0.9903 89:1.0782 90:0.9431

