# Parameters
## Input file = datasets/nova.arff.0.7.out.arff
## Output file = datasets/nova.arff.0.7.out.arff.0.9.out.arff
## Threshold = 0.9
## Level of detail of log = hi

# Run-time
## Creating a dataset object = 202 msec.
## Selecting features = 561 msec.

# Selected features
'attr2572 'attr2504 'attr3979 'attr12433 'attr4649 'attr13332 'attr6192 'attr10807 'attr622 'attr1269 'attr1969 'attr9022 'attr4207 'attr8943 'attr8802 'attr13103 'attr13341 'attr12056 'attr581 'attr3207 'attr16505 'attr6047 'attr6665 'attr11175 'attr11206 'attr10398 'attr14079 'attr7804 'attr16085 'attr7098 'attr4137 'attr11497

# Statistics
## Number of instances = 1754
## Number of features = 45
## H(C) = 0.8615
## H(Entire) = 3.8998
## H(Entire, C) = 4.1581
## I(Entire; C) = 0.6032
## H(Selected) = 3.3830
## H(Selected, C) = 3.7013
## I(Selected; C) = 0.5432
## H(Selected | C) = 2.8398
## mu_H = 0.2726
## mu_G = 0.3803
## Entropy of features
0:0.0749 1:0.4291 2:0.1810 3:0.2260 4:0.2522 5:0.1661 6:0.5052 7:0.2497 8:0.1008 9:0.0972 10:0.1347 11:0.1008 12:0.1078 13:0.1043 14:0.1475 15:0.1147 16:0.1043 17:0.1868 18:0.1315 19:0.1569 20:0.1347 21:0.1078 22:0.2123 23:0.1147 24:0.2599 25:0.2151 26:0.1249 27:0.1721 28:0.1600 29:0.2040 30:0.2040 31:0.1781 32:0.1181 33:0.2151 34:0.1181 35:0.1600 36:0.1569 37:0.2599 38:0.1661 39:0.3155 40:0.1721 41:0.1444 42:0.3557 43:0.3359

## Entropy of features and labels
0:0.9197 1:1.2503 2:1.0159 3:1.0564 4:1.0795 5:1.0012 6:1.3198 7:1.0739 8:0.9382 9:0.9357 10:0.9722 11:0.9424 12:0.9431 13:0.9449 14:0.9780 15:0.9479 16:0.9407 17:1.0176 18:0.9637 19:0.9926 20:0.9614 21:0.9431 22:1.0412 23:0.9553 24:1.0713 25:1.0408 26:0.9548 27:0.9906 28:0.9863 29:1.0144 30:1.0144 31:0.9896 32:0.9502 33:1.0123 34:0.9502 35:0.9828 36:0.9761 37:1.0782 38:0.9903 39:1.0847 40:0.9974 41:0.9724 42:1.1113 43:1.1139

