# Parameters
## Input file = datasets/nova.arff.0.8.out.arff
## Output file = datasets/nova.arff.0.8.out.arff.0.9.out.arff
## Threshold = 0.9
## Level of detail of log = hi

# Run-time
## Creating a dataset object = 215 msec.
## Selecting features = 723 msec.

# Selected features
'attr15584 'attr11854 'attr13871 'attr15361 'attr16409 'attr14816 'attr7218 'attr667 'attr2504 'attr16198 'attr13057 'attr10766 'attr1269 'attr3979 'attr7135 'attr2572 'attr12433 'attr4649 'attr12472 'attr8431 'attr13332 'attr3252 'attr4207 'attr8943 'attr11206 'attr3690 'attr9022 'attr6665 'attr10807 'attr1969 'attr6192 'attr14079 'attr10398 'attr14745 'attr13341 'attr12056 'attr3207 'attr8802 'attr13103 'attr7804 'attr16085 'attr11497 'attr7098 'attr4137

# Statistics
## Number of instances = 1754
## Number of features = 59
## H(C) = 0.8615
## H(Entire) = 4.4218
## H(Entire, C) = 4.5940
## I(Entire; C) = 0.6893
## H(Selected) = 4.0336
## H(Selected, C) = 4.2748
## I(Selected; C) = 0.6204
## H(Selected | C) = 3.4133
## mu_H = 0.2627
## mu_G = 0.3721
## Entropy of features
0:0.2749 1:0.1147 2:0.1475 3:0.1412 4:0.1315 5:0.1043 6:0.0671 7:0.0631 8:0.1347 9:0.0749 10:0.0710 11:0.1147 12:0.0787 13:0.0749 14:0.0631 15:0.2205 16:0.0631 17:0.0671 18:0.1810 19:0.2123 20:0.1600 21:0.1569 22:0.1315 23:0.1868 24:0.2260 25:0.1147 26:0.2919 27:0.1043 28:0.1347 29:0.2522 30:0.1078 31:0.1347 32:0.1078 33:0.2599 34:0.1475 35:0.2497 36:0.5052 37:0.2599 38:0.4291 39:0.1600 40:0.0900 41:0.1983 42:0.1661 43:0.1721 44:0.0972 45:0.1661 46:0.2151 47:0.2040 48:0.2040 49:0.3155 50:0.1043 51:0.1181 52:0.1600 53:0.1569 54:0.1721 55:0.3359 56:0.1444 57:0.3557

## Entropy of features and labels
0:1.1083 1:0.9580 2:0.9883 3:0.9816 4:0.9724 5:0.9479 6:0.9140 7:0.9111 8:0.9747 9:0.9197 10:0.9169 11:0.9553 12:0.9225 13:0.9197 14:0.9111 15:1.0547 16:0.9111 17:0.9140 18:1.0159 19:1.0412 20:0.9992 21:0.9926 22:0.9637 23:1.0176 24:1.0564 25:0.9479 26:1.1212 27:0.9407 28:0.9722 29:1.0795 30:0.9431 31:0.9614 32:0.9431 33:1.0713 34:0.9780 35:1.0739 36:1.3198 37:1.0782 38:1.2503 39:0.9863 40:0.9305 41:1.0339 42:1.0012 43:0.9906 44:0.9357 45:0.9903 46:1.0408 47:1.0144 48:1.0144 49:1.0847 50:0.9449 51:0.9502 52:0.9828 53:0.9761 54:0.9974 55:1.1139 56:0.9724 57:1.1113

