# Parameters
## Input file = datasets/nova.arff.1.0.out.arff
## Output file = datasets/nova.arff.1.0.out.arff.0.6.out.arff
## Threshold = 0.6
## Level of detail of log = hi

# Run-time
## Creating a dataset object = 218 msec.
## Selecting features = 411 msec.

# Selected features
'attr14745 'attr2572 'attr13057 'attr2504 'attr8431 'attr3252 'attr15196 'attr1969 'attr7135 'attr12472 'attr6665 'attr11206 'attr8802 'attr9022 'attr8943 'attr10398 'attr14079 'attr13103 'attr16085 'attr7804 'attr11497 'attr4137 'attr12056 'attr3207

# Statistics
## Number of instances = 1754
## Number of features = 97
## H(C) = 0.8615
## H(Entire) = 6.5233
## H(Entire, C) = 6.5233
## I(Entire; C) = 0.8615
## H(Selected) = 3.1734
## H(Selected, C) = 3.5166
## I(Selected; C) = 0.5183
## H(Selected | C) = 2.6551
## mu_H = 0.2569
## mu_G = 0.3135
## Entropy of features
0:0.0631 1:0.0128 2:0.1538 3:0.0233 4:0.0233 5:0.1008 6:0.1008 7:0.0282 8:0.0282 9:0.1008 10:0.0631 11:0.1538 12:0.0507 13:0.0549 14:0.0900 15:0.1249 16:0.0787 17:0.2749 18:0.0420 19:0.9890 20:0.2151 21:0.2205 22:0.1507 23:0.0507 24:0.0464 25:0.0825 26:0.0825 27:0.0507 28:0.0749 29:0.0710 30:0.0671 31:0.1721 32:0.0549 33:0.1721 34:0.0710 35:0.2313 36:0.0749 37:0.1215 38:0.0825 39:0.2967 40:0.3535 41:0.0631 42:0.1113 43:0.0936 44:0.0631 45:0.2286 46:0.1315 47:0.2340 48:0.1475 49:0.2068 50:0.1897 51:0.0631 52:0.0825 53:0.2260 54:0.1008 55:0.1412 56:0.1078 57:0.1043 58:0.2497 59:0.1600 60:0.1569 61:0.0936 62:0.0787 63:0.1781 64:0.4055 65:0.0825 66:0.0900 67:0.3852 68:0.1043 69:0.1569 70:0.3269 71:0.1721 72:0.1078 73:0.1475 74:0.2599 75:0.1600 76:0.2040 77:0.2040 78:0.1983 79:0.2445 80:0.5052 81:0.1868 82:0.2548 83:0.1215 84:0.2123 85:0.4291 86:0.1412 87:0.2599 88:0.2919 89:0.1721 90:0.1569 91:0.3557 92:0.1661 93:0.3359 94:0.1721 95:0.3155

## Entropy of features and labels
0:0.9221 1:0.8722 2:1.0063 3:0.8807 4:0.8807 5:0.9538 6:0.9553 7:0.8845 8:0.8845 9:0.9538 10:0.9172 11:1.0036 12:0.9053 13:0.9085 14:0.9437 15:0.9771 16:0.9291 17:1.1229 18:0.8952 19:1.8220 20:1.0618 21:1.0681 22:1.0039 23:0.9018 24:0.8986 25:0.9320 26:0.9320 27:0.9018 28:0.9236 29:0.9207 30:0.9203 31:1.0188 32:0.9050 33:1.0155 34:0.9169 35:1.0721 36:0.9197 37:0.9695 38:0.9320 39:1.1349 40:1.1962 41:0.9147 42:0.9579 43:0.9401 44:0.9111 45:1.0655 46:0.9768 47:1.0755 48:0.9883 49:1.0469 50:1.0362 51:0.9111 52:0.9252 53:1.0564 54:0.9454 55:0.9792 56:0.9431 57:0.9527 58:1.0739 59:0.9828 60:0.9761 61:0.9401 62:0.9264 63:1.0139 64:1.2442 65:0.9292 66:0.9305 67:1.2164 68:0.9449 69:1.0044 70:1.1696 71:0.9906 72:0.9431 73:0.9780 74:1.0713 75:0.9863 76:1.0144 77:1.0144 78:1.0339 79:1.0844 80:1.3198 81:1.0176 82:1.0931 83:0.9653 84:1.0412 85:1.2503 86:0.9816 87:1.0782 88:1.1212 89:1.0118 90:0.9926 91:1.1113 92:0.9903 93:1.1139 94:0.9974 95:1.0847

