# Parameters
## Input file = datasets/nova.arff.0.5.out.arff
## Output file = datasets/nova.arff.0.5.out.arff.0.8.out.arff
## Threshold = 0.8
## Level of detail of log = hi

# Run-time
## Creating a dataset object = 188 msec.
## Selecting features = 141 msec.

# Selected features
'attr9022 'attr3207 'attr6047 'attr16505 'attr10398 'attr14079 'attr11206 'attr11497 'attr7804 'attr4137

# Statistics
## Number of instances = 1754
## Number of features = 18
## H(C) = 0.8615
## H(Entire) = 2.3833
## H(Entire, C) = 2.8132
## I(Entire; C) = 0.4316
## H(Selected) = 1.8195
## H(Selected, C) = 2.3347
## I(Selected; C) = 0.3463
## H(Selected | C) = 1.4732
## mu_H = 0.3077
## mu_G = 0.3908
## Entropy of features
0:0.2599 1:0.1600 2:0.1661 3:0.1444 4:0.1721 5:0.1721 6:0.2599 7:0.2040 8:0.2040 9:0.3359 10:0.3557 11:0.1600 12:0.1569 13:0.1781 14:0.2151 15:0.1347 16:0.3155

## Entropy of features and labels
0:1.0782 1:0.9863 2:0.9903 3:0.9724 4:0.9974 5:0.9906 6:1.0713 7:1.0144 8:1.0144 9:1.1139 10:1.1113 11:0.9828 12:0.9761 13:0.9896 14:1.0123 15:0.9614 16:1.0847

