# Parameters
## Input file = datasets/nova.arff.0.6.out.arff
## Output file = datasets/nova.arff.0.6.out.arff.0.8.out.arff
## Threshold = 0.8
## Level of detail of log = hi

# Run-time
## Creating a dataset object = 199 msec.
## Selecting features = 308 msec.

# Selected features
'attr13341 'attr12056 'attr3207 'attr16085 'attr7098 'attr13103 'attr9022 'attr11175 'attr6665 'attr11206 'attr14079 'attr10398 'attr6047 'attr11497 'attr16505 'attr4137 'attr4207 'attr7804

# Statistics
## Number of instances = 1754
## Number of features = 30
## H(C) = 0.8615
## H(Entire) = 2.9336
## H(Entire, C) = 3.2782
## I(Entire; C) = 0.5169
## H(Selected) = 2.2801
## H(Selected, C) = 2.7268
## I(Selected; C) = 0.4148
## H(Selected | C) = 1.8653
## mu_H = 0.2966
## mu_G = 0.3821
## Entropy of features
0:0.2497 1:0.1008 2:0.2151 3:0.1043 4:0.1315 5:0.1282 6:0.1475 7:0.2599 8:0.1347 9:0.1078 10:0.1147 11:0.2599 12:0.1181 13:0.1600 14:0.1181 15:0.1569 16:0.1781 17:0.2151 18:0.1661 19:0.1444 20:0.1721 21:0.1249 22:0.1721 23:0.1600 24:0.2040 25:0.2040 26:0.3359 27:0.3557 28:0.3155

## Entropy of features and labels
0:1.0739 1:0.9382 2:1.0408 3:0.9407 4:0.9637 5:0.9615 6:0.9780 7:1.0713 8:0.9614 9:0.9431 10:0.9479 11:1.0782 12:0.9502 13:0.9828 14:0.9502 15:0.9761 16:0.9896 17:1.0123 18:0.9903 19:0.9724 20:0.9974 21:0.9548 22:0.9906 23:0.9863 24:1.0144 25:1.0144 26:1.1139 27:1.1113 28:1.0847

