# Parameters
## Input file = datasets/sylva-10-disc.arff.0.9.out.arff
## Output file = datasets/sylva-10-disc.arff.0.9.out.arff.0.6.out.arff
## Threshold = 0.6
## Level of detail of log = hi

# Run-time
## Creating a dataset object = 211 msec.
## Selecting features = 51 msec.

# Selected features
'feature-170 'feature-20

# Statistics
## Number of instances = 13086
## Number of features = 7
## H(C) = 0.3334
## H(Entire) = 5.1595
## H(Entire, C) = 5.1917
## I(Entire; C) = 0.3012
## H(Selected) = 2.7731
## H(Selected, C) = 2.8799
## I(Selected; C) = 0.2266
## H(Selected | C) = 2.5465
## mu_H = 0.1474
## mu_G = 0.2480
## Entropy of features
0:0.0967 1:0.1154 2:0.1547 3:2.4950 4:2.4758 5:0.3340

## Entropy of features and labels
0:0.4053 1:0.4172 2:0.4499 3:2.6518 4:2.6312 5:0.5622

