# Parameters
## Input file = datasets/sylva-10-disc.arff.1.0.out.arff
## Output file = datasets/sylva-10-disc.arff.1.0.out.arff.0.6.out.arff
## Threshold = 0.6
## Level of detail of log = hi

# Run-time
## Creating a dataset object = 343 msec.
## Selecting features = 172 msec.

# Selected features
'feature-182 'feature-84

# Statistics
## Number of instances = 13086
## Number of features = 15
## H(C) = 0.3334
## H(Entire) = 13.2674
## H(Entire, C) = 13.2674
## I(Entire; C) = 0.3334
## H(Selected) = 2.7560
## H(Selected, C) = 2.8610
## I(Selected; C) = 0.2285
## H(Selected | C) = 2.5275
## mu_H = 0.1479
## mu_G = 0.2384
## Entropy of features
0:2.6407 1:2.7028 2:2.9988 3:0.3036 4:0.0814 5:2.9896 6:0.1154 7:0.0967 8:0.1496 9:0.1547 10:2.4950 11:0.3313 12:0.3340 13:2.4758

## Entropy of features and labels
0:2.9412 1:2.9895 2:3.2774 3:0.6002 4:0.3946 5:3.2687 6:0.4172 7:0.4053 8:0.4537 9:0.4499 10:2.6518 11:0.5647 12:0.5622 13:2.6312

