# Parameters
## Input file = datasets/sylva-10-disc.arff.0.7.out.arff
## Output file = datasets/sylva-10-disc.arff.0.7.out.arff.0.5.out.arff
## Threshold = 0.5
## Level of detail of log = hi

# Run-time
## Creating a dataset object = 209 msec.
## Selecting features = 31 msec.

# Selected features
'feature-182

# Statistics
## Number of instances = 13086
## Number of features = 3
## H(C) = 0.3334
## H(Entire) = 4.8887
## H(Entire, C) = 4.9431
## I(Entire; C) = 0.2790
## H(Selected) = 2.4758
## H(Selected, C) = 2.6312
## I(Selected; C) = 0.1781
## H(Selected | C) = 2.2978
## mu_H = 0.1293
## mu_G = 0.2143
## Entropy of features
0:2.4950 1:2.4758

## Entropy of features and labels
0:2.6518 1:2.6312

