# Parameters
## Input file = datasets/arcene-10-disc.arff.0.9.out.arff
## Output file = datasets/arcene-10-disc.arff.0.9.out.arff.1.0.out.arff
## Threshold = 1.0
## Level of detail of log = hi

# Run-time
## Creating a dataset object = 184 msec.
## Selecting features = 91 msec.

# Selected features
'attr2628 'attr2639 'attr7647 'attr5853 'attr7563

# Statistics
## Number of instances = 100
## Number of features = 6
## H(C) = 0.9896
## H(Entire) = 5.8861
## H(Entire, C) = 5.9661
## I(Entire; C) = 0.9096
## H(Selected) = 5.8861
## H(Selected, C) = 5.9661
## I(Selected; C) = 0.9096
## H(Selected | C) = 4.9765
## mu_H = 0.2677
## mu_G = 0.3931
## Entropy of features
0:2.9967 1:2.6111 2:2.8860 3:2.6908 4:2.8041

## Entropy of features and labels
0:3.6667 1:3.3023 2:3.5189 3:3.3464 4:3.4764

