# Parameters
## Input file = datasets/arcene-10-disc.arff.1.0.out.arff
## Output file = datasets/arcene-10-disc.arff.1.0.out.arff.0.9.out.arff
## Threshold = 0.9
## Level of detail of log = hi

# Run-time
## Creating a dataset object = 179 msec.
## Selecting features = 102 msec.

# Selected features
'attr2628 'attr8501 'attr7647 'attr7563

# Statistics
## Number of instances = 100
## Number of features = 6
## H(C) = 0.9896
## H(Entire) = 6.2888
## H(Entire, C) = 6.2888
## I(Entire; C) = 0.9896
## H(Selected) = 6.1176
## H(Selected, C) = 6.1451
## I(Selected; C) = 0.9620
## H(Selected | C) = 5.1555
## mu_H = 0.2707
## mu_G = 0.3910
## Entropy of features
0:2.9967 1:2.6248 2:2.6111 3:2.8860 4:2.8041

## Entropy of features and labels
0:3.6667 1:3.3019 2:3.3023 3:3.5189 4:3.4764

