# Parameters
## Input file = datasets/arcene-10-disc.arff.0.7.out.arff
## Output file = datasets/arcene-10-disc.arff.0.7.out.arff.1.0.out.arff
## Threshold = 1.0
## Level of detail of log = hi

# Run-time
## Creating a dataset object = 165 msec.
## Selecting features = 55 msec.

# Selected features
'attr7563 'attr8501 'attr7647

# Statistics
## Number of instances = 100
## Number of features = 4
## H(C) = 0.9896
## H(Entire) = 5.3660
## H(Entire, C) = 5.5820
## I(Entire; C) = 0.7735
## H(Selected) = 5.3660
## H(Selected, C) = 5.5820
## I(Selected; C) = 0.7735
## H(Selected | C) = 4.5925
## mu_H = 0.2520
## mu_G = 0.3797
## Entropy of features
0:2.8041 1:2.6248 2:2.8860

## Entropy of features and labels
0:3.4764 1:3.3019 2:3.5189

