=== Run information ===

Evaluator:    weka.attributeSelection.CfsSubsetEval -P 1 -E 1
Search:       weka.attributeSelection.RerankingSearch -method 2 -blockSize 20 -rankingMeasure 0 -search "weka.attributeSelection.GreedyStepwise -T -1.7976931348623157E308 -N -1 -num-slots 1"
Relation:     ./hiva_train
Instances:    3845
Attributes:   1618
              [list of attributes omitted]
Evaluation mode:    evaluate on all training data



=== Attribute Selection on all input data ===

Search Method:
Selected attributes: 9 962 1197 1067 168 
Total Search Time in milliseconds: 40015.0
Reranking Time in milliseconds: 35849.0
Blocks searched: 4
Attribute Evaluator during search:        CFS Subset Evaluator
       Including locally predictive attributes

Options of RerankingSearch:
-method 2 -blockSize 20 -rankingMeasure 0 -search weka.attributeSelection.GreedyStepwise -P 1,2,3,4,5 -T -1.7976931348623157E308 -N -1 -num-slots 1 
Attribute Subset Evaluator (supervised, Class (nominal): 1618 CLASS):
       CFS Subset Evaluator
       Including locally predictive attributes

Selected attributes: 10,37,169,798,829,951,963,1068,1137,1198,1358,1601 : 12
                     attr9
                     attr36
                     attr168
                     attr797
                     attr828
                     attr950
                     attr962
                     attr1067
                     attr1136
                     attr1197
                     attr1357
                     attr1600

