# Parameters
## Input file = datasets/gisette-10-disc.arff.0.5.out.arff
## Output file = datasets/gisette-10-disc.arff.0.5.out.arff.0.8.out.arff
## Threshold = 0.8
## Level of detail of log = hi

# Run-time
## Creating a dataset object = 210 msec.
## Selecting features = 59 msec.

# Selected features
'attr557 'attr3656

# Statistics
## Number of instances = 6000
## Number of features = 6
## H(C) = 1.0000
## H(Entire) = 4.9846
## H(Entire, C) = 5.4660
## I(Entire; C) = 0.5187
## H(Selected) = 2.8665
## H(Selected, C) = 3.4401
## I(Selected; C) = 0.4263
## H(Selected | C) = 2.4401
## mu_H = 0.2519
## mu_G = 0.3497
## Entropy of features
0:1.5558 1:1.7598 2:1.7308 3:1.6809 4:1.6363

## Entropy of features and labels
0:2.3019 1:2.4891 2:2.3960 3:2.3163 4:2.3190

