# Parameters
## Input file = datasets/gisette-10-disc.arff.0.5.out.arff
## Output file = datasets/gisette-10-disc.arff.0.5.out.arff.1.0.out.arff
## Threshold = 1.0
## Level of detail of log = hi

# Run-time
## Creating a dataset object = 211 msec.
## Selecting features = 140 msec.

# Selected features
'attr4195 'attr511 'attr557 'attr3656 'attr3975

# Statistics
## Number of instances = 6000
## Number of features = 6
## H(C) = 1.0000
## H(Entire) = 4.9846
## H(Entire, C) = 5.4660
## I(Entire; C) = 0.5187
## H(Selected) = 4.9846
## H(Selected, C) = 5.4660
## I(Selected; C) = 0.5187
## H(Selected | C) = 4.4660
## mu_H = 0.1885
## mu_G = 0.3226
## Entropy of features
0:1.5558 1:1.7598 2:1.7308 3:1.6809 4:1.6363

## Entropy of features and labels
0:2.3019 1:2.4891 2:2.3960 3:2.3163 4:2.3190

