# Parameters
## Input file = datasets/gisette-10-disc.arff.0.6.out.arff
## Output file = datasets/gisette-10-disc.arff.0.6.out.arff.0.8.out.arff
## Threshold = 0.8
## Level of detail of log = hi

# Run-time
## Creating a dataset object = 208 msec.
## Selecting features = 60 msec.

# Selected features
'attr3002 'attr557

# Statistics
## Number of instances = 6000
## Number of features = 5
## H(C) = 1.0000
## H(Entire) = 4.7895
## H(Entire, C) = 5.1893
## I(Entire; C) = 0.6002
## H(Selected) = 3.1149
## H(Selected, C) = 3.6235
## I(Selected; C) = 0.4913
## H(Selected | C) = 2.6235
## mu_H = 0.2645
## mu_G = 0.3594
## Entropy of features
0:1.6572 1:1.6809 2:1.6363 3:1.7308

## Entropy of features and labels
0:2.4037 1:2.3163 2:2.3190 3:2.3960

