# Parameters
## Input file = datasets/gisette-10-disc.arff.0.5.out.arff
## Output file = datasets/gisette-10-disc.arff.0.5.out.arff.0.6.out.arff
## Threshold = 0.6
## Level of detail of log = hi

# Run-time
## Creating a dataset object = 214 msec.
## Selecting features = 52 msec.

# Selected features
'attr3656

# Statistics
## Number of instances = 6000
## Number of features = 6
## H(C) = 1.0000
## H(Entire) = 4.9846
## H(Entire, C) = 5.4660
## I(Entire; C) = 0.5187
## H(Selected) = 1.6809
## H(Selected, C) = 2.3163
## I(Selected; C) = 0.3646
## H(Selected | C) = 1.3163
## mu_H = 0.3316
## mu_G = 0.3905
## Entropy of features
0:1.5558 1:1.7598 2:1.7308 3:1.6809 4:1.6363

## Entropy of features and labels
0:2.3019 1:2.4891 2:2.3960 3:2.3163 4:2.3190

