# Parameters
## Input file = datasets/spambase-disc.arff.0.8.out.arff
## Output file = datasets/spambase-disc.arff.0.8.out.arff.0.7.out.arff
## Threshold = 0.7
## Level of detail of log = hi

# Run-time
## Creating a dataset object = 224 msec.
## Selecting features = 99 msec.

# Selected features
'char_freq_! 'word_freq_money 'char_freq_$ 'word_freq_remove

# Statistics
## Number of instances = 4601
## Number of features = 10
## H(C) = 0.9674
## H(Entire) = 7.9792
## H(Entire, C) = 8.1693
## I(Entire; C) = 0.7773
## H(Selected) = 3.8040
## H(Selected, C) = 4.2227
## I(Selected; C) = 0.5486
## H(Selected | C) = 3.2553
## mu_H = 0.2395
## mu_G = 0.3191
## Entropy of features
0:2.3923 1:0.6337 2:1.4109 3:0.6337 4:0.8217 5:0.6699 6:1.0159 7:1.3081 8:1.7255

## Entropy of features and labels
0:3.1297 1:1.4547 2:2.1714 3:1.4272 4:1.6017 5:1.4240 6:1.8289 7:2.0142 8:2.4123

