# Parameters
## Input file = datasets/spambase-disc.arff.0.6.out.arff
## Output file = datasets/spambase-disc.arff.0.6.out.arff.0.8.out.arff
## Threshold = 0.8
## Level of detail of log = hi

# Run-time
## Creating a dataset object = 191 msec.
## Selecting features = 63 msec.

# Selected features
'char_freq_! 'char_freq_$ 'word_freq_remove

# Statistics
## Number of instances = 4601
## Number of features = 6
## H(C) = 0.9674
## H(Entire) = 4.4101
## H(Entire, C) = 4.7822
## I(Entire; C) = 0.5953
## H(Selected) = 3.4082
## H(Selected, C) = 3.8504
## I(Selected; C) = 0.5252
## H(Selected | C) = 2.8831
## mu_H = 0.2624
## mu_G = 0.3687
## Entropy of features
0:0.8217 1:1.7255 2:0.6337 3:1.3081 4:0.6699

## Entropy of features and labels
0:1.6017 1:2.4123 2:1.4272 3:2.0142 4:1.4240

