# Parameters
## Input file = datasets/kr-vs-kp.arff
## Output file = datasets/kr-vs-kp.arff.0.9.out.arff
## Threshold = 0.9
## Level of detail of log = hi

# Run-time
## Creating a dataset object = 261 msec.
## Selecting features = 323 msec.

# Selected features
'attribute6 'attribute18 'attribute35 'attribute7 'attribute27 'attribute16 'attribute32 'attribute15 'attribute33 'attribute21 'attribute10

# Statistics
## Number of instances = 3196
## Number of features = 37
## H(C) = 0.9986
## H(Entire) = 11.6421
## H(Entire, C) = 11.6421
## I(Entire; C) = 0.9986
## H(Selected) = 7.0683
## H(Selected, C) = 7.1634
## I(Selected; C) = 0.9034
## H(Selected | C) = 6.1648
## mu_H = 0.2240
## mu_G = 0.3400
## Entropy of features
0:0.8063 1:0.5050 2:0.3674 3:0.6119 4:0.4714 5:0.1961 6:0.4851 7:0.0041 8:0.8892 9:0.9188 10:0.9522 11:0.0682 12:0.9595 13:0.2539 14:0.0331 15:0.9864 16:0.9584 17:0.8933 18:0.3165 19:0.7224 20:0.0431 21:0.2309 22:0.6730 23:0.9957 24:0.8361 25:0.3063 26:0.9476 27:0.8965 28:0.1106 29:0.2813 30:0.9335 31:0.7561 32:0.3063 33:0.9575 34:0.8859 35:0.6860

## Entropy of features and labels
0:1.8049 1:1.5036 2:1.3660 3:1.6104 4:1.4698 5:1.1946 6:1.4835 7:1.0023 8:1.8868 9:1.9163 10:1.9496 11:1.0660 12:1.9565 13:1.2513 14:1.0305 15:1.9816 16:1.9517 17:1.8847 18:1.3094 19:1.7135 20:1.0366 21:1.2234 22:1.6598 23:1.9801 24:1.8191 25:1.2921 26:1.9268 27:1.8753 28:1.0933 29:1.2605 30:1.8954 31:1.7148 32:1.2738 33:1.8575 34:1.7765 35:1.4863

