=== Run information ===

Evaluator:    weka.attributeSelection.CfsSubsetEval -P 1 -E 1
Search:       weka.attributeSelection.RerankingSearch -method 2 -blockSize 20 -rankingMeasure 0 -search "weka.attributeSelection.GreedyStepwise -T -1.7976931348623157E308 -N -1 -num-slots 1"
Relation:     ./sylva-weka.filters.unsupervised.attribute.Discretize-B10-M-1.0-Rfirst-last
Instances:    13086
Attributes:   217
              [list of attributes omitted]
Evaluation mode:    evaluate on all training data



=== Attribute Selection on all input data ===

Search Method:
Selected attributes: 215 214 213 212 211 209 
Total Search Time in milliseconds: 2896.0
Reranking Time in milliseconds: 2585.0
Blocks searched: 2
Attribute Evaluator during search: 	CFS Subset Evaluator
	Including locally predictive attributes

Options of RerankingSearch:
-method 2 -blockSize 20 -rankingMeasure 0 -search weka.attributeSelection.GreedyStepwise -P 1,2,3,4,5,6 -T -1.7976931348623157E308 -N -1 -num-slots 1 
Attribute Subset Evaluator (supervised, Class (nominal): 217 CLASS):
	CFS Subset Evaluator
	Including locally predictive attributes

Selected attributes: 102,119,195,206,210,212,213,214,215,216 : 10
                     feature-131
                     feature-69
                     feature-3
                     feature-92
                     feature-197
                     feature-64
                     feature-172
                     feature-51
                     feature-84
                     feature-20

