# Parameters
## Input file = datasets/gina-10-disc.arff.0.8.out.arff
## Output file = datasets/gina-10-disc.arff.0.8.out.arff.0.6.out.arff
## Threshold = 0.6
## Level of detail of log = hi

# Run-time
## Creating a dataset object = 226 msec.
## Selecting features = 206 msec.

# Selected features
'attr619 'attr13 'attr10 'attr655 'attr878

# Statistics
## Number of instances = 3153
## Number of features = 17
## H(C) = 0.9998
## H(Entire) = 8.5124
## H(Entire, C) = 8.7121
## I(Entire; C) = 0.8001
## H(Selected) = 5.5293
## H(Selected, C) = 6.0457
## I(Selected; C) = 0.4834
## H(Selected | C) = 5.0459
## mu_H = 0.1528
## mu_G = 0.2298
## Entropy of features
0:2.0740 1:1.9641 2:0.9571 3:0.8858 4:1.9434 5:1.8954 6:1.0882 7:1.4634 8:1.6350 9:1.6980 10:1.8608 11:1.7713 12:1.4666 13:1.8235 14:1.9874 15:1.8761

## Entropy of features and labels
0:2.9626 1:2.8239 2:1.8721 3:1.8027 4:2.7959 5:2.7350 6:2.0023 7:2.3425 8:2.4692 9:2.5157 10:2.6869 11:2.5911 12:2.3437 13:2.6812 14:2.8506 15:2.7210

