# Parameters
## Input file = datasets/gina-10-disc.arff.0.5.out.arff
## Output file = datasets/gina-10-disc.arff.0.5.out.arff.0.5.out.arff
## Threshold = 0.5
## Level of detail of log = hi

# Run-time
## Creating a dataset object = 203 msec.
## Selecting features = 90 msec.

# Selected features
'attr13 'attr10 'attr655

# Statistics
## Number of instances = 3153
## Number of features = 6
## H(C) = 0.9998
## H(Entire) = 5.6935
## H(Entire, C) = 6.1844
## I(Entire; C) = 0.5089
## H(Selected) = 4.0562
## H(Selected, C) = 4.7387
## I(Selected; C) = 0.3173
## H(Selected | C) = 3.7389
## mu_H = 0.1390
## mu_G = 0.2209
## Entropy of features
0:1.4424 1:1.8608 2:1.6350 3:1.7713 4:1.8954

## Entropy of features and labels
0:2.3037 1:2.6869 2:2.4692 3:2.5911 4:2.7350

