# Parameters
## Input file = datasets/gina-10-disc.arff.0.6.out.arff
## Output file = datasets/gina-10-disc.arff.0.6.out.arff.1.0.out.arff
## Threshold = 1.0
## Level of detail of log = hi

# Run-time
## Creating a dataset object = 205 msec.
## Selecting features = 295 msec.

# Selected features
'attr30 'attr421 'attr619 'attr655 'attr13 'attr878 'attr443

# Statistics
## Number of instances = 3153
## Number of features = 8
## H(C) = 0.9998
## H(Entire) = 6.6717
## H(Entire, C) = 7.0490
## I(Entire; C) = 0.6225
## H(Selected) = 6.6717
## H(Selected, C) = 7.0490
## I(Selected; C) = 0.6225
## H(Selected | C) = 6.0492
## mu_H = 0.1707
## mu_G = 0.3055
## Entropy of features
0:1.9434 1:1.8761 2:1.8954 3:1.7713 4:1.8608 5:1.6980 6:1.4424

## Entropy of features and labels
0:2.7959 1:2.7210 2:2.7350 3:2.5911 4:2.6869 5:2.5157 6:2.3037

