# Parameters
## Input file = datasets/madelon-10-disc.arff.0.6.out.arff
## Output file = datasets/madelon-10-disc.arff.0.6.out.arff.0.5.out.arff
## Threshold = 0.5
## Level of detail of log = hi

# Run-time
## Creating a dataset object = 209 msec.
## Selecting features = 88 msec.

# Selected features
'feature-338 'feature-105 'feature-241

# Statistics
## Number of instances = 2000
## Number of features = 6
## H(C) = 1.0000
## H(Entire) = 9.2491
## H(Entire, C) = 9.6341
## I(Entire; C) = 0.6150
## H(Selected) = 7.0291
## H(Selected, C) = 7.7114
## I(Selected; C) = 0.3177
## H(Selected | C) = 6.7114
## mu_H = 0.0831
## mu_G = 0.1528
## Entropy of features
0:2.7520 1:2.6882 2:2.6020 3:2.5079 4:2.7330

## Entropy of features and labels
0:3.7197 1:3.6502 2:3.5665 3:3.4673 4:3.6864

