# Parameters
## Input file = datasets/arcene-10-disc.arff.0.5.out.arff
## Output file = datasets/arcene-10-disc.arff.0.5.out.arff.0.7.out.arff
## Threshold = 0.7
## Level of detail of log = hi

# Run-time
## Creating a dataset object = 174 msec.
## Selecting features = 43 msec.

# Selected features
'attr8501 'attr5853

# Statistics
## Number of instances = 100
## Number of features = 3
## H(C) = 0.9896
## H(Entire) = 4.3697
## H(Entire, C) = 4.7087
## I(Entire; C) = 0.6506
## H(Selected) = 4.3697
## H(Selected, C) = 4.7087
## I(Selected; C) = 0.6506
## H(Selected | C) = 3.7191
## mu_H = 0.2592
## mu_G = 0.3859
## Entropy of features
0:2.6248 1:2.6908

## Entropy of features and labels
0:3.3019 1:3.3464

