# Parameters
## Input file = datasets/arcene-10-disc.arff.0.7.out.arff
## Output file = datasets/arcene-10-disc.arff.0.7.out.arff.0.8.out.arff
## Threshold = 0.8
## Level of detail of log = hi

# Run-time
## Creating a dataset object = 170 msec.
## Selecting features = 46 msec.

# Selected features
'attr8501 'attr7647

# Statistics
## Number of instances = 100
## Number of features = 4
## H(C) = 0.9896
## H(Entire) = 5.3660
## H(Entire, C) = 5.5820
## I(Entire; C) = 0.7735
## H(Selected) = 4.6262
## H(Selected, C) = 4.9877
## I(Selected; C) = 0.6281
## H(Selected | C) = 3.9981
## mu_H = 0.2326
## mu_G = 0.3320
## Entropy of features
0:2.8041 1:2.6248 2:2.8860

## Entropy of features and labels
0:3.4764 1:3.3019 2:3.5189

