# Parameters
## Input file = datasets/arcene-10-disc.arff.0.5.out.arff
## Output file = datasets/arcene-10-disc.arff.0.5.out.arff.0.5.out.arff
## Threshold = 0.5
## Level of detail of log = hi

# Run-time
## Creating a dataset object = 169 msec.
## Selecting features = 35 msec.

# Selected features
'attr5853

# Statistics
## Number of instances = 100
## Number of features = 3
## H(C) = 0.9896
## H(Entire) = 4.3697
## H(Entire, C) = 4.7087
## I(Entire; C) = 0.6506
## H(Selected) = 2.6908
## H(Selected, C) = 3.3464
## I(Selected; C) = 0.3340
## H(Selected | C) = 2.3568
## mu_H = 0.1999
## mu_G = 0.2525
## Entropy of features
0:2.6248 1:2.6908

## Entropy of features and labels
0:3.3019 1:3.3464

