# Parameters
## Input file = datasets/arcene-10-disc.arff.1.0.out.arff
## Output file = datasets/arcene-10-disc.arff.1.0.out.arff.0.7.out.arff
## Threshold = 0.7
## Level of detail of log = hi

# Run-time
## Creating a dataset object = 166 msec.
## Selecting features = 62 msec.

# Selected features
'attr7563 'attr8501 'attr7647

# Statistics
## Number of instances = 100
## Number of features = 6
## H(C) = 0.9896
## H(Entire) = 6.2888
## H(Entire, C) = 6.2888
## I(Entire; C) = 0.9896
## H(Selected) = 5.3660
## H(Selected, C) = 5.5820
## I(Selected; C) = 0.7735
## H(Selected | C) = 4.5925
## mu_H = 0.2434
## mu_G = 0.3357
## Entropy of features
0:2.9967 1:2.6248 2:2.6111 3:2.8860 4:2.8041

## Entropy of features and labels
0:3.6667 1:3.3019 2:3.3023 3:3.5189 4:3.4764

