# Parameters
## Input file = datasets/sylva-10-disc.arff
## Output file = datasets/sylva-10-disc.arff.0.6.out.arff
## Threshold = 0.6
## Level of detail of log = hi

# Run-time
## Creating a dataset object = 705 msec.
## Selecting features = 1133 msec.

# Selected features
'feature-182 'feature-84

# Statistics
## Number of instances = 13086
## Number of features = 217
## H(C) = 0.3334
## H(Entire) = 13.6757
## H(Entire, C) = 13.6757
## I(Entire; C) = 0.3334
## H(Selected) = 2.7560
## H(Selected, C) = 2.8610
## I(Selected; C) = 0.2285
## H(Selected | C) = 2.5275
## mu_H = 0.1479
## mu_G = 0.2384
## Entropy of features
0:0.0000 1:0.0000 2:0.0000 3:0.0000 4:0.0000 5:0.0452 6:0.2174 7:0.0136 8:0.9935 9:0.1484 10:0.1200 11:0.4635 12:0.3952 13:0.0234 14:0.1861 15:0.1817 16:0.3477 17:0.0422 18:0.0598 19:0.9880 20:0.3036 21:0.9903 22:0.2665 23:0.1861 24:0.9890 25:0.7054 26:0.4467 27:0.0700 28:0.0486 29:0.0106 30:0.4664 31:0.0976 32:0.3213 33:0.0012 34:0.0012 35:0.9899 36:0.0293 37:0.1159 38:0.0193 39:0.0193 40:0.3892 41:0.0434 42:0.0434 43:0.0918 44:0.3564 45:0.1403 46:0.2597 47:0.2860 48:0.0186 49:0.3328 50:0.0446 51:0.0022 52:0.0022 53:0.3247 54:0.1441 55:0.0082 56:0.0515 57:0.0350 58:0.0576 59:0.0428 60:0.2950 61:0.0684 62:0.0031 63:0.0031 64:0.0031 65:0.0031 66:0.0031 67:0.0475 68:0.2963 69:0.1150 70:0.0074 71:0.2718 72:0.0040 73:0.1127 74:0.9879 75:0.1750 76:0.0254 77:0.7196 78:0.0312 79:0.3001 80:0.1814 81:0.1150 82:0.0066 83:0.0066 84:0.0066 85:0.0066 86:0.0074 87:0.0207 88:0.0082 89:0.0082 90:0.0908 91:0.1450 92:0.4439 93:0.2911 94:0.0325 95:0.2236 96:0.0350 97:0.0504 98:0.0136 99:0.1526 100:0.0143 101:0.0151 102:0.0172 103:0.0179 104:0.0186 105:0.0186 106:0.0193 107:2.3001 108:0.0022 109:0.0207 110:0.1351 111:0.0486 112:2.6462 113:0.0254 114:0.0274 115:0.0293 116:0.0299 117:0.0306 118:0.0318 119:0.0325 120:0.0325 121:0.0356 122:0.0631 123:0.1584 124:0.0129 125:1.8768 126:0.0416 127:0.0440 128:2.3751 129:2.3883 130:2.3365 131:0.0554 132:0.0090 133:2.6684 134:0.0658 135:2.6600 136:2.4485 137:2.3645 138:2.3843 139:3.2365 140:2.3594 141:3.2274 142:2.2216 143:1.4322 144:1.4390 145:0.1980 146:0.1090 147:0.1118 148:3.2283 149:3.2321 150:2.6564 151:0.1204 152:1.4584 153:0.1258 154:1.8062 155:2.6651 156:1.3888 157:2.3012 158:0.1613 159:2.5236 160:0.1650 161:2.4284 162:0.2040 163:0.1706 164:2.7256 165:2.5202 166:2.7260 167:2.9875 168:3.0417 169:0.1884 170:0.2211 171:0.2243 172:2.3272 173:0.2529 174:2.6407 175:0.2655 176:2.7028 177:0.2889 178:0.2905 179:0.2915 180:0.2982 181:0.2988 182:0.3011 183:2.6992 184:2.9896 185:2.9988 186:0.3256 187:0.4291 188:0.3361 189:0.4327 190:0.3822 191:0.3973 192:0.4672 193:0.0267 194:0.4768 195:0.0274 196:0.0475 197:0.7112 198:0.7159 199:0.0768 200:0.0695 201:2.4950 202:2.4758 203:0.0469 204:0.0903 205:0.9913 206:0.9926 207:0.3095 208:0.0814 209:0.0967 210:0.3036 211:0.1496 212:0.1154 213:0.1547 214:0.3313 215:0.3340

## Entropy of features and labels
0:0.3334 1:0.3334 2:0.3334 3:0.3334 4:0.3334 5:0.3786 6:0.5508 7:0.3470 8:1.3270 9:0.4818 10:0.4534 11:0.7969 12:0.7286 13:0.3568 14:0.5195 15:0.5152 16:0.6811 17:0.3757 18:0.3933 19:1.3214 20:0.6370 21:1.3237 22:0.5999 23:0.5195 24:1.3224 25:1.0388 26:0.7801 27:0.4035 28:0.3821 29:0.3440 30:0.7998 31:0.4311 32:0.6547 33:0.3346 34:0.3346 35:1.3233 36:0.3627 37:0.4493 38:0.3527 39:0.3527 40:0.7226 41:0.3768 42:0.3768 43:0.4252 44:0.6898 45:0.4737 46:0.5931 47:0.6194 48:0.3520 49:0.6662 50:0.3780 51:0.3356 52:0.3356 53:0.6581 54:0.4775 55:0.3416 56:0.3849 57:0.3684 58:0.3911 59:0.3762 60:0.6284 61:0.4019 62:0.3365 63:0.3365 64:0.3365 65:0.3365 66:0.3365 67:0.3809 68:0.6297 69:0.4484 70:0.3408 71:0.6052 72:0.3374 73:0.4461 74:1.3213 75:0.5084 76:0.3588 77:1.0529 78:0.3646 79:0.6335 80:0.5147 81:0.4484 82:0.3400 83:0.3400 84:0.3400 85:0.3400 86:0.3408 87:0.3541 88:0.3416 89:0.3416 90:0.4242 91:0.4783 92:0.7772 93:0.6244 94:0.3658 95:0.5569 96:0.3683 97:0.3837 98:0.3469 99:0.4858 100:0.3476 101:0.3484 102:0.3505 103:0.3512 104:0.3519 105:0.3519 106:0.3526 107:2.6330 108:0.3354 109:0.3539 110:0.4682 111:0.3819 112:2.9793 113:0.3586 114:0.3605 115:0.3625 116:0.3631 117:0.3637 118:0.3650 119:0.3656 120:0.3656 121:0.3687 122:0.3962 123:0.4913 124:0.3459 125:2.2095 126:0.3746 127:0.3770 128:2.7083 129:2.7210 130:2.6694 131:0.3883 132:0.3419 133:3.0010 134:0.3985 135:2.9931 136:2.7816 137:2.6972 138:2.7101 139:3.5697 140:2.6855 141:3.5604 142:2.5439 143:1.7653 144:1.7720 145:0.5298 146:0.4411 147:0.4438 148:3.5581 149:3.5610 150:2.9779 151:0.4524 152:1.7863 153:0.4577 154:2.1273 155:2.9863 156:1.7159 157:2.6182 158:0.4925 159:2.8564 160:0.4961 161:2.7428 162:0.5350 163:0.5017 164:3.0582 165:2.8532 166:3.0589 167:3.3200 168:3.3747 169:0.5191 170:0.5512 171:0.5544 172:2.6295 173:0.5824 174:2.9412 175:0.5947 176:2.9895 177:0.6176 178:0.6191 179:0.6201 180:0.6267 181:0.6273 182:0.6294 183:2.9809 184:3.2687 185:3.2774 186:0.6534 187:0.7559 188:0.6637 189:0.7586 190:0.7086 191:0.7233 192:0.7910 193:0.3558 194:0.8003 195:0.3554 196:0.3745 197:1.0247 198:1.0292 199:0.4023 200:0.3944 201:2.6518 202:2.6312 203:0.3698 204:0.4067 205:1.2701 206:1.2707 207:0.6152 208:0.3946 209:0.4053 210:0.6002 211:0.4537 212:0.4172 213:0.4499 214:0.5647 215:0.5622

