# Parameters
## Input file = datasets/sylva-10-disc.arff.0.7.out.arff
## Output file = datasets/sylva-10-disc.arff.0.7.out.arff.0.7.out.arff
## Threshold = 0.7
## Level of detail of log = hi

# Run-time
## Creating a dataset object = 197 msec.
## Selecting features = 43 msec.

# Selected features
'feature-170 'feature-182

# Statistics
## Number of instances = 13086
## Number of features = 3
## H(C) = 0.3334
## H(Entire) = 4.8887
## H(Entire, C) = 4.9431
## I(Entire; C) = 0.2790
## H(Selected) = 4.8887
## H(Selected, C) = 4.9431
## I(Selected; C) = 0.2790
## H(Selected | C) = 4.6097
## mu_H = 0.1080
## mu_G = 0.2389
## Entropy of features
0:2.4950 1:2.4758

## Entropy of features and labels
0:2.6518 1:2.6312

