# Parameters
## Input file = datasets/sylva-10-disc.arff.0.9.out.arff
## Output file = datasets/sylva-10-disc.arff.0.9.out.arff.1.0.out.arff
## Threshold = 1.0
## Level of detail of log = hi

# Run-time
## Creating a dataset object = 211 msec.
## Selecting features = 109 msec.

# Selected features
'feature-197 'feature-172 'feature-51 'feature-170 'feature-182 'feature-20

# Statistics
## Number of instances = 13086
## Number of features = 7
## H(C) = 0.3334
## H(Entire) = 5.1595
## H(Entire, C) = 5.1917
## I(Entire; C) = 0.3012
## H(Selected) = 5.1595
## H(Selected, C) = 5.1917
## I(Selected; C) = 0.3012
## H(Selected | C) = 4.8582
## mu_H = 0.1103
## mu_G = 0.2416
## Entropy of features
0:0.0967 1:0.1154 2:0.1547 3:2.4950 4:2.4758 5:0.3340

## Entropy of features and labels
0:0.4053 1:0.4172 2:0.4499 3:2.6518 4:2.6312 5:0.5622

