# Parameters
## Input file = dexter-10-disc.arff
## Output file = out/dexter-10-disc.arff-relevance-0.7-bornfs.arff
## Algorithm = bornfs
## Sorting measure = relevance
## Threshold = 0.7
## Level of detail of log = low

# Run-time
## Creating a dataset object = 547,423,854 nsec
## Sorting features = 1,428,758,550 nsec
## Sorting instances = 8,837,019 nsec
## Selecting features = 17,094,002 nsec

# 7features selected.
# Selected features
'attr10457 'attr4308 'attr12610 'attr15798 'attr3578 'attr19386 'attr12916

# Statistics
## Number of instances = 300
## Number of features = 20001
## H(C) = 1.0000
## H(Entire) = 8.2288
## H(Entire, C) = 8.2288
## I(Entire; C) = 1.0000
## H(Selected) = 7.1269
## H(Selected, C) = 7.3180
## I(Selected; C) = 0.8090
## H(Selected | C) = 6.3180
## mu_H = 0.1991
## mu_G = 0.3030

# Events: function name:time (nsec):arguments
## sortAttrs:time:#_features
## sortCases:time:#_features
## findBorder:time:#_features
'sortAttrs:1397785662:19999 'sortCases:3435673:19999 'findBorder:9391283:19999 'sortAttrs:4599590:11 'sortCases:1213002:11 'findBorder:1362877:11 'sortAttrs:5750003:9 'sortCases:764442:9 'findBorder:1301875:9 'sortAttrs:6998460:7 'sortCases:956424:7 'findBorder:1361878:7 'sortAttrs:6043834:5 'sortCases:882792:5 'findBorder:1767696:5 'sortAttrs:5615448:3 'sortCases:853196:3 'findBorder:1449221:3 'sortAttrs:1965553:0 'sortCases:731490:0 'findBorder:459172:0
