# Parameters
## Input file = dorothea.sparse.arff
## Output file = out/dorothea.sparse.arff-noise-1.0-bornfs.arff
## Algorithm = bornfs
## Sorting measure = negative noise
## Threshold = 1.0
## Level of detail of log = low

# Run-time
## Creating a dataset object = 4,314,112,839 nsec
## Sorting features = 329,291,476,888 nsec
## Sorting instances = 28,512,539 nsec
## Selecting features = 172,159,836 nsec

# 78features selected.
# Selected features
'attr29790 'attr29740 'attr28387 'attr28050 'attr27101 'attr20729 'attr20699 'attr20414 'attr20154 'attr20142 'attr19529 'attr19273 'attr19264 'attr16735 'attr16575 'attr16213 'attr15855 'attr15510 'attr15115 'attr14849 'attr14845 'attr14487 'attr14439 'attr14114 'attr13443 'attr13380 'attr13334 'attr13275 'attr13141 'attr13094 'attr13028 'attr12954 'attr12940 'attr12927 'attr12921 'attr12795 'attr12775 'attr12756 'attr12709 'attr12667 'attr12609 'attr12606 'attr12578 'attr12414 'attr12410 'attr12361 'attr12325 'attr12314 'attr12250 'attr12174 'attr12121 'attr12115 'attr12089 'attr12048 'attr12038 'attr12037 'attr12003 'attr11999 'attr11998 'attr11991 'attr11979 'attr11975 'attr11965 'attr11963 'attr11929 'attr11927 'attr11926 'attr11922 'attr11920 'attr11917 'attr11914 'attr11909 'attr11908 'attr11891 'attr11887 'attr11884 'attr11882 'attr11881

# Statistics
## Number of instances = 800
## Number of features = 100001
## H(C) = 0.4610
## H(Entire) = 9.6439
## H(Entire, C) = 9.6439
## I(Entire; C) = 0.4610
## H(Selected) = 1.1064
## H(Selected, C) = 1.1064
## I(Selected; C) = 0.4610
## H(Selected | C) = 0.6454
## mu_H = 0.5882
## mu_G = 0.6455

# Events: function name:time (nsec):arguments
## sortAttrs:time:#_features
## sortCases:time:#_features
## findBorder:time:#_features
'sortAttrs:14650767267:99999 'sortCases:4131538:99999 'findBorder:18667028:99999 'sortAttrs:5568275659:29789 'sortCases:1506806:29789 'findBorder:7211830:29789 'sortAttrs:2362867958:29739 'sortCases:458551:29739 'findBorder:5007015:29739 'sortAttrs:2579399901:28386 'sortCases:617050:28386 'findBorder:8461775:28386 'sortAttrs:2630040132:28049 'sortCases:698146:28049 'findBorder:5945112:28049 'sortAttrs:2652688796:27100 'sortCases:242562:27100 'findBorder:2440823:27100 'sortAttrs:1963979735:20728 'sortCases:708028:20728 'findBorder:3905795:20728 'sortAttrs:2451051578:20698 'sortCases:639024:20698 'findBorder:3875868:20698 'sortAttrs:2828630912:20413 'sortCases:758170:20413 'findBorder:3512043:20413 'sortAttrs:2881255681:20153 'sortCases:745994:20153 'findBorder:4148989:20153 'sortAttrs:3010090290:20141 'sortCases:358609:20141 'findBorder:1825837:20141 'sortAttrs:3116846661:19528 'sortCases:383280:19528 'findBorder:1860342:19528 'sortAttrs:3044145319:19272 'sortCases:388138:19272 'findBorder:1978034:19272 'sortAttrs:3092259570:19263 'sortCases:392948:19263 'findBorder:1934214:19263 'sortAttrs:2873331501:16734 'sortCases:238195:16734 'findBorder:1870224:16734 'sortAttrs:3436321797:16574 'sortCases:387346:16574 'findBorder:1952678:16574 'sortAttrs:3888085560:16212 'sortCases:354434:16212 'findBorder:1956809:16212 'sortAttrs:3873201426:15854 'sortCases:400837:15854 'findBorder:1812575:15854 'sortAttrs:3927764861:15509 'sortCases:309886:15509 'findBorder:1685991:15509 'sortAttrs:3839821743:15114 'sortCases:213355:15114 'findBorder:1716823:15114 'sortAttrs:3838785041:14848 'sortCases:324626:14848 'findBorder:1791385:14848 'sortAttrs:3874094759:14844 'sortCases:309126:14844 'findBorder:1604790:14844 'sortAttrs:3775899042:14486 'sortCases:325514:14486 'findBorder:1858463:14486 'sortAttrs:3770297704:14438 'sortCases:315896:14438 'findBorder:1683326:14438 'sortAttrs:3754327078:14113 'sortCases:276162:14113 'findBorder:1558782:14113 'sortAttrs:3612101900:13442 'sortCases:304176:13442 'findBorder:1829147:13442 'sortAttrs:3693373363:13379 'sortCases:175689:13379 'findBorder:1591551:13379 'sortAttrs:3697244879:13333 'sortCases:199152:13333 'findBorder:1450172:13333 'sortAttrs:3823742304:13274 'sortCases:281903:13274 'findBorder:1883989:13274 'sortAttrs:3824249391:13140 'sortCases:302648:13140 'findBorder:1568935:13140 'sortAttrs:3863366992:13093 'sortCases:251846:13093 'findBorder:1526614:13093 'sortAttrs:4051707050:13027 'sortCases:220505:13027 'findBorder:1555821:13027 'sortAttrs:4265722846:12953 'sortCases:210570:12953 'findBorder:1363958:12953 'sortAttrs:4228779947:12939 'sortCases:295592:12939 'findBorder:1374431:12939 'sortAttrs:4301755352:12926 'sortCases:187792:12926 'findBorder:1557089:12926 'sortAttrs:4321162451:12920 'sortCases:205900:12920 'findBorder:1472647:12920 'sortAttrs:4327223995:12794 'sortCases:205606:12794 'findBorder:1524021:12794 'sortAttrs:4320461590:12774 'sortCases:198563:12774 'findBorder:1313196:12774 'sortAttrs:4343750776:12755 'sortCases:312163:12755 'findBorder:1752848:12755 'sortAttrs:4322169730:12708 'sortCases:302792:12708 'findBorder:1507831:12708 'sortAttrs:4380433167:12666 'sortCases:281242:12666 'findBorder:1451028:12666 'sortAttrs:4423416815:12608 'sortCases:195438:12608 'findBorder:1466904:12608 'sortAttrs:4470514484:12605 'sortCases:197507:12605 'findBorder:1431185:12605 'sortAttrs:4461467075:12577 'sortCases:310974:12577 'findBorder:1453545:12577 'sortAttrs:4362382268:12413 'sortCases:299030:12413 'findBorder:1435052:12413 'sortAttrs:4408087461:12409 'sortCases:223260:12409 'findBorder:1354773:12409 'sortAttrs:4386506111:12360 'sortCases:189947:12360 'findBorder:1521577:12360 'sortAttrs:4278148445:12324 'sortCases:229673:12324 'findBorder:1554227:12324 'sortAttrs:4288368121:12313 'sortCases:177782:12313 'findBorder:1359863:12313 'sortAttrs:4309228026:12249 'sortCases:208140:12249 'findBorder:1661251:12249 'sortAttrs:4252544782:12173 'sortCases:176624:12173 'findBorder:1526260:12173 'sortAttrs:4223465208:12120 'sortCases:180208:12120 'findBorder:1421849:12120 'sortAttrs:4238683642:12114 'sortCases:191906:12114 'findBorder:1360086:12114 'sortAttrs:4222572994:12088 'sortCases:187863:12088 'findBorder:1646537:12088 'sortAttrs:4284867428:12047 'sortCases:186767:12047 'findBorder:1529472:12047 'sortAttrs:4315163700:12037 'sortCases:308055:12037 'findBorder:1556670:12037 'sortAttrs:4358752639:12036 'sortCases:199320:12036 'findBorder:1552895:12036 'sortAttrs:4239821428:12002 'sortCases:314401:12002 'findBorder:1554573:12002 'sortAttrs:4384253646:11998 'sortCases:190073:11998 'findBorder:1318289:11998 'sortAttrs:4280793972:11997 'sortCases:171069:11997 'findBorder:1318554:11997 'sortAttrs:4443149228:11990 'sortCases:188912:11990 'findBorder:1464531:11990 'sortAttrs:4498110787:11978 'sortCases:328678:11978 'findBorder:1646033:11978 'sortAttrs:4350564466:11974 'sortCases:186343:11974 'findBorder:1539397:11974 'sortAttrs:4277592429:11964 'sortCases:224924:11964 'findBorder:1494048:11964 'sortAttrs:4428432806:11962 'sortCases:320677:11962 'findBorder:1453982:11962 'sortAttrs:4478390520:11928 'sortCases:203345:11928 'findBorder:1428001:11928 'sortAttrs:4524112757:11926 'sortCases:214433:11926 'findBorder:1854731:11926 'sortAttrs:4528874075:11925 'sortCases:206346:11925 'findBorder:1543627:11925 'sortAttrs:4699349131:11921 'sortCases:204481:11921 'findBorder:1603611:11921 'sortAttrs:4711519692:11919 'sortCases:335402:11919 'findBorder:1490568:11919 'sortAttrs:4712989334:11916 'sortCases:193187:11916 'findBorder:1639803:11916 'sortAttrs:4701893335:11913 'sortCases:371140:11913 'findBorder:1729500:11913 'sortAttrs:4733135777:11908 'sortCases:328596:11908 'findBorder:1805097:11908 'sortAttrs:4761988234:11907 'sortCases:326504:11907 'findBorder:1621134:11907 'sortAttrs:4774858028:11890 'sortCases:304973:11890 'findBorder:1541977:11890 'sortAttrs:4757282112:11886 'sortCases:220280:11886 'findBorder:1712813:11886 'sortAttrs:4880015422:11883 'sortCases:394716:11883 'findBorder:1553738:11883 'sortAttrs:4872820254:11881 'sortCases:205286:11881 'findBorder:1911427:11881 'sortAttrs:4905884552:11880 'sortCases:195919:11880 'findBorder:112427:11880
