# Parameters
## Input file = gisette-10-disc.arff
## Output file = out/gisette-10-disc.arff-relevance-0.6-bornfs.arff
## Algorithm = bornfs
## Sorting measure = relevance
## Threshold = 0.6
## Level of detail of log = low

# Run-time
## Creating a dataset object = 4,287,959,123 nsec
## Sorting features = 6,454,983,012 nsec
## Sorting instances = 37,700,796 nsec
## Selecting features = 88,177,724 nsec

# 4features selected.
# Selected features
'attr904 'attr4507 'attr3656 'attr557

# Statistics
## Number of instances = 6000
## Number of features = 5001
## H(C) = 1.0000
## H(Entire) = 12.5507
## H(Entire, C) = 12.5507
## I(Entire; C) = 1.0000
## H(Selected) = 5.3142
## H(Selected, C) = 5.6850
## I(Selected; C) = 0.6291
## H(Selected | C) = 4.6850
## mu_H = 0.1993
## mu_G = 0.2729

# Events: function name:time (nsec):arguments
## sortAttrs:time:#_features
## sortCases:time:#_features
## findBorder:time:#_features
'sortAttrs:6417623959:4999 'sortCases:23426512:4999 'findBorder:69627103:4999 'sortAttrs:14041108:7 'sortCases:9065388:7 'findBorder:11669473:7 'sortAttrs:17188950:4 'sortCases:2592877:4 'findBorder:3879539:4 'sortAttrs:6128995:1 'sortCases:2616019:1 'findBorder:3001609:1
