# Parameters
## Input file = hiva.arff
## Output file = out/hiva.arff-ratio-0.7-bornfs.arff
## Algorithm = bornfs
## Sorting measure = ratio of relevance to noise
## Threshold = 0.7
## Level of detail of log = low

# Run-time
## Creating a dataset object = 820,180,166 nsec
## Sorting features = 6,679,851,978 nsec
## Sorting instances = 57,074,005 nsec
## Selecting features = 207,605,633 nsec

# 89features selected.
# Selected features
'attr1241 'attr1401 'attr1074 'attr366 'attr1296 'attr1178 'attr236 'attr218 'attr744 'attr138 'attr204 'attr837 'attr538 'attr1123 'attr280 'attr1245 'attr968 'attr442 'attr761 'attr807 'attr909 'attr1005 'attr1338 'attr805 'attr1277 'attr163 'attr14 'attr906 'attr1463 'attr219 'attr535 'attr536 'attr56 'attr811 'attr514 'attr664 'attr687 'attr295 'attr1029 'attr1165 'attr100 'attr1053 'attr1554 'attr54 'attr1131 'attr596 'attr276 'attr102 'attr1589 'attr194 'attr1237 'attr135 'attr782 'attr1231 'attr751 'attr1511 'attr10 'attr1200 'attr808 'attr468 'attr973 'attr253 'attr1155 'attr457 'attr399 'attr1264 'attr423 'attr604 'attr57 'attr67 'attr1204 'attr83 'attr1519 'attr66 'attr1116 'attr432 'attr41 'attr528 'attr1167 'attr1322 'attr810 'attr631 'attr580 'attr1395 'attr148 'attr1258 'attr272 'attr246 'attr962

# Statistics
## Number of instances = 3845
## Number of features = 1618
## H(C) = 0.2194
## H(Entire) = 11.8968
## H(Entire, C) = 11.8973
## I(Entire; C) = 0.2189
## H(Selected) = 6.6026
## H(Selected, C) = 6.6688
## I(Selected; C) = 0.1532
## H(Selected | C) = 6.4494
## mu_H = 0.0449
## mu_G = 0.1275

# Events: function name:time (nsec):arguments
## sortAttrs:time:#_features
## sortCases:time:#_features
## findBorder:time:#_features
'sortAttrs:908085794:1616 'sortCases:12638741:1616 'findBorder:30663840:1616 'sortAttrs:101807750:259 'sortCases:2135967:259 'findBorder:5545177:259 'sortAttrs:86519632:254 'sortCases:1290051:254 'findBorder:5317696:254 'sortAttrs:77030489:245 'sortCases:1067971:245 'findBorder:4485348:245 'sortAttrs:79804939:244 'sortCases:1202584:244 'findBorder:3698905:244 'sortAttrs:91228574:243 'sortCases:1125748:243 'findBorder:4960901:243 'sortAttrs:130890322:240 'sortCases:1076258:240 'findBorder:4486580:240 'sortAttrs:128587377:237 'sortCases:970657:237 'findBorder:3032242:237 'sortAttrs:123324917:233 'sortCases:923019:233 'findBorder:2913003:233 'sortAttrs:124076735:232 'sortCases:832768:232 'findBorder:2986569:232 'sortAttrs:132341310:231 'sortCases:816444:231 'findBorder:3121473:231 'sortAttrs:151541240:230 'sortCases:681051:230 'findBorder:2745522:230 'sortAttrs:129621093:229 'sortCases:695340:229 'findBorder:2833888:229 'sortAttrs:127575727:226 'sortCases:723503:226 'findBorder:2812875:226 'sortAttrs:120306355:215 'sortCases:789293:215 'findBorder:2386259:215 'sortAttrs:112332818:208 'sortCases:575685:208 'findBorder:2473679:208 'sortAttrs:113453848:205 'sortCases:619365:205 'findBorder:2392783:205 'sortAttrs:119478283:203 'sortCases:558084:203 'findBorder:3012929:203 'sortAttrs:117510149:200 'sortCases:621734:200 'findBorder:3436843:200 'sortAttrs:115649775:196 'sortCases:614960:196 'findBorder:3266078:196 'sortAttrs:115243178:195 'sortCases:656897:195 'findBorder:2238522:195 'sortAttrs:105426170:191 'sortCases:639719:191 'findBorder:1985471:191 'sortAttrs:105799426:188 'sortCases:651375:188 'findBorder:2178180:188 'sortAttrs:101345745:183 'sortCases:612301:183 'findBorder:2020235:183 'sortAttrs:92604949:168 'sortCases:613698:168 'findBorder:2184808:168 'sortAttrs:89569190:167 'sortCases:533141:167 'findBorder:2136995:167 'sortAttrs:87322204:162 'sortCases:576521:162 'findBorder:1890920:162 'sortAttrs:90491720:159 'sortCases:574641:159 'findBorder:2121022:159 'sortAttrs:83133207:158 'sortCases:501159:158 'findBorder:2031821:158 'sortAttrs:82335456:156 'sortCases:563977:156 'findBorder:1917773:156 'sortAttrs:80655026:154 'sortCases:515883:154 'findBorder:1973490:154 'sortAttrs:79852583:153 'sortCases:506075:153 'findBorder:1993704:153 'sortAttrs:83411244:151 'sortCases:488665:151 'findBorder:1932386:151 'sortAttrs:79348822:149 'sortCases:468888:149 'findBorder:2015946:149 'sortAttrs:78897345:148 'sortCases:440300:148 'findBorder:1879518:148 'sortAttrs:77433939:147 'sortCases:451771:147 'findBorder:1636534:147 'sortAttrs:81412520:142 'sortCases:441397:142 'findBorder:1857038:142 'sortAttrs:71507497:137 'sortCases:468364:137 'findBorder:1926364:137 'sortAttrs:70220881:135 'sortCases:1965826:135 'findBorder:1721034:135 'sortAttrs:67904344:131 'sortCases:424691:131 'findBorder:1658873:131 'sortAttrs:65699346:127 'sortCases:395373:127 'findBorder:1750053:127 'sortAttrs:69994431:126 'sortCases:421665:126 'findBorder:1623918:126 'sortAttrs:65174073:125 'sortCases:387477:125 'findBorder:1651797:125 'sortAttrs:64315090:122 'sortCases:393178:122 'findBorder:1650569:122 'sortAttrs:61494094:120 'sortCases:513627:120 'findBorder:1538760:120 'sortAttrs:68093904:119 'sortCases:381037:119 'findBorder:1606893:119 'sortAttrs:57832449:110 'sortCases:370409:110 'findBorder:1644966:110 'sortAttrs:57912647:109 'sortCases:367023:109 'findBorder:1569171:109 'sortAttrs:57975813:108 'sortCases:363020:108 'findBorder:1604108:108 'sortAttrs:62946914:107 'sortCases:402784:107 'findBorder:1569297:107 'sortAttrs:56679773:106 'sortCases:338635:106 'findBorder:1731049:106 'sortAttrs:55952553:104 'sortCases:353807:104 'findBorder:1680561:104 'sortAttrs:55747816:103 'sortCases:295680:103 'findBorder:1565563:103 'sortAttrs:61355815:102 'sortCases:334271:102 'findBorder:2101188:102 'sortAttrs:53979745:101 'sortCases:302600:101 'findBorder:1678229:101 'sortAttrs:53574605:99 'sortCases:304438:99 'findBorder:1609970:99 'sortAttrs:53336640:97 'sortCases:356098:97 'findBorder:1643147:97 'sortAttrs:50795192:92 'sortCases:288674:92 'findBorder:1695530:92 'sortAttrs:55407066:90 'sortCases:265091:90 'findBorder:1595159:90 'sortAttrs:48447205:89 'sortCases:267760:89 'findBorder:1637823:89 'sortAttrs:47665238:87 'sortCases:298129:87 'findBorder:1642910:87 'sortAttrs:46673884:85 'sortCases:308549:85 'findBorder:1707637:85 'sortAttrs:51597683:84 'sortCases:258363:84 'findBorder:1409062:84 'sortAttrs:44975661:81 'sortCases:305776:81 'findBorder:1498127:81 'sortAttrs:44971705:78 'sortCases:298318:78 'findBorder:1717931:78 'sortAttrs:41799071:72 'sortCases:275705:72 'findBorder:1775907:72 'sortAttrs:40079857:70 'sortCases:296944:70 'findBorder:1751619:70 'sortAttrs:47138912:69 'sortCases:266398:69 'findBorder:1808507:69 'sortAttrs:38313117:67 'sortCases:269043:67 'findBorder:1512958:67 'sortAttrs:33725327:58 'sortCases:273677:58 'findBorder:1526716:58 'sortAttrs:28002146:48 'sortCases:266039:48 'findBorder:1561060:48 'sortAttrs:27336863:47 'sortCases:257645:47 'findBorder:1516157:47 'sortAttrs:22271758:37 'sortCases:277775:37 'findBorder:1590724:37 'sortAttrs:28582689:36 'sortCases:256159:36 'findBorder:1671367:36 'sortAttrs:18766511:32 'sortCases:264577:32 'findBorder:1298120:32 'sortAttrs:17209051:29 'sortCases:269604:29 'findBorder:1383838:29 'sortAttrs:16706746:28 'sortCases:260877:28 'findBorder:1383623:28 'sortAttrs:15291085:25 'sortCases:264946:25 'findBorder:1361079:25 'sortAttrs:14258344:24 'sortCases:269138:24 'findBorder:1329905:24 'sortAttrs:13221958:22 'sortCases:270535:22 'findBorder:1272548:22 'sortAttrs:10082083:16 'sortCases:274543:16 'findBorder:1378778:16 'sortAttrs:9380301:15 'sortCases:289626:15 'findBorder:1119967:15 'sortAttrs:8740422:14 'sortCases:283643:14 'findBorder:1112085:14 'sortAttrs:7596668:12 'sortCases:245958:12 'findBorder:1120068:12 'sortAttrs:4300136:6 'sortCases:271276:6 'findBorder:874258:6 'sortAttrs:3650033:5 'sortCases:260235:5 'findBorder:908100:5 'sortAttrs:3284470:4 'sortCases:261010:4 'findBorder:682172:4 'sortAttrs:1457517:1 'sortCases:267907:1 'findBorder:452885:1 'sortAttrs:974998:0 'sortCases:254451:0 'findBorder:216550:0
