# Parameters
## Input file = hiva.arff
## Output file = out/hiva.arff-noise-0.6-bornfs.arff
## Algorithm = bornfs
## Sorting measure = negative noise
## Threshold = 0.6
## Level of detail of log = low

# Run-time
## Creating a dataset object = 773,664,478 nsec
## Sorting features = 8,188,681,003 nsec
## Sorting instances = 59,529,261 nsec
## Selecting features = 238,313,746 nsec

# 107features selected.
# Selected features
'attr215 'attr211 'attr209 'attr208 'attr201 'attr196 'attr195 'attr194 'attr191 'attr190 'attr189 'attr188 'attr187 'attr186 'attr185 'attr184 'attr182 'attr181 'attr180 'attr179 'attr177 'attr176 'attr175 'attr174 'attr172 'attr171 'attr169 'attr168 'attr166 'attr165 'attr164 'attr162 'attr161 'attr160 'attr159 'attr157 'attr156 'attr154 'attr153 'attr152 'attr151 'attr150 'attr149 'attr148 'attr147 'attr146 'attr143 'attr142 'attr141 'attr140 'attr139 'attr138 'attr137 'attr136 'attr135 'attr134 'attr133 'attr132 'attr131 'attr129 'attr128 'attr127 'attr126 'attr125 'attr124 'attr123 'attr122 'attr121 'attr120 'attr119 'attr118 'attr117 'attr116 'attr115 'attr114 'attr112 'attr111 'attr109 'attr108 'attr107 'attr106 'attr104 'attr103 'attr102 'attr101 'attr100 'attr98 'attr97 'attr95 'attr94 'attr93 'attr92 'attr90 'attr89 'attr88 'attr86 'attr85 'attr84 'attr78 'attr77 'attr74 'attr73 'attr70 'attr69 'attr66 'attr65 'attr46

# Statistics
## Number of instances = 3845
## Number of features = 1618
## H(C) = 0.2194
## H(Entire) = 11.8968
## H(Entire, C) = 11.8973
## I(Entire; C) = 0.2189
## H(Selected) = 5.3313
## H(Selected, C) = 5.4194
## I(Selected; C) = 0.1313
## H(Selected | C) = 5.2000
## mu_H = 0.0473
## mu_G = 0.1216

# Events: function name:time (nsec):arguments
## sortAttrs:time:#_features
## sortCases:time:#_features
## findBorder:time:#_features
'sortAttrs:866068950:1616 'sortCases:11971543:1616 'findBorder:29585017:1616 'sortAttrs:75123918:214 'sortCases:1893677:214 'findBorder:4710746:214 'sortAttrs:53841381:210 'sortCases:981191:210 'findBorder:4808668:210 'sortAttrs:61873604:208 'sortCases:943596:208 'findBorder:4661079:208 'sortAttrs:60178110:207 'sortCases:928754:207 'findBorder:3766332:207 'sortAttrs:60352065:200 'sortCases:826576:200 'findBorder:3635504:200 'sortAttrs:81502298:195 'sortCases:779880:195 'findBorder:3323669:195 'sortAttrs:98795028:194 'sortCases:845699:194 'findBorder:3241148:194 'sortAttrs:95733423:193 'sortCases:789082:193 'findBorder:3114354:193 'sortAttrs:92134800:190 'sortCases:693334:190 'findBorder:3026622:190 'sortAttrs:90071307:189 'sortCases:703431:189 'findBorder:2951738:189 'sortAttrs:95295899:188 'sortCases:778900:188 'findBorder:2919579:188 'sortAttrs:101308549:187 'sortCases:668164:187 'findBorder:2975181:187 'sortAttrs:97074414:186 'sortCases:654105:186 'findBorder:2944478:186 'sortAttrs:96119986:185 'sortCases:610834:185 'findBorder:2824372:185 'sortAttrs:97145526:184 'sortCases:561611:184 'findBorder:2717449:184 'sortAttrs:94988600:183 'sortCases:559177:183 'findBorder:2659121:183 'sortAttrs:89881260:181 'sortCases:579386:181 'findBorder:2641415:181 'sortAttrs:92492752:180 'sortCases:555561:180 'findBorder:2630796:180 'sortAttrs:95042592:179 'sortCases:519075:179 'findBorder:2522797:179 'sortAttrs:95888758:178 'sortCases:637600:178 'findBorder:2675232:178 'sortAttrs:99476886:176 'sortCases:592412:176 'findBorder:3182038:176 'sortAttrs:97208512:175 'sortCases:625551:175 'findBorder:2244785:175 'sortAttrs:93795615:174 'sortCases:646126:174 'findBorder:2337952:174 'sortAttrs:92755932:173 'sortCases:572958:173 'findBorder:2232627:173 'sortAttrs:90218256:171 'sortCases:562190:171 'findBorder:2343073:171 'sortAttrs:89398775:170 'sortCases:599219:170 'findBorder:2190521:170 'sortAttrs:89375133:168 'sortCases:623617:168 'findBorder:2246705:168 'sortAttrs:92136956:167 'sortCases:501680:167 'findBorder:2068946:167 'sortAttrs:84876889:165 'sortCases:506184:165 'findBorder:2021779:165 'sortAttrs:83363191:164 'sortCases:522645:164 'findBorder:2006599:164 'sortAttrs:84610188:163 'sortCases:540582:163 'findBorder:1973148:163 'sortAttrs:83601602:161 'sortCases:550800:161 'findBorder:1957546:161 'sortAttrs:86637496:160 'sortCases:535628:160 'findBorder:2061088:160 'sortAttrs:81686370:159 'sortCases:518342:159 'findBorder:1904577:159 'sortAttrs:85959771:158 'sortCases:545251:158 'findBorder:1919270:158 'sortAttrs:81043733:156 'sortCases:531121:156 'findBorder:1956587:156 'sortAttrs:80536614:155 'sortCases:483503:155 'findBorder:1896409:155 'sortAttrs:82284253:153 'sortCases:489382:153 'findBorder:1822234:153 'sortAttrs:77464231:152 'sortCases:474138:152 'findBorder:1990755:152 'sortAttrs:77420183:151 'sortCases:453199:151 'findBorder:1726157:151 'sortAttrs:76609397:150 'sortCases:416775:150 'findBorder:1761212:150 'sortAttrs:78326268:149 'sortCases:436544:149 'findBorder:1826064:149 'sortAttrs:75039907:148 'sortCases:470632:148 'findBorder:1755767:148 'sortAttrs:74862606:147 'sortCases:430952:147 'findBorder:1779271:147 'sortAttrs:74135787:146 'sortCases:410431:146 'findBorder:1659598:146 'sortAttrs:76531748:145 'sortCases:393795:145 'findBorder:1540779:145 'sortAttrs:71099131:142 'sortCases:435449:142 'findBorder:1742076:142 'sortAttrs:72295436:141 'sortCases:412490:141 'findBorder:1692389:141 'sortAttrs:75792956:140 'sortCases:450552:140 'findBorder:1752404:140 'sortAttrs:69363701:139 'sortCases:370480:139 'findBorder:1693311:139 'sortAttrs:68941099:138 'sortCases:379017:138 'findBorder:1701205:138 'sortAttrs:69087721:137 'sortCases:395719:137 'findBorder:1590807:137 'sortAttrs:70472181:136 'sortCases:347899:136 'findBorder:1624964:136 'sortAttrs:67432742:135 'sortCases:359209:135 'findBorder:1765921:135 'sortAttrs:67209889:134 'sortCases:419072:134 'findBorder:1650464:134 'sortAttrs:70378449:133 'sortCases:357993:133 'findBorder:1742282:133 'sortAttrs:65769527:132 'sortCases:387780:132 'findBorder:1618016:132 'sortAttrs:65352048:131 'sortCases:317675:131 'findBorder:1690784:131 'sortAttrs:72640213:130 'sortCases:315089:130 'findBorder:1651145:130 'sortAttrs:63095316:128 'sortCases:293514:128 'findBorder:1601217:128 'sortAttrs:62661069:127 'sortCases:343583:127 'findBorder:1454866:127 'sortAttrs:67527047:126 'sortCases:326841:126 'findBorder:1495868:126 'sortAttrs:61583672:125 'sortCases:305272:125 'findBorder:1463466:125 'sortAttrs:61704747:124 'sortCases:318585:124 'findBorder:1421061:124 'sortAttrs:67227394:123 'sortCases:275467:123 'findBorder:1466270:123 'sortAttrs:60547761:122 'sortCases:305190:122 'findBorder:1481437:122 'sortAttrs:60062314:121 'sortCases:296795:121 'findBorder:1463389:121 'sortAttrs:66168583:120 'sortCases:296572:120 'findBorder:1494301:120 'sortAttrs:59017180:119 'sortCases:300835:119 'findBorder:1469175:119 'sortAttrs:59281726:118 'sortCases:305733:118 'findBorder:1408987:118 'sortAttrs:68461420:117 'sortCases:295632:117 'findBorder:1478167:117 'sortAttrs:57616610:116 'sortCases:271639:116 'findBorder:1445863:116 'sortAttrs:58281832:115 'sortCases:307920:115 'findBorder:1451335:115 'sortAttrs:61197023:114 'sortCases:335553:114 'findBorder:2566400:114 'sortAttrs:81750777:113 'sortCases:289305:113 'findBorder:1373391:113 'sortAttrs:57585430:111 'sortCases:297123:111 'findBorder:1491396:111 'sortAttrs:56791405:110 'sortCases:280412:110 'findBorder:1454003:110 'sortAttrs:58412354:108 'sortCases:282718:108 'findBorder:1501194:108 'sortAttrs:55878382:107 'sortCases:287782:107 'findBorder:1474611:107 'sortAttrs:54348283:106 'sortCases:274747:106 'findBorder:1400014:106 'sortAttrs:53734876:105 'sortCases:273111:105 'findBorder:1449581:105 'sortAttrs:54767188:103 'sortCases:272282:103 'findBorder:1423520:103 'sortAttrs:52578704:102 'sortCases:262676:102 'findBorder:1376630:102 'sortAttrs:51803038:101 'sortCases:256851:101 'findBorder:1403295:101 'sortAttrs:51019279:100 'sortCases:271435:100 'findBorder:1446099:100 'sortAttrs:52467893:99 'sortCases:269446:99 'findBorder:1444548:99 'sortAttrs:49973680:97 'sortCases:291856:97 'findBorder:1473661:97 'sortAttrs:49407155:96 'sortCases:271242:96 'findBorder:1474073:96 'sortAttrs:47898815:94 'sortCases:276126:94 'findBorder:1449473:94 'sortAttrs:47843429:93 'sortCases:278293:93 'findBorder:1495646:93 'sortAttrs:46836394:92 'sortCases:280507:92 'findBorder:1519520:92 'sortAttrs:47302594:91 'sortCases:277167:91 'findBorder:1487473:91 'sortAttrs:46279988:89 'sortCases:260322:89 'findBorder:1484468:89 'sortAttrs:46867319:88 'sortCases:264926:88 'findBorder:1454429:88 'sortAttrs:44983096:87 'sortCases:295824:87 'findBorder:1503970:87 'sortAttrs:44494645:85 'sortCases:318384:85 'findBorder:1507858:85 'sortAttrs:44131891:84 'sortCases:266472:84 'findBorder:1472839:84 'sortAttrs:45068158:83 'sortCases:282282:83 'findBorder:1308601:83 'sortAttrs:41193061:77 'sortCases:278012:77 'findBorder:1526141:77 'sortAttrs:40155052:76 'sortCases:270162:76 'findBorder:1294673:76 'sortAttrs:38552584:73 'sortCases:265534:73 'findBorder:1494631:73 'sortAttrs:39965640:72 'sortCases:245627:72 'findBorder:1317170:72 'sortAttrs:36530245:69 'sortCases:269542:69 'findBorder:1558931:69 'sortAttrs:36234168:68 'sortCases:267700:68 'findBorder:1404734:68 'sortAttrs:34836012:65 'sortCases:262742:65 'findBorder:1450483:65 'sortAttrs:34262025:64 'sortCases:272262:64 'findBorder:1385152:64 'sortAttrs:24189137:45 'sortCases:274003:45 'findBorder:193184:45
