# Parameters
## Input file = hiva.arff
## Output file = out/hiva.arff-ratio-0.9-bornfs.arff
## Algorithm = bornfs
## Sorting measure = ratio of relevance to noise
## Threshold = 0.9
## Level of detail of log = low

# Run-time
## Creating a dataset object = 846,811,811 nsec
## Sorting features = 13,117,311,686 nsec
## Sorting instances = 72,119,286 nsec
## Selecting features = 420,521,547 nsec

# 96features selected.
# Selected features
'attr1536 'attr36 'attr372 'attr326 'attr950 'attr804 'attr331 'attr238 'attr797 'attr1544 'attr682 'attr1149 'attr948 'attr828 'attr35 'attr207 'attr199 'attr1303 'attr571 'attr931 'attr906 'attr496 'attr1239 'attr1426 'attr76 'attr61 'attr622 'attr1614 'attr410 'attr1009 'attr882 'attr1548 'attr1455 'attr412 'attr221 'attr1158 'attr766 'attr1123 'attr444 'attr542 'attr1517 'attr1200 'attr1231 'attr914 'attr468 'attr973 'attr982 'attr204 'attr1529 'attr808 'attr551 'attr887 'attr144 'attr687 'attr274 'attr102 'attr367 'attr176 'attr135 'attr1499 'attr1367 'attr1535 'attr909 'attr1097 'attr663 'attr276 'attr751 'attr1074 'attr277 'attr1401 'attr83 'attr1589 'attr1241 'attr163 'attr1029 'attr1327 'attr1163 'attr41 'attr805 'attr374 'attr182 'attr246 'attr559 'attr837 'attr999 'attr1229 'attr1438 'attr1357 'attr165 'attr138 'attr6 'attr1322 'attr1566 'attr148 'attr997 'attr631

# Statistics
## Number of instances = 3845
## Number of features = 1618
## H(C) = 0.2194
## H(Entire) = 11.8968
## H(Entire, C) = 11.8973
## I(Entire; C) = 0.2189
## H(Selected) = 10.4928
## H(Selected, C) = 10.5152
## I(Selected; C) = 0.1970
## H(Selected | C) = 10.2958
## mu_H = 0.0368
## mu_G = 0.1300

# Events: function name:time (nsec):arguments
## sortAttrs:time:#_features
## sortCases:time:#_features
## findBorder:time:#_features
'sortAttrs:949167456:1616 'sortCases:14874139:1616 'findBorder:50694460:1616 'sortAttrs:195652742:405 'sortCases:2648522:405 'findBorder:10715624:405 'sortAttrs:169889247:404 'sortCases:1739341:404 'findBorder:10318131:404 'sortAttrs:137528842:402 'sortCases:1717149:402 'findBorder:7834100:402 'sortAttrs:145085446:398 'sortCases:1409537:398 'findBorder:7212302:398 'sortAttrs:162677285:395 'sortCases:1423552:395 'findBorder:6930406:395 'sortAttrs:182361189:386 'sortCases:1441526:386 'findBorder:6627646:386 'sortAttrs:192193490:381 'sortCases:1484770:381 'findBorder:6112330:381 'sortAttrs:197392379:380 'sortCases:1568068:380 'findBorder:6209128:380 'sortAttrs:194974029:378 'sortCases:1070688:378 'findBorder:5482835:378 'sortAttrs:193442294:376 'sortCases:1180486:376 'findBorder:5234584:376 'sortAttrs:181599728:375 'sortCases:997816:375 'findBorder:4954755:375 'sortAttrs:154937346:374 'sortCases:710308:374 'findBorder:9792544:374 'sortAttrs:165450820:373 'sortCases:1024970:373 'findBorder:4689946:373 'sortAttrs:186870319:372 'sortCases:980611:372 'findBorder:4026792:372 'sortAttrs:199705896:369 'sortCases:1043491:369 'findBorder:4575480:369 'sortAttrs:189777272:367 'sortCases:895793:367 'findBorder:3888067:367 'sortAttrs:193673626:364 'sortCases:1061904:364 'findBorder:4479089:364 'sortAttrs:182780355:362 'sortCases:872548:362 'findBorder:3883075:362 'sortAttrs:186484188:358 'sortCases:880256:358 'findBorder:4020718:358 'sortAttrs:168288343:355 'sortCases:743100:355 'findBorder:4456416:355 'sortAttrs:167686865:354 'sortCases:889845:354 'findBorder:3566101:354 'sortAttrs:183940867:351 'sortCases:769792:351 'findBorder:3992232:351 'sortAttrs:177922532:347 'sortCases:820777:347 'findBorder:4044652:347 'sortAttrs:180983278:346 'sortCases:642173:346 'findBorder:3739046:346 'sortAttrs:175127966:338 'sortCases:694667:338 'findBorder:6270274:338 'sortAttrs:172848138:337 'sortCases:682649:337 'findBorder:3453916:337 'sortAttrs:174239373:336 'sortCases:701046:336 'findBorder:3208377:336 'sortAttrs:170231993:325 'sortCases:650417:325 'findBorder:3573227:325 'sortAttrs:169679091:321 'sortCases:600693:321 'findBorder:3136609:321 'sortAttrs:170528985:318 'sortCases:656175:318 'findBorder:3288107:318 'sortAttrs:172559101:313 'sortCases:572245:313 'findBorder:3222277:313 'sortAttrs:172607063:310 'sortCases:601586:310 'findBorder:3529404:310 'sortAttrs:173819039:304 'sortCases:548150:304 'findBorder:5421580:304 'sortAttrs:174485152:297 'sortCases:596775:297 'findBorder:3410182:297 'sortAttrs:173455434:293 'sortCases:555948:293 'findBorder:3395864:293 'sortAttrs:174393575:289 'sortCases:564781:289 'findBorder:3775213:289 'sortAttrs:174211938:279 'sortCases:504789:279 'findBorder:3425868:279 'sortAttrs:172230105:274 'sortCases:555296:274 'findBorder:3610872:274 'sortAttrs:170150906:271 'sortCases:523391:271 'findBorder:3387951:271 'sortAttrs:173977826:268 'sortCases:584641:268 'findBorder:3786060:268 'sortAttrs:168335991:266 'sortCases:454888:266 'findBorder:3948717:266 'sortAttrs:170313657:265 'sortCases:468738:265 'findBorder:3393528:265 'sortAttrs:167483473:261 'sortCases:428703:261 'findBorder:3444091:261 'sortAttrs:171195728:258 'sortCases:421364:258 'findBorder:3446000:258 'sortAttrs:160657294:241 'sortCases:361683:241 'findBorder:3393356:241 'sortAttrs:158545164:239 'sortCases:325357:239 'findBorder:3306802:239 'sortAttrs:161271810:237 'sortCases:403456:237 'findBorder:3133285:237 'sortAttrs:152483750:222 'sortCases:382866:222 'findBorder:3385172:222 'sortAttrs:148495664:213 'sortCases:410604:213 'findBorder:3063922:213 'sortAttrs:138550373:199 'sortCases:348576:199 'findBorder:3477254:199 'sortAttrs:137848440:194 'sortCases:362763:194 'findBorder:3121333:194 'sortAttrs:135374011:187 'sortCases:348029:187 'findBorder:3456843:187 'sortAttrs:132030840:186 'sortCases:358025:186 'findBorder:3117542:186 'sortAttrs:132443677:183 'sortCases:370502:183 'findBorder:3459136:183 'sortAttrs:130800325:181 'sortCases:325853:181 'findBorder:3403889:181 'sortAttrs:129383767:179 'sortCases:329260:179 'findBorder:3523205:179 'sortAttrs:131688169:177 'sortCases:338542:177 'findBorder:3266840:177 'sortAttrs:117583467:159 'sortCases:346385:159 'findBorder:3156974:159 'sortAttrs:115104769:156 'sortCases:336059:156 'findBorder:3638811:156 'sortAttrs:114327753:154 'sortCases:350943:154 'findBorder:3226836:154 'sortAttrs:106048651:141 'sortCases:323082:141 'findBorder:3507684:141 'sortAttrs:106092145:139 'sortCases:355652:139 'findBorder:3600662:139 'sortAttrs:105531026:137 'sortCases:374428:137 'findBorder:3173633:137 'sortAttrs:100674588:131 'sortCases:345922:131 'findBorder:3255125:131 'sortAttrs:99293838:128 'sortCases:339496:128 'findBorder:3725396:128 'sortAttrs:98773213:127 'sortCases:318444:127 'findBorder:3316527:127 'sortAttrs:96523155:125 'sortCases:335315:125 'findBorder:3331549:125 'sortAttrs:95928984:123 'sortCases:319080:123 'findBorder:3430370:123 'sortAttrs:96202249:121 'sortCases:374413:121 'findBorder:3462749:121 'sortAttrs:94496438:117 'sortCases:356456:117 'findBorder:3509019:117 'sortAttrs:92910692:116 'sortCases:309831:116 'findBorder:3530523:116 'sortAttrs:89250481:114 'sortCases:338022:114 'findBorder:3496863:114 'sortAttrs:90590234:113 'sortCases:344776:113 'findBorder:3431027:113 'sortAttrs:90831754:112 'sortCases:337839:112 'findBorder:3324806:112 'sortAttrs:88922853:111 'sortCases:355226:111 'findBorder:3453770:111 'sortAttrs:76937780:95 'sortCases:353886:95 'findBorder:2963003:95 'sortAttrs:74956716:92 'sortCases:331544:92 'findBorder:3587703:92 'sortAttrs:68372610:84 'sortCases:353790:84 'findBorder:3425245:84 'sortAttrs:67721211:83 'sortCases:360294:83 'findBorder:3423187:83 'sortAttrs:59313187:71 'sortCases:346992:71 'findBorder:3188606:71 'sortAttrs:55142150:68 'sortCases:333240:68 'findBorder:3098097:68 'sortAttrs:50741443:60 'sortCases:331626:60 'findBorder:2981399:60 'sortAttrs:47766087:58 'sortCases:369516:58 'findBorder:3055239:58 'sortAttrs:48718875:57 'sortCases:362470:57 'findBorder:3089801:57 'sortAttrs:47086387:56 'sortCases:358626:56 'findBorder:3071891:56 'sortAttrs:43806254:53 'sortCases:347160:53 'findBorder:3113049:53 'sortAttrs:44046256:52 'sortCases:362348:52 'findBorder:3103831:52 'sortAttrs:26648256:32 'sortCases:332025:32 'findBorder:2726555:32 'sortAttrs:17801576:21 'sortCases:344610:21 'findBorder:2726435:21 'sortAttrs:17728711:19 'sortCases:379541:19 'findBorder:2674377:19 'sortAttrs:15762304:18 'sortCases:344045:18 'findBorder:2188580:18 'sortAttrs:11548197:13 'sortCases:364287:13 'findBorder:2177281:13 'sortAttrs:7607532:8 'sortCases:345287:8 'findBorder:1848356:8 'sortAttrs:3435041:3 'sortCases:347142:3 'findBorder:1342225:3 'sortAttrs:1171171:0 'sortCases:365868:0 'findBorder:447208:0
