# Parameters
## Input file = hiva.arff
## Output file = out/hiva.arff-ratio-0.8-bornfs.arff
## Algorithm = bornfs
## Sorting measure = ratio of relevance to noise
## Threshold = 0.8
## Level of detail of log = low

# Run-time
## Creating a dataset object = 769,137,858 nsec
## Sorting features = 9,615,067,256 nsec
## Sorting instances = 72,838,043 nsec
## Selecting features = 320,653,845 nsec

# 102features selected.
# Selected features
'attr380 'attr559 'attr1235 'attr6 'attr723 'attr1463 'attr644 'attr810 'attr1131 'attr473 'attr1367 'attr182 'attr1589 'attr1426 'attr497 'attr571 'attr347 'attr14 'attr406 'attr879 'attr423 'attr295 'attr808 'attr1165 'attr1241 'attr882 'attr1009 'attr204 'attr837 'attr1074 'attr56 'attr959 'attr737 'attr929 'attr807 'attr41 'attr1207 'attr207 'attr346 'attr57 'attr1229 'attr366 'attr411 'attr547 'attr1401 'attr761 'attr240 'attr887 'attr782 'attr194 'attr1237 'attr135 'attr751 'attr1231 'attr276 'attr1511 'attr10 'attr1200 'attr1517 'attr102 'attr1123 'attr687 'attr1245 'attr968 'attr147 'attr1460 'attr744 'attr805 'attr1277 'attr163 'attr399 'attr457 'attr165 'attr909 'attr144 'attr280 'attr1554 'attr1029 'attr100 'attr54 'attr219 'attr468 'attr973 'attr83 'attr536 'attr1521 'attr930 'attr562 'attr1053 'attr767 'attr67 'attr1116 'attr1264 'attr1296 'attr432 'attr1566 'attr907 'attr1322 'attr148 'attr1167 'attr1541 'attr246

# Statistics
## Number of instances = 3845
## Number of features = 1618
## H(C) = 0.2194
## H(Entire) = 11.8968
## H(Entire, C) = 11.8973
## I(Entire; C) = 0.2189
## H(Selected) = 8.1537
## H(Selected, C) = 8.1980
## I(Selected; C) = 0.1751
## H(Selected | C) = 7.9786
## mu_H = 0.0418
## mu_G = 0.1311

# Events: function name:time (nsec):arguments
## sortAttrs:time:#_features
## sortCases:time:#_features
## findBorder:time:#_features
'sortAttrs:859848649:1616 'sortCases:14297605:1616 'findBorder:34086886:1616 'sortAttrs:138610836:316 'sortCases:1710249:316 'findBorder:7486145:316 'sortAttrs:104994525:315 'sortCases:1675182:315 'findBorder:6595543:315 'sortAttrs:108699109:311 'sortCases:1463702:311 'findBorder:7363593:311 'sortAttrs:93275242:310 'sortCases:1563156:310 'findBorder:5729688:310 'sortAttrs:110716507:307 'sortCases:1371661:307 'findBorder:5969500:307 'sortAttrs:109474094:306 'sortCases:1183279:306 'findBorder:5639332:306 'sortAttrs:131138369:304 'sortCases:1539455:304 'findBorder:5704773:304 'sortAttrs:131320945:303 'sortCases:1588967:303 'findBorder:5184112:303 'sortAttrs:133643446:299 'sortCases:1002697:299 'findBorder:6619125:299 'sortAttrs:129262726:295 'sortCases:1522388:295 'findBorder:5570742:295 'sortAttrs:128674580:293 'sortCases:1343756:293 'findBorder:4557647:293 'sortAttrs:129017290:292 'sortCases:1215243:292 'findBorder:4204542:292 'sortAttrs:135369610:291 'sortCases:1241237:291 'findBorder:4294676:291 'sortAttrs:136050357:290 'sortCases:1151288:290 'findBorder:4205387:290 'sortAttrs:137284151:289 'sortCases:939132:289 'findBorder:5403237:289 'sortAttrs:134990885:287 'sortCases:1043175:287 'findBorder:4074891:287 'sortAttrs:151521319:285 'sortCases:884243:285 'findBorder:4200019:285 'sortAttrs:139443267:284 'sortCases:778415:284 'findBorder:3860982:284 'sortAttrs:129565020:283 'sortCases:696375:283 'findBorder:3518436:283 'sortAttrs:129328797:280 'sortCases:734697:280 'findBorder:3373511:280 'sortAttrs:126422927:274 'sortCases:692738:274 'findBorder:3292629:274 'sortAttrs:127152530:269 'sortCases:801135:269 'findBorder:3852059:269 'sortAttrs:126786149:268 'sortCases:861433:268 'findBorder:3372443:268 'sortAttrs:126452813:265 'sortCases:802964:265 'findBorder:3750888:265 'sortAttrs:123746573:263 'sortCases:859613:263 'findBorder:3190604:263 'sortAttrs:123860456:257 'sortCases:892647:257 'findBorder:3580702:257 'sortAttrs:119206204:255 'sortCases:739839:255 'findBorder:2737163:255 'sortAttrs:116449141:248 'sortCases:719848:248 'findBorder:2710953:248 'sortAttrs:114472314:247 'sortCases:702760:247 'findBorder:2617375:247 'sortAttrs:115282559:246 'sortCases:724099:246 'findBorder:5312025:246 'sortAttrs:110857014:242 'sortCases:653089:242 'findBorder:2582027:242 'sortAttrs:116521625:240 'sortCases:605458:240 'findBorder:2180035:240 'sortAttrs:118326754:235 'sortCases:620789:235 'findBorder:2228590:235 'sortAttrs:113600855:231 'sortCases:577260:231 'findBorder:2254987:231 'sortAttrs:109418973:229 'sortCases:466813:229 'findBorder:2152678:229 'sortAttrs:109614196:226 'sortCases:479193:226 'findBorder:2178052:226 'sortAttrs:112636450:225 'sortCases:474172:225 'findBorder:2355929:225 'sortAttrs:111070436:223 'sortCases:1997834:223 'findBorder:2132577:223 'sortAttrs:113270611:220 'sortCases:428628:220 'findBorder:2228802:220 'sortAttrs:111189787:216 'sortCases:456311:216 'findBorder:2155065:216 'sortAttrs:105259779:205 'sortCases:495378:205 'findBorder:2141490:205 'sortAttrs:106409207:202 'sortCases:432488:202 'findBorder:2222270:202 'sortAttrs:109066720:201 'sortCases:422922:201 'findBorder:2196622:201 'sortAttrs:103558991:198 'sortCases:407935:198 'findBorder:2164409:198 'sortAttrs:104818260:197 'sortCases:469145:197 'findBorder:2297992:197 'sortAttrs:107499719:193 'sortCases:416978:193 'findBorder:2146764:193 'sortAttrs:106612420:192 'sortCases:475997:192 'findBorder:2158085:192 'sortAttrs:104491404:188 'sortCases:410063:188 'findBorder:2252568:188 'sortAttrs:106515913:186 'sortCases:414149:186 'findBorder:2220956:186 'sortAttrs:101589984:185 'sortCases:368387:185 'findBorder:2336259:185 'sortAttrs:101068852:184 'sortCases:355981:184 'findBorder:2166587:184 'sortAttrs:99967476:183 'sortCases:309981:183 'findBorder:2257160:183 'sortAttrs:100794696:181 'sortCases:351681:181 'findBorder:2179210:181 'sortAttrs:102491215:179 'sortCases:336040:179 'findBorder:2170753:179 'sortAttrs:101599425:177 'sortCases:322295:177 'findBorder:2197300:177 'sortAttrs:103308712:176 'sortCases:318534:176 'findBorder:2187710:176 'sortAttrs:100348527:172 'sortCases:330285:172 'findBorder:2426178:172 'sortAttrs:100001270:170 'sortCases:319519:170 'findBorder:2400391:170 'sortAttrs:98230405:169 'sortCases:334650:169 'findBorder:2388293:169 'sortAttrs:98764224:168 'sortCases:320357:168 'findBorder:2367396:168 'sortAttrs:99935791:167 'sortCases:335109:167 'findBorder:2433531:167 'sortAttrs:93716520:155 'sortCases:315788:155 'findBorder:2459774:155 'sortAttrs:94922260:153 'sortCases:290247:153 'findBorder:2491270:153 'sortAttrs:94005662:152 'sortCases:303458:152 'findBorder:2536231:152 'sortAttrs:91266450:150 'sortCases:306425:150 'findBorder:2477220:150 'sortAttrs:89850807:148 'sortCases:276285:148 'findBorder:2163926:148 'sortAttrs:84471212:138 'sortCases:286546:138 'findBorder:2081632:138 'sortAttrs:82027147:135 'sortCases:305837:135 'findBorder:2159428:135 'sortAttrs:78775548:126 'sortCases:298941:126 'findBorder:2365500:126 'sortAttrs:74893968:119 'sortCases:299146:119 'findBorder:2227383:119 'sortAttrs:69108978:109 'sortCases:309209:109 'findBorder:2246792:109 'sortAttrs:69334497:107 'sortCases:283023:107 'findBorder:2204936:107 'sortAttrs:55618735:87 'sortCases:275022:87 'findBorder:2222755:87 'sortAttrs:55096724:83 'sortCases:274370:83 'findBorder:2282411:83 'sortAttrs:49923512:78 'sortCases:272584:78 'findBorder:2225604:78 'sortAttrs:51127054:77 'sortCases:284535:77 'findBorder:2462060:77 'sortAttrs:49502740:76 'sortCases:286448:76 'findBorder:2132145:76 'sortAttrs:47950996:72 'sortCases:276658:72 'findBorder:2390811:72 'sortAttrs:42174892:65 'sortCases:268707:65 'findBorder:2385609:65 'sortAttrs:41488156:64 'sortCases:266991:64 'findBorder:2001119:64 'sortAttrs:34841873:51 'sortCases:285982:51 'findBorder:2059008:51 'sortAttrs:32767626:50 'sortCases:294372:50 'findBorder:2072820:50 'sortAttrs:31511206:48 'sortCases:281417:48 'findBorder:2133705:48 'sortAttrs:32642442:47 'sortCases:295558:47 'findBorder:1737282:47 'sortAttrs:27012644:41 'sortCases:288765:41 'findBorder:1763664:41 'sortAttrs:25250341:38 'sortCases:281286:38 'findBorder:1749795:38 'sortAttrs:23370078:35 'sortCases:275875:35 'findBorder:2083107:35 'sortAttrs:24578227:34 'sortCases:292179:34 'findBorder:2144905:34 'sortAttrs:23037118:33 'sortCases:278046:33 'findBorder:2096072:33 'sortAttrs:21210348:31 'sortCases:276498:31 'findBorder:1863857:31 'sortAttrs:17838446:26 'sortCases:294187:26 'findBorder:1768774:26 'sortAttrs:17276105:25 'sortCases:263197:25 'findBorder:1803219:25 'sortAttrs:18030406:24 'sortCases:277805:24 'findBorder:1795850:24 'sortAttrs:15899121:23 'sortCases:304541:23 'findBorder:1825412:23 'sortAttrs:10764776:15 'sortCases:272066:15 'findBorder:1522444:15 'sortAttrs:8704308:12 'sortCases:272552:12 'findBorder:1566160:12 'sortAttrs:8039454:11 'sortCases:297393:11 'findBorder:1178959:11 'sortAttrs:6283582:8 'sortCases:295222:8 'findBorder:1514335:8 'sortAttrs:4786517:6 'sortCases:236259:6 'findBorder:1182659:6 'sortAttrs:3491706:4 'sortCases:286127:4 'findBorder:883024:4 'sortAttrs:1573993:1 'sortCases:258097:1 'findBorder:571914:1
