# Parameters
## Input file = kr-vs-kp.arff
## Output file = out/kr-vs-kp.arff-ratio-0.5-bornfs.arff
## Algorithm = bornfs
## Sorting measure = ratio of relevance to noise
## Threshold = 0.5
## Level of detail of log = low

# Run-time
## Creating a dataset object = 269,043,964 nsec
## Sorting features = 47,387,205 nsec
## Sorting instances = 16,689,496 nsec
## Selecting features = 19,157,689 nsec

# 3features selected.
# Selected features
'attribute33 'attribute10 'attribute21

# Statistics
## Number of instances = 3196
## Number of features = 37
## H(C) = 0.9986
## H(Entire) = 11.6421
## H(Entire, C) = 11.6421
## I(Entire; C) = 0.9986
## H(Selected) = 2.4988
## H(Selected, C) = 2.8646
## I(Selected; C) = 0.6329
## H(Selected | C) = 1.8660
## mu_H = 0.3619
## mu_G = 0.4006

# Events: function name:time (nsec):arguments
## sortAttrs:time:#_features
## sortCases:time:#_features
## findBorder:time:#_features
'sortAttrs:36682377:35 'sortCases:14871890:35 'findBorder:12654987:35 'sortAttrs:4538943:3 'sortCases:832996:3 'findBorder:4984390:3 'sortAttrs:6165885:2 'sortCases:984610:2 'findBorder:1518312:2
