# Parameters
## Input file = kr-vs-kp.arff
## Output file = out/kr-vs-kp.arff-noise-0.9-bornfs.arff
## Algorithm = bornfs
## Sorting measure = negative noise
## Threshold = 0.9
## Level of detail of log = low

# Run-time
## Creating a dataset object = 257,431,786 nsec
## Sorting features = 443,644,752 nsec
## Sorting instances = 32,221,656 nsec
## Selecting features = 72,067,025 nsec

# 23features selected.
# Selected features
'attribute15 'attribute33 'attribute35 'attribute26 'attribute36 'attribute10 'attribute12 'attribute4 'attribute20 'attribute31 'attribute2 'attribute1 'attribute21 'attribute30 'attribute23 'attribute16 'attribute27 'attribute32 'attribute17 'attribute19 'attribute25 'attribute28 'attribute14

# Statistics
## Number of instances = 3196
## Number of features = 37
## H(C) = 0.9986
## H(Entire) = 11.6421
## H(Entire, C) = 11.6421
## I(Entire; C) = 0.9986
## H(Selected) = 7.9729
## H(Selected, C) = 8.0727
## I(Selected; C) = 0.8987
## H(Selected | C) = 7.0742
## mu_H = 0.2004
## mu_G = 0.3185

# Events: function name:time (nsec):arguments
## sortAttrs:time:#_features
## sortCases:time:#_features
## findBorder:time:#_features
'sortAttrs:45337951:35 'sortCases:16808366:35 'findBorder:22732623:35 'sortAttrs:26438884:27 'sortCases:2668820:27 'findBorder:5837526:27 'sortAttrs:22169982:25 'sortCases:853767:25 'findBorder:3982468:25 'sortAttrs:23282586:23 'sortCases:1061991:23 'findBorder:2190776:23 'sortAttrs:32315468:20 'sortCases:718572:20 'findBorder:3046318:20 'sortAttrs:22363612:19 'sortCases:792228:19 'findBorder:2156909:19 'sortAttrs:22909922:18 'sortCases:717086:18 'findBorder:1894356:18 'sortAttrs:21799202:17 'sortCases:788610:17 'findBorder:1865706:17 'sortAttrs:25413302:16 'sortCases:802559:16 'findBorder:2131409:16 'sortAttrs:23080602:15 'sortCases:632985:15 'findBorder:1629740:15 'sortAttrs:20318439:14 'sortCases:683526:14 'findBorder:2004697:14 'sortAttrs:21352570:13 'sortCases:684730:13 'findBorder:3026824:13 'sortAttrs:20487617:12 'sortCases:519660:12 'findBorder:2866277:12 'sortAttrs:24374981:11 'sortCases:429406:11 'findBorder:3027275:11 'sortAttrs:17281868:10 'sortCases:603783:10 'findBorder:3307183:10 'sortAttrs:17884892:9 'sortCases:462261:9 'findBorder:2603254:9 'sortAttrs:15074313:7 'sortCases:557964:7 'findBorder:1589363:7 'sortAttrs:12208522:6 'sortCases:297390:6 'findBorder:1171209:6 'sortAttrs:10057430:5 'sortCases:447360:5 'findBorder:1360299:5 'sortAttrs:6787523:4 'sortCases:431782:4 'findBorder:1316688:4 'sortAttrs:5862461:3 'sortCases:514299:3 'findBorder:974929:3 'sortAttrs:4797072:2 'sortCases:292517:2 'findBorder:1071721:2 'sortAttrs:2045553:0 'sortCases:451994:0 'findBorder:279475:0
