# Parameters
## Input file = madelon-10-disc.arff
## Output file = out/madelon-10-disc.arff-relevance-1.0-bornfs.arff
## Algorithm = bornfs
## Sorting measure = relevance
## Threshold = 1.0
## Level of detail of log = low

# Run-time
## Creating a dataset object = 763,930,862 nsec
## Sorting features = 8,172,845,609 nsec
## Sorting instances = 79,231,175 nsec
## Selecting features = 198,027,316 nsec

# 14features selected.
# Selected features
'feature-105 'feature-493 'feature-336 'feature-338 'feature-453 'feature-64 'feature-442 'feature-153 'feature-475 'feature-241 'feature-455 'feature-433 'feature-110 'feature-8

# Statistics
## Number of instances = 2000
## Number of features = 501
## H(C) = 1.0000
## H(Entire) = 10.9658
## H(Entire, C) = 10.9658
## I(Entire; C) = 1.0000
## H(Selected) = 10.9658
## H(Selected, C) = 10.9658
## I(Selected; C) = 1.0000
## H(Selected | C) = 9.9658
## mu_H = 0.1671
## mu_G = 0.3020

# Events: function name:time (nsec):arguments
## sortAttrs:time:#_features
## sortCases:time:#_features
## findBorder:time:#_features
'sortAttrs:287668469:499 'sortCases:50943239:499 'findBorder:79814174:499 'sortAttrs:397825214:498 'sortCases:6737152:498 'findBorder:21783295:498 'sortAttrs:394505262:497 'sortCases:5244110:497 'findBorder:17920997:497 'sortAttrs:375842317:496 'sortCases:3786678:496 'findBorder:15574470:496 'sortAttrs:387221339:495 'sortCases:3527761:495 'findBorder:13290501:495 'sortAttrs:496913361:494 'sortCases:2346996:494 'findBorder:11203004:494 'sortAttrs:602083785:493 'sortCases:1360790:493 'findBorder:6290218:493 'sortAttrs:707005814:492 'sortCases:1066550:492 'findBorder:5301856:492 'sortAttrs:804333164:491 'sortCases:988219:491 'findBorder:4631467:491 'sortAttrs:814240468:490 'sortCases:696203:490 'findBorder:4304933:490 'sortAttrs:783113273:489 'sortCases:542218:489 'findBorder:4411052:489 'sortAttrs:761615997:488 'sortCases:519916:488 'findBorder:4507412:488 'sortAttrs:771314455:487 'sortCases:529811:487 'findBorder:4620883:487 'sortAttrs:437319362:276 'sortCases:491703:276 'findBorder:4018625:276 'sortAttrs:151843329:98 'sortCases:449829:98 'findBorder:354429:98
