# Parameters
## Input file = mushroom.arff
## Output file = out/mushroom.arff-noise-0.6-bornfs.arff
## Algorithm = bornfs
## Sorting measure = negative noise
## Threshold = 0.6
## Level of detail of log = low

# Run-time
## Creating a dataset object = 376,315,709 nsec
## Sorting features = 132,730,474 nsec
## Sorting instances = 47,497,447 nsec
## Selecting features = 54,374,461 nsec

# 4features selected.
# Selected features
'gill-spacing 'gill-attachment 'bruises? 'cap-surface

# Statistics
## Number of instances = 8124
## Number of features = 23
## H(C) = 0.9991
## H(Entire) = 12.9880
## H(Entire, C) = 12.9880
## I(Entire; C) = 0.9991
## H(Selected) = 2.3200
## H(Selected, C) = 2.6559
## I(Selected; C) = 0.6632
## H(Selected | C) = 1.6568
## mu_H = 0.3996
## mu_G = 0.4356

# Events: function name:time (nsec):arguments
## sortAttrs:time:#_features
## sortCases:time:#_features
## findBorder:time:#_features
'sortAttrs:76885147:21 'sortCases:27301119:21 'findBorder:30482094:21 'sortAttrs:26190057:5 'sortCases:15126045:5 'findBorder:10561139:5 'sortAttrs:10104846:4 'sortCases:2071369:4 'findBorder:8235294:4 'sortAttrs:12714813:2 'sortCases:1753697:2 'findBorder:4078442:2 'sortAttrs:6835611:0 'sortCases:1245217:0 'findBorder:1017492:0
