# Parameters
## Input file = nova.arff
## Output file = out/nova.arff-ratio-0.8-bornfs.arff
## Algorithm = bornfs
## Sorting measure = ratio of relevance to noise
## Threshold = 0.8
## Level of detail of log = low

# Run-time
## Creating a dataset object = 877,590,339 nsec
## Sorting features = 8,247,526,343 nsec
## Sorting instances = 36,814,236 nsec
## Selecting features = 135,521,612 nsec

# 94features selected.
# Selected features
'attr13840 'attr9085 'attr8081 'attr13457 'attr9277 'attr8524 'attr9488 'attr10198 'attr6805 'attr5311 'attr9022 'attr10326 'attr11173 'attr2417 'attr16967 'attr3216 'attr1640 'attr901 'attr667 'attr884 'attr6954 'attr13332 'attr4207 'attr9876 'attr506 'attr5223 'attr4649 'attr4234 'attr622 'attr8954 'attr12096 'attr14654 'attr14126 'attr1969 'attr13045 'attr10346 'attr4287 'attr3330 'attr16287 'attr5435 'attr15043 'attr11497 'attr13531 'attr10807 'attr15384 'attr14079 'attr7135 'attr13666 'attr10398 'attr13103 'attr2242 'attr7804 'attr2791 'attr4137 'attr3255 'attr7098 'attr12012 'attr2523 'attr8508 'attr13365 'attr13433 'attr11206 'attr11175 'attr3716 'attr16265 'attr2792 'attr7117 'attr16316 'attr8609 'attr12949 'attr15290 'attr4377 'attr4473 'attr10766 'attr10328 'attr14152 'attr13054 'attr13871 'attr8943 'attr3996 'attr1269 'attr7953 'attr12056 'attr581 'attr13341 'attr3207 'attr9588 'attr7716 'attr1656 'attr7379 'attr14745 'attr16505 'attr9766 'attr2625

# Statistics
## Number of instances = 1754
## Number of features = 16970
## H(C) = 0.8615
## H(Entire) = 10.7753
## H(Entire, C) = 10.7753
## I(Entire; C) = 0.8615
## H(Selected) = 3.2537
## H(Selected, C) = 3.4260
## I(Selected; C) = 0.6892
## H(Selected | C) = 2.5645
## mu_H = 0.3350
## mu_G = 0.4117

# Events: function name:time (nsec):arguments
## sortAttrs:time:#_features
## sortCases:time:#_features
## findBorder:time:#_features
'sortAttrs:2671847710:16968 'sortCases:7554787:16968 'findBorder:19426487:16968 'sortAttrs:1037203447:4846 'sortCases:811490:4846 'findBorder:5577541:4846 'sortAttrs:694775154:4829 'sortCases:575753:4829 'findBorder:5387689:4829 'sortAttrs:774394427:4824 'sortCases:516952:4824 'findBorder:3873085:4824 'sortAttrs:52415600:252 'sortCases:402198:252 'findBorder:1854922:252 'sortAttrs:57099498:247 'sortCases:421604:247 'findBorder:1945274:247 'sortAttrs:57978949:245 'sortCases:429026:245 'findBorder:1892095:245 'sortAttrs:57751655:239 'sortCases:393886:239 'findBorder:1816455:239 'sortAttrs:67992003:233 'sortCases:462305:233 'findBorder:1881647:233 'sortAttrs:71535648:231 'sortCases:439623:231 'findBorder:1824559:231 'sortAttrs:70297583:229 'sortCases:458818:229 'findBorder:2002434:229 'sortAttrs:72359383:224 'sortCases:437039:224 'findBorder:1814616:224 'sortAttrs:67783573:218 'sortCases:433283:218 'findBorder:1754331:218 'sortAttrs:66294777:208 'sortCases:332466:208 'findBorder:1724485:208 'sortAttrs:67778856:199 'sortCases:355335:199 'findBorder:1551473:199 'sortAttrs:66448753:192 'sortCases:362066:192 'findBorder:1737089:192 'sortAttrs:69916961:190 'sortCases:501961:190 'findBorder:2507784:190 'sortAttrs:64829577:187 'sortCases:342008:187 'findBorder:1509865:187 'sortAttrs:63528400:184 'sortCases:348417:184 'findBorder:1718165:184 'sortAttrs:62584708:179 'sortCases:355399:179 'findBorder:1755111:179 'sortAttrs:61371606:175 'sortCases:307026:175 'findBorder:1716218:175 'sortAttrs:60074629:174 'sortCases:371126:174 'findBorder:1702523:174 'sortAttrs:61694022:173 'sortCases:414820:173 'findBorder:1628604:173 'sortAttrs:65098043:170 'sortCases:359264:170 'findBorder:1821939:170 'sortAttrs:61544721:168 'sortCases:364635:168 'findBorder:1607251:168 'sortAttrs:61974890:167 'sortCases:371668:167 'findBorder:1499628:167 'sortAttrs:61968676:166 'sortCases:366788:166 'findBorder:1625090:166 'sortAttrs:61509116:165 'sortCases:401487:165 'findBorder:1536470:165 'sortAttrs:61468071:164 'sortCases:335401:164 'findBorder:1442183:164 'sortAttrs:56714927:151 'sortCases:392531:151 'findBorder:1503154:151 'sortAttrs:56609694:150 'sortCases:386421:150 'findBorder:1326624:150 'sortAttrs:52221583:140 'sortCases:385912:140 'findBorder:1230869:140 'sortAttrs:57093629:137 'sortCases:342452:137 'findBorder:1297979:137 'sortAttrs:53490480:133 'sortCases:395153:133 'findBorder:1236361:133 'sortAttrs:48578534:129 'sortCases:414005:129 'findBorder:1377295:129 'sortAttrs:48352885:128 'sortCases:369666:128 'findBorder:1227914:128 'sortAttrs:42916287:119 'sortCases:327383:119 'findBorder:1242405:119 'sortAttrs:42805742:116 'sortCases:371004:116 'findBorder:1226543:116 'sortAttrs:42482462:114 'sortCases:344189:114 'findBorder:1270073:114 'sortAttrs:46229262:113 'sortCases:330447:113 'findBorder:1191582:113 'sortAttrs:40832888:110 'sortCases:334097:110 'findBorder:999407:110 'sortAttrs:38008751:103 'sortCases:357698:103 'findBorder:1001754:103 'sortAttrs:34500595:93 'sortCases:327092:93 'findBorder:996517:93 'sortAttrs:33629025:90 'sortCases:277992:90 'findBorder:1058837:90 'sortAttrs:31855489:86 'sortCases:271016:86 'findBorder:1057142:86 'sortAttrs:31321665:84 'sortCases:306090:84 'findBorder:912316:84 'sortAttrs:31171652:81 'sortCases:318906:81 'findBorder:995318:81 'sortAttrs:30121121:77 'sortCases:301304:77 'findBorder:1072906:77 'sortAttrs:30094537:76 'sortCases:310614:76 'findBorder:997415:76 'sortAttrs:29529915:74 'sortCases:319050:74 'findBorder:907440:74 'sortAttrs:27826069:70 'sortCases:327272:70 'findBorder:895270:70 'sortAttrs:26156203:65 'sortCases:278376:65 'findBorder:862481:65 'sortAttrs:23418221:60 'sortCases:281850:60 'findBorder:864971:60 'sortAttrs:24626870:59 'sortCases:264537:59 'findBorder:863305:59 'sortAttrs:23457092:58 'sortCases:275266:58 'findBorder:874901:58 'sortAttrs:23344907:57 'sortCases:261144:57 'findBorder:885169:57 'sortAttrs:22316494:55 'sortCases:351161:55 'findBorder:884472:55 'sortAttrs:21982953:53 'sortCases:253178:53 'findBorder:809173:53 'sortAttrs:20862050:51 'sortCases:259428:51 'findBorder:871518:51 'sortAttrs:20374530:50 'sortCases:217801:50 'findBorder:838047:50 'sortAttrs:20431099:49 'sortCases:224273:49 'findBorder:860339:49 'sortAttrs:18929944:48 'sortCases:238471:48 'findBorder:862258:48 'sortAttrs:18270306:46 'sortCases:260535:46 'findBorder:819081:46 'sortAttrs:24811542:45 'sortCases:274469:45 'findBorder:958771:45 'sortAttrs:20341635:44 'sortCases:242639:44 'findBorder:950750:44 'sortAttrs:19423131:43 'sortCases:233451:43 'findBorder:855126:43 'sortAttrs:18543266:42 'sortCases:211066:42 'findBorder:781757:42 'sortAttrs:17284397:39 'sortCases:232708:39 'findBorder:863919:39 'sortAttrs:17053682:38 'sortCases:224327:38 'findBorder:923504:38 'sortAttrs:16872618:37 'sortCases:246861:37 'findBorder:922985:37 'sortAttrs:15912199:35 'sortCases:240917:35 'findBorder:795438:35 'sortAttrs:14570651:32 'sortCases:225808:32 'findBorder:788228:32 'sortAttrs:12827610:28 'sortCases:225969:28 'findBorder:733379:28 'sortAttrs:11545240:25 'sortCases:234082:25 'findBorder:755989:25 'sortAttrs:10661698:23 'sortCases:220745:23 'findBorder:773555:23 'sortAttrs:10247951:22 'sortCases:201984:22 'findBorder:795237:22 'sortAttrs:9824526:21 'sortCases:208604:21 'findBorder:762752:21 'sortAttrs:9340719:20 'sortCases:210804:20 'findBorder:762367:20 'sortAttrs:8555885:18 'sortCases:215771:18 'findBorder:801462:18 'sortAttrs:8066713:17 'sortCases:213059:17 'findBorder:810438:17 'sortAttrs:7679900:16 'sortCases:210844:16 'findBorder:744571:16 'sortAttrs:7103912:15 'sortCases:208211:15 'findBorder:647814:15 'sortAttrs:6390965:13 'sortCases:208388:13 'findBorder:629259:13 'sortAttrs:5820819:12 'sortCases:223635:12 'findBorder:709454:12 'sortAttrs:5462186:11 'sortCases:188853:11 'findBorder:724341:11 'sortAttrs:5109420:10 'sortCases:235354:10 'findBorder:695406:10 'sortAttrs:4645491:9 'sortCases:212033:9 'findBorder:682375:9 'sortAttrs:4149230:8 'sortCases:206157:8 'findBorder:636250:8 'sortAttrs:3804524:7 'sortCases:208275:7 'findBorder:522345:7 'sortAttrs:2739252:5 'sortCases:209332:5 'findBorder:540954:5 'sortAttrs:2351986:4 'sortCases:195776:4 'findBorder:524630:4 'sortAttrs:1929729:3 'sortCases:211347:3 'findBorder:393187:3 'sortAttrs:1515443:2 'sortCases:188841:2 'findBorder:442343:2 'sortAttrs:861726:0 'sortCases:340981:0 'findBorder:137177:0
