# Parameters
## Input file = nova.arff
## Output file = out/nova.arff-ratio-0.9-bornfs.arff
## Algorithm = bornfs
## Sorting measure = ratio of relevance to noise
## Threshold = 0.9
## Level of detail of log = low

# Run-time
## Creating a dataset object = 945,931,302 nsec
## Sorting features = 32,808,599,413 nsec
## Sorting instances = 52,301,929 nsec
## Selecting features = 193,176,878 nsec

# 106features selected.
# Selected features
'attr3780 'attr2417 'attr7218 'attr2942 'attr12920 'attr226 'attr2833 'attr13840 'attr8565 'attr6685 'attr4473 'attr9022 'attr2513 'attr2385 'attr10784 'attr2019 'attr13457 'attr16967 'attr14278 'attr1640 'attr667 'attr6805 'attr13871 'attr14598 'attr2215 'attr8380 'attr4234 'attr9085 'attr5721 'attr8943 'attr1656 'attr10198 'attr9876 'attr4649 'attr4207 'attr2121 'attr14448 'attr5533 'attr884 'attr13671 'attr6402 'attr8954 'attr13045 'attr277 'attr1969 'attr2791 'attr5141 'attr14654 'attr978 'attr10346 'attr16085 'attr14126 'attr15088 'attr1694 'attr1056 'attr15525 'attr16265 'attr10805 'attr11497 'attr14425 'attr16287 'attr2996 'attr15043 'attr15722 'attr6212 'attr7804 'attr15384 'attr13103 'attr2242 'attr11206 'attr11175 'attr4287 'attr4137 'attr6665 'attr6516 'attr2552 'attr10297 'attr13434 'attr14734 'attr7117 'attr14745 'attr1269 'attr13365 'attr5435 'attr16316 'attr4077 'attr8609 'attr15750 'attr8508 'attr2625 'attr7255 'attr9588 'attr12949 'attr14247 'attr13341 'attr16505 'attr13150 'attr12056 'attr10766 'attr6259 'attr540 'attr7098 'attr7953 'attr13332 'attr7135 'attr13666

# Statistics
## Number of instances = 1754
## Number of features = 16970
## H(C) = 0.8615
## H(Entire) = 10.7753
## H(Entire, C) = 10.7753
## I(Entire; C) = 0.8615
## H(Selected) = 3.4558
## H(Selected, C) = 3.5419
## I(Selected; C) = 0.7754
## H(Selected | C) = 2.6804
## mu_H = 0.3592
## mu_G = 0.4494

# Events: function name:time (nsec):arguments
## sortAttrs:time:#_features
## sortCases:time:#_features
## findBorder:time:#_features
'sortAttrs:2714359164:16968 'sortCases:6267256:16968 'findBorder:16263735:16968 'sortAttrs:1135498836:5105 'sortCases:720931:5105 'findBorder:7108411:5105 'sortAttrs:758286804:5088 'sortCases:633088:5088 'findBorder:6633982:5088 'sortAttrs:789871366:5072 'sortCases:1063638:5072 'findBorder:5421595:5072 'sortAttrs:1063902701:5068 'sortCases:986754:5068 'findBorder:6729354:5068 'sortAttrs:1124715745:5066 'sortCases:957839:5066 'findBorder:5803193:5066 'sortAttrs:1119351072:5062 'sortCases:547124:5062 'findBorder:3066564:5062 'sortAttrs:1169239919:5054 'sortCases:885877:5054 'findBorder:5541738:5054 'sortAttrs:1416462537:5045 'sortCases:1016527:5045 'findBorder:5137114:5045 'sortAttrs:1478895759:5033 'sortCases:765482:5033 'findBorder:3600890:5033 'sortAttrs:1468138462:5025 'sortCases:541797:5025 'findBorder:2915542:5025 'sortAttrs:1619497894:4983 'sortCases:537490:4983 'findBorder:3265395:4983 'sortAttrs:1828523394:4982 'sortCases:566987:4982 'findBorder:2781974:4982 'sortAttrs:1799009528:4968 'sortCases:537381:4968 'findBorder:3194160:4968 'sortAttrs:1857227470:4966 'sortCases:493603:4966 'findBorder:2939505:4966 'sortAttrs:1812794509:4963 'sortCases:508711:4963 'findBorder:3147039:4963 'sortAttrs:1737536890:4947 'sortCases:439579:4947 'findBorder:2869778:4947 'sortAttrs:1752513863:4941 'sortCases:489244:4941 'findBorder:3121805:4941 'sortAttrs:1827643274:4934 'sortCases:460094:4934 'findBorder:3151791:4934 'sortAttrs:135466362:349 'sortCases:481688:349 'findBorder:2317371:349 'sortAttrs:137457012:344 'sortCases:527705:344 'findBorder:1952100:344 'sortAttrs:140250633:336 'sortCases:558690:336 'findBorder:1903192:336 'sortAttrs:137678713:332 'sortCases:519841:332 'findBorder:1957275:332 'sortAttrs:133349284:320 'sortCases:505929:320 'findBorder:1758072:320 'sortAttrs:121631010:285 'sortCases:464215:285 'findBorder:1636628:285 'sortAttrs:114009408:276 'sortCases:576035:276 'findBorder:1727957:276 'sortAttrs:113659778:273 'sortCases:492759:273 'findBorder:1626276:273 'sortAttrs:104732202:235 'sortCases:439964:235 'findBorder:1667144:235 'sortAttrs:97355156:234 'sortCases:472775:234 'findBorder:1659611:234 'sortAttrs:94439597:228 'sortCases:448606:228 'findBorder:1742757:228 'sortAttrs:91681429:222 'sortCases:492905:222 'findBorder:1605904:222 'sortAttrs:91856247:218 'sortCases:507493:218 'findBorder:1567135:218 'sortAttrs:85368712:206 'sortCases:542999:206 'findBorder:1650927:206 'sortAttrs:83017540:204 'sortCases:514647:204 'findBorder:1517960:204 'sortAttrs:83854792:201 'sortCases:503991:201 'findBorder:1529916:201 'sortAttrs:77755192:199 'sortCases:492243:199 'findBorder:1530029:199 'sortAttrs:78435566:195 'sortCases:459072:195 'findBorder:1590906:195 'sortAttrs:78076015:192 'sortCases:433070:192 'findBorder:1526954:192 'sortAttrs:76402498:186 'sortCases:1923251:186 'findBorder:1499947:186 'sortAttrs:77516711:181 'sortCases:451497:181 'findBorder:1487789:181 'sortAttrs:72006222:176 'sortCases:390200:176 'findBorder:1543673:176 'sortAttrs:70560475:175 'sortCases:445232:175 'findBorder:1470203:175 'sortAttrs:71657639:174 'sortCases:432728:174 'findBorder:1555192:174 'sortAttrs:68773484:169 'sortCases:415315:169 'findBorder:1483934:169 'sortAttrs:76004827:167 'sortCases:429435:167 'findBorder:1604788:167 'sortAttrs:68057987:165 'sortCases:436294:165 'findBorder:1302470:165 'sortAttrs:66970717:162 'sortCases:416678:162 'findBorder:1302666:162 'sortAttrs:66531810:159 'sortCases:445240:159 'findBorder:1281723:159 'sortAttrs:66226407:156 'sortCases:438543:156 'findBorder:1446090:156 'sortAttrs:66230768:155 'sortCases:425435:155 'findBorder:1326238:155 'sortAttrs:65137714:150 'sortCases:419155:150 'findBorder:1312538:150 'sortAttrs:61973410:141 'sortCases:448772:141 'findBorder:1267170:141 'sortAttrs:59627439:136 'sortCases:459799:136 'findBorder:1385705:136 'sortAttrs:59992948:135 'sortCases:428563:135 'findBorder:1418290:135 'sortAttrs:58859280:134 'sortCases:465665:134 'findBorder:1398117:134 'sortAttrs:58814709:132 'sortCases:434693:132 'findBorder:1453542:132 'sortAttrs:55774709:130 'sortCases:482066:130 'findBorder:1168669:130 'sortAttrs:54716799:124 'sortCases:406165:124 'findBorder:1302136:124 'sortAttrs:50185731:113 'sortCases:363219:113 'findBorder:1290396:113 'sortAttrs:48655699:108 'sortCases:429221:108 'findBorder:1196077:108 'sortAttrs:47062991:104 'sortCases:337253:104 'findBorder:1151443:104 'sortAttrs:52715726:95 'sortCases:355824:95 'findBorder:1173605:95 'sortAttrs:39943513:94 'sortCases:330436:94 'findBorder:1104055:94 'sortAttrs:40156012:93 'sortCases:357639:93 'findBorder:1071598:93 'sortAttrs:39602880:91 'sortCases:308345:91 'findBorder:919484:91 'sortAttrs:38145877:88 'sortCases:325312:88 'findBorder:921665:88 'sortAttrs:37203507:85 'sortCases:316575:85 'findBorder:946349:85 'sortAttrs:35641486:82 'sortCases:298102:82 'findBorder:939612:82 'sortAttrs:34901535:79 'sortCases:300998:79 'findBorder:896001:79 'sortAttrs:33445173:76 'sortCases:283195:76 'findBorder:890443:76 'sortAttrs:32028245:71 'sortCases:356484:71 'findBorder:1005611:71 'sortAttrs:30720394:67 'sortCases:315997:67 'findBorder:1011555:67 'sortAttrs:29987149:65 'sortCases:298617:65 'findBorder:1072195:65 'sortAttrs:29699624:64 'sortCases:292311:64 'findBorder:941000:64 'sortAttrs:25939155:56 'sortCases:287363:56 'findBorder:892985:56 'sortAttrs:25538480:55 'sortCases:291731:55 'findBorder:934505:55 'sortAttrs:24591122:54 'sortCases:296181:54 'findBorder:919642:54 'sortAttrs:24630864:53 'sortCases:278317:53 'findBorder:884648:53 'sortAttrs:21287717:45 'sortCases:298502:45 'findBorder:923710:45 'sortAttrs:20116636:43 'sortCases:265726:43 'findBorder:944068:43 'sortAttrs:18830148:42 'sortCases:274101:42 'findBorder:890440:42 'sortAttrs:18628519:41 'sortCases:269652:41 'findBorder:811882:41 'sortAttrs:17311015:38 'sortCases:283495:38 'findBorder:867408:38 'sortAttrs:16658796:36 'sortCases:286700:36 'findBorder:905665:36 'sortAttrs:16026300:34 'sortCases:281755:34 'findBorder:953889:34 'sortAttrs:15107091:33 'sortCases:267315:33 'findBorder:893794:33 'sortAttrs:23563627:31 'sortCases:359766:31 'findBorder:1004593:31 'sortAttrs:14931016:30 'sortCases:279011:30 'findBorder:794120:30 'sortAttrs:13974044:29 'sortCases:295741:29 'findBorder:767556:29 'sortAttrs:13336092:28 'sortCases:317513:28 'findBorder:845447:28 'sortAttrs:12649314:26 'sortCases:283669:26 'findBorder:846354:26 'sortAttrs:11018471:23 'sortCases:292993:23 'findBorder:817243:23 'sortAttrs:9173602:19 'sortCases:296770:19 'findBorder:789857:19 'sortAttrs:8134047:17 'sortCases:268174:17 'findBorder:757964:17 'sortAttrs:7427470:15 'sortCases:260574:15 'findBorder:676343:15 'sortAttrs:6977111:14 'sortCases:272707:14 'findBorder:687054:14 'sortAttrs:5633537:11 'sortCases:284669:11 'findBorder:557931:11 'sortAttrs:4221702:8 'sortCases:273601:8 'findBorder:678176:8 'sortAttrs:3774673:7 'sortCases:274580:7 'findBorder:545398:7 'sortAttrs:3253520:6 'sortCases:267198:6 'findBorder:532910:6 'sortAttrs:2844091:5 'sortCases:256430:5 'findBorder:544724:5 'sortAttrs:2332981:4 'sortCases:267813:4 'findBorder:560384:4 'sortAttrs:2009722:3 'sortCases:272698:3 'findBorder:415232:3 'sortAttrs:1462011:2 'sortCases:255103:2 'findBorder:412933:2 'sortAttrs:1067406:1 'sortCases:257452:1 'findBorder:284648:1 'sortAttrs:673203:0 'sortCases:266346:0 'findBorder:131727:0
