# Parameters
## Input file = spambase-disc.arff
## Output file = out/spambase-disc.arff-relevance-0.8-bornfs.arff
## Algorithm = bornfs
## Sorting measure = relevance
## Threshold = 0.8
## Level of detail of log = low

# Run-time
## Creating a dataset object = 279,928,088 nsec
## Sorting features = 226,638,301 nsec
## Sorting instances = 27,934,050 nsec
## Selecting features = 55,881,848 nsec

# 12features selected.
# Selected features
'word_freq_all 'word_freq_receive 'word_freq_our 'word_freq_000 'word_freq_money 'word_freq_george 'word_freq_free 'word_freq_your 'word_freq_remove 'word_freq_hp 'char_freq_$ 'capital_run_length_longest

# Statistics
## Number of instances = 4601
## Number of features = 58
## H(C) = 0.9674
## H(Entire) = 11.4334
## H(Entire, C) = 11.4434
## I(Entire; C) = 0.9574
## H(Selected) = 8.7742
## H(Selected, C) = 8.9333
## I(Selected; C) = 0.8083
## H(Selected | C) = 7.9659
## mu_H = 0.1661
## mu_G = 0.2789

# Events: function name:time (nsec):arguments
## sortAttrs:time:#_features
## sortCases:time:#_features
## findBorder:time:#_features
'sortAttrs:54370363:56 'sortCases:15773580:56 'findBorder:26118307:56 'sortAttrs:21409180:15 'sortCases:2060232:15 'findBorder:7193748:15 'sortAttrs:15282603:14 'sortCases:1125622:14 'findBorder:2628543:14 'sortAttrs:15544785:13 'sortCases:1349472:13 'findBorder:2752627:13 'sortAttrs:17807361:11 'sortCases:1013620:11 'findBorder:3017320:11 'sortAttrs:17499596:9 'sortCases:1535791:9 'findBorder:2628539:9 'sortAttrs:13381687:7 'sortCases:933193:7 'findBorder:1592005:7 'sortAttrs:15361223:6 'sortCases:953484:6 'findBorder:1565681:6 'sortAttrs:19020804:5 'sortCases:885603:5 'findBorder:1737531:5 'sortAttrs:16078418:4 'sortCases:813143:4 'findBorder:2274944:4 'sortAttrs:10145649:3 'sortCases:774709:3 'findBorder:2237767:3 'sortAttrs:10736632:2 'sortCases:715601:2 'findBorder:2134836:2
