# Parameters
## Input file = spambase-disc.arff
## Output file = out/spambase-disc.arff-relevance-0.6-bornfs.arff
## Algorithm = bornfs
## Sorting measure = relevance
## Threshold = 0.6
## Level of detail of log = low

# Run-time
## Creating a dataset object = 303,085,847 nsec
## Sorting features = 106,246,285 nsec
## Sorting instances = 21,908,830 nsec
## Selecting features = 26,398,242 nsec

# 4features selected.
# Selected features
'word_freq_mail 'word_freq_remove 'word_freq_3d 'word_freq_all

# Statistics
## Number of instances = 4601
## Number of features = 58
## H(C) = 0.9674
## H(Entire) = 11.4334
## H(Entire, C) = 11.4434
## I(Entire; C) = 0.9574
## H(Selected) = 4.2665
## H(Selected, C) = 4.6470
## I(Selected; C) = 0.5869
## H(Selected | C) = 3.6796
## mu_H = 0.2247
## mu_G = 0.2904

# Events: function name:time (nsec):arguments
## sortAttrs:time:#_features
## sortCases:time:#_features
## findBorder:time:#_features
'sortAttrs:66689609:56 'sortCases:17405233:56 'findBorder:19693395:56 'sortAttrs:13936237:8 'sortCases:1191898:8 'findBorder:3637886:8 'sortAttrs:10389627:5 'sortCases:918470:5 'findBorder:1305043:5 'sortAttrs:7455021:2 'sortCases:845410:2 'findBorder:1224517:2 'sortAttrs:7775791:1 'sortCases:1547819:1 'findBorder:537401:1
