# Parameters
## Input file = datasets/ada-10-disc.arff.1.0.out.arff
## Output file = datasets/ada-10-disc.arff.1.0.out.arff.0.6.out.arff
## Threshold = 0.6
## Level of detail of log = hi

# Run-time
## Creating a dataset object = 293 msec.
## Selecting features = 366 msec.

# Selected features
'attr39 'attr40 'attr24 'attr31 'attr30 'attr43 'attr14

# Statistics
## Number of instances = 4147
## Number of features = 29
## H(C) = 0.8083
## H(Entire) = 11.6324
## H(Entire, C) = 11.7072
## I(Entire; C) = 0.7335
## H(Selected) = 8.2085
## H(Selected, C) = 8.5767
## I(Selected; C) = 0.4401
## H(Selected | C) = 7.7684
## mu_H = 0.0984
## mu_G = 0.1794
## Entropy of features
0:0.3773 1:0.5331 2:1.4744 3:0.2694 4:0.4821 5:0.2850 6:0.1415 7:0.5507 8:0.1890 9:0.2566 10:0.5851 11:0.3502 12:0.2346 13:0.8234 14:0.5839 15:0.5310 16:0.5692 17:0.3587 18:0.1895 19:0.4903 20:0.5864 21:0.9113 22:0.8363 23:0.9772 24:0.9962 25:2.1995 26:2.0909 27:2.7831

## Entropy of features and labels
0:1.1855 1:1.3404 2:2.2816 3:1.0775 4:1.2886 5:1.0924 6:0.9491 7:1.3581 8:0.9932 9:1.0600 10:1.3779 11:1.1508 12:1.0330 13:1.6237 14:1.3848 15:1.3344 16:1.3546 17:1.1470 18:0.9500 19:1.2702 20:1.3706 21:1.6823 22:1.6033 23:1.6525 24:1.6365 25:2.9445 26:2.8047 27:3.4947

