# Parameters
## Input file = datasets/ada-10-disc.arff.0.6.out.arff
## Output file = datasets/ada-10-disc.arff.0.6.out.arff.0.9.out.arff
## Threshold = 0.9
## Level of detail of log = hi

# Run-time
## Creating a dataset object = 209 msec.
## Selecting features = 208 msec.

# Selected features
'attr39 'attr14 'attr24 'attr30 'attr43

# Statistics
## Number of instances = 4147
## Number of features = 9
## H(C) = 0.8083
## H(Entire) = 8.3470
## H(Entire, C) = 8.7131
## I(Entire; C) = 0.4423
## H(Selected) = 7.6932
## H(Selected, C) = 8.0974
## I(Selected; C) = 0.4041
## H(Selected | C) = 7.2891
## mu_H = 0.0993
## mu_G = 0.2191
## Entropy of features
0:2.1995 1:0.5864 2:2.0909 3:0.1895 4:2.7831 5:0.9088 6:0.9772 7:0.9962

## Entropy of features and labels
0:2.9445 1:1.3470 2:2.8047 3:0.9500 4:3.4947 5:1.6158 6:1.6525 7:1.6365

