# Parameters
## Input file = datasets/ada-10-disc.arff.0.9.out.arff
## Output file = datasets/ada-10-disc.arff.0.9.out.arff.1.0.out.arff
## Threshold = 1.0
## Level of detail of log = hi

# Run-time
## Creating a dataset object = 255 msec.
## Selecting features = 1012 msec.

# Selected features
'attr11 'attr32 'attr34 'attr23 'attr1 'attr22 'attr16 'attr18 'attr2 'attr29 'attr35 'attr8 'attr7 'attr9 'attr15 'attr41 'attr45 'attr40 'attr31 'attr39 'attr30 'attr26 'attr43 'attr14 'attr24

# Statistics
## Number of instances = 4147
## Number of features = 26
## H(C) = 0.8083
## H(Entire) = 11.1463
## H(Entire, C) = 11.2944
## I(Entire; C) = 0.6602
## H(Selected) = 11.1463
## H(Selected, C) = 11.2944
## I(Selected; C) = 0.6602
## H(Selected | C) = 10.4861
## mu_H = 0.1118
## mu_G = 0.2434
## Entropy of features
0:0.1415 1:0.4821 2:0.2245 3:0.4387 4:0.1890 5:0.2566 6:0.3502 7:0.8234 8:0.5310 9:0.5851 10:0.2346 11:0.5692 12:0.5839 13:0.3587 14:0.9113 15:0.4903 16:0.5864 17:0.8363 18:0.1895 19:2.1995 20:0.9772 21:0.9088 22:0.9962 23:2.0909 24:2.7831

## Entropy of features and labels
0:0.9491 1:1.2886 2:1.0303 3:1.2406 4:0.9932 5:1.0600 6:1.1508 7:1.6237 8:1.3344 9:1.3779 10:1.0330 11:1.3546 12:1.3848 13:1.1470 14:1.6823 15:1.2702 16:1.3706 17:1.6033 18:0.9500 19:2.9445 20:1.6525 21:1.6158 22:1.6365 23:2.8047 24:3.4947

