# Parameters
## Input file = datasets/ada-10-disc.arff.0.7.out.arff
## Output file = datasets/ada-10-disc.arff.0.7.out.arff.0.9.out.arff
## Threshold = 0.9
## Level of detail of log = hi

# Run-time
## Creating a dataset object = 217 msec.
## Selecting features = 384 msec.

# Selected features
'attr15 'attr41 'attr39 'attr6 'attr14 'attr31 'attr24 'attr26 'attr43

# Statistics
## Number of instances = 4147
## Number of features = 12
## H(C) = 0.8083
## H(Entire) = 9.5453
## H(Entire, C) = 9.8372
## I(Entire; C) = 0.5164
## H(Selected) = 9.0209
## H(Selected, C) = 9.3621
## I(Selected; C) = 0.4671
## H(Selected | C) = 8.5538
## mu_H = 0.0979
## mu_G = 0.2164
## Entropy of features
0:0.5864 1:0.3587 2:0.9113 3:0.4903 4:2.1995 5:0.5864 6:0.1895 7:2.0909 8:0.9088 9:2.7831 10:0.9962

## Entropy of features and labels
0:1.3706 1:1.1470 2:1.6823 3:1.2702 4:2.9445 5:1.3470 6:0.9500 7:2.8047 8:1.6158 9:3.4947 10:1.6365

