# Parameters
## Input file = datasets/ada-10-disc.arff.0.5.out.arff
## Output file = datasets/ada-10-disc.arff.0.5.out.arff.0.8.out.arff
## Threshold = 0.8
## Level of detail of log = hi

# Run-time
## Creating a dataset object = 202 msec.
## Selecting features = 78 msec.

# Selected features
'attr24 'attr14 'attr43

# Statistics
## Number of instances = 4147
## Number of features = 5
## H(C) = 0.8083
## H(Entire) = 7.5211
## H(Entire, C) = 7.9420
## I(Entire; C) = 0.3874
## H(Selected) = 5.6662
## H(Selected, C) = 6.1632
## I(Selected; C) = 0.3113
## H(Selected | C) = 5.3549
## mu_H = 0.1029
## mu_G = 0.2102
## Entropy of features
0:2.1995 1:2.0909 2:2.7831 3:0.9962

## Entropy of features and labels
0:2.9445 1:2.8047 2:3.4947 3:1.6365

